#
# A fatal error has been detected by the Java Runtime Environment:
#
#  EXCEPTION_ACCESS_VIOLATION (0xc0000005) at pc=0x0000000055003c70, pid=11432, tid=0x0000000000004c1c
#
# JRE version: Java(TM) SE Runtime Environment (8.0_111-b14) (build 1.8.0_111-b14)
# Java VM: Java HotSpot(TM) 64-Bit Server VM (25.111-b14 mixed mode windows-amd64 compressed oops)
# Problematic frame:
# V  [jvm.dll+0x33c70]
#
# Failed to write core dump. Minidumps are not enabled by default on client versions of Windows
#
# If you would like to submit a bug report, please visit:
#   http://bugreport.java.com/bugreport/crash.jsp
#

---------------  T H R E A D  ---------------

Current thread (0x0000000026eca800):  JavaThread "C2 CompilerThread1" daemon [_thread_in_vm, id=19484, stack(0x0000000028930000,0x0000000028a30000)]

siginfo: ExceptionCode=0xc0000005, reading address 0x0000000000000010

Registers:
RAX=0x0000000000000000, RBX=0x0000000000000000, RCX=0x0000000000000a80, RDX=0x000000000000000f
RSP=0x0000000028a2cd40, RBP=0x000000000252b390, RSI=0x0000000000000000, RDI=0x0000000026eca800
R8 =0x00000000557c1778, R9 =0x000000000252b390, R10=0x000000002921d720, R11=0x0000000000000000
R12=0x0000000000000011, R13=0x0000000000000001, R14=0x0000000000000000, R15=0x00000000271c0f58
RIP=0x0000000055003c70, EFLAGS=0x0000000000010246

Top of Stack: (sp=0x0000000028a2cd40)
0x0000000028a2cd40:   000000002921dfc0 0000000000000000
0x0000000028a2cd50:   00000000290e8e20 0000000000000005
0x0000000028a2cd60:   000000002921dfc0 000000005550045c
0x0000000028a2cd70:   000000000252b390 000000000252b390
0x0000000028a2cd80:   0000000000000000 00000000550002ae
0x0000000028a2cd90:   000000002c031170 0000000000000000
0x0000000028a2cda0:   0000000000000000 00000000555009a4
0x0000000028a2cdb0:   0000000000000001 0000000000000005
0x0000000028a2cdc0:   000000002921dfc0 000000000252b390
0x0000000028a2cdd0:   0000000000000001 0000000000000000
0x0000000028a2cde0:   0000000000000078 0000000000000000
0x0000000028a2cdf0:   0000000000000000 000000007fffffff
0x0000000028a2ce00:   0000000000000582 0000000000000000
0x0000000028a2ce10:   0000000000000001 0000000055500fb2
0x0000000028a2ce20:   0000000000000000 000000002921d720
0x0000000028a2ce30:   0000000000000078 0000000000000020 

Instructions: (pc=0x0000000055003c70)
0x0000000055003c50:   85 c0 75 0a 8b 47 30 a9 00 00 00 30 74 08 48 8b
0x0000000055003c60:   cf e8 5a e9 20 00 c7 87 70 02 00 00 06 00 00 00
0x0000000055003c70:   48 8b 43 10 8b 0d ae cb 77 00 48 8b 18 ff 15 6d
0x0000000055003c80:   77 5a 00 48 8b cb 48 8b b0 d0 03 00 00 e8 ce 45 


Register to memory mapping:

RAX=0x0000000000000000 is an unknown value
RBX=0x0000000000000000 is an unknown value
RCX=0x0000000000000a80 is an unknown value
RDX=0x000000000000000f is an unknown value
RSP=0x0000000028a2cd40 is pointing into the stack for thread: 0x0000000026eca800
RBP=0x000000000252b390 is an unknown value
RSI=0x0000000000000000 is an unknown value
RDI=0x0000000026eca800 is a thread
R8 =0x00000000557c1778 is an unknown value
R9 =0x000000000252b390 is an unknown value
R10=0x000000002921d720 is an unknown value
R11=0x0000000000000000 is an unknown value
R12=0x0000000000000011 is an unknown value
R13=0x0000000000000001 is an unknown value
R14=0x0000000000000000 is an unknown value
R15=0x00000000271c0f58 is an unknown value


Stack: [0x0000000028930000,0x0000000028a30000],  sp=0x0000000028a2cd40,  free space=1011k
Native frames: (J=compiled Java code, j=interpreted, Vv=VM code, C=native code)
V  [jvm.dll+0x33c70]
V  [jvm.dll+0x53045c]
V  [jvm.dll+0x5309a4]
V  [jvm.dll+0x530fb2]
V  [jvm.dll+0x44fd23]
V  [jvm.dll+0x50e20b]
V  [jvm.dll+0x48e68a]
V  [jvm.dll+0x4b370c]
V  [jvm.dll+0x4b9881]
V  [jvm.dll+0x4b9e50]
V  [jvm.dll+0x47efc6]
V  [jvm.dll+0x508387]
V  [jvm.dll+0x500ee7]
V  [jvm.dll+0x501269]
V  [jvm.dll+0x5017ff]
V  [jvm.dll+0x459900]
V  [jvm.dll+0x47efc6]
V  [jvm.dll+0x508387]
V  [jvm.dll+0x500ee7]
V  [jvm.dll+0x501269]
V  [jvm.dll+0x5017ff]
V  [jvm.dll+0x459900]
V  [jvm.dll+0x47efc6]
V  [jvm.dll+0x508387]
V  [jvm.dll+0x500ee7]
V  [jvm.dll+0x501269]
V  [jvm.dll+0x5017ff]
V  [jvm.dll+0x459900]
V  [jvm.dll+0x47efc6]
V  [jvm.dll+0x508387]
V  [jvm.dll+0x500ee7]
V  [jvm.dll+0x501269]
V  [jvm.dll+0x5017ff]
V  [jvm.dll+0x459900]
V  [jvm.dll+0x475d85]
V  [jvm.dll+0x4589b2]
V  [jvm.dll+0xa5742]
V  [jvm.dll+0xa607f]
V  [jvm.dll+0x244b7f]
V  [jvm.dll+0x29c43a]
C  [msvcr100.dll+0x21d9f]
C  [msvcr100.dll+0x21e3b]
C  [KERNEL32.DLL+0x17034]
C  [ntdll.dll+0x4cec1]


Current CompileTask:
C2: 104572  877 %     4       game.Build.Map.Map::GenerateMountains @ 43 (489 bytes)


---------------  P R O C E S S  ---------------

Java Threads: ( => current thread )
  0x00000000291bd000 JavaThread "org.netbeans.modules.debugger.jpda.visual AWT Access Loop" daemon [_thread_blocked, id=20200, stack(0x000000002aa70000,0x000000002ab70000)]
  0x00000000290e2800 JavaThread "AWT-EventQueue-0" [_thread_blocked, id=6624, stack(0x0000000029cd0000,0x0000000029dd0000)]
  0x00000000290cb000 JavaThread "AWT-Windows" daemon [_thread_in_native, id=16664, stack(0x00000000299c0000,0x0000000029ac0000)]
  0x00000000290c8000 JavaThread "AWT-Shutdown" [_thread_blocked, id=16756, stack(0x00000000298c0000,0x00000000299c0000)]
  0x00000000290c7000 JavaThread "Java2D Disposer" daemon [_thread_blocked, id=19916, stack(0x00000000297a0000,0x00000000298a0000)]
  0x0000000026f60800 JavaThread "Service Thread" daemon [_thread_blocked, id=13980, stack(0x0000000028c30000,0x0000000028d30000)]
  0x0000000026ed0000 JavaThread "C1 CompilerThread3" daemon [_thread_blocked, id=24328, stack(0x0000000028b30000,0x0000000028c30000)]
  0x0000000026ecd000 JavaThread "C2 CompilerThread2" daemon [_thread_in_vm, id=11440, stack(0x0000000028a30000,0x0000000028b30000)]
=>0x0000000026eca800 JavaThread "C2 CompilerThread1" daemon [_thread_in_vm, id=19484, stack(0x0000000028930000,0x0000000028a30000)]
  0x0000000026ec5800 JavaThread "C2 CompilerThread0" daemon [_thread_in_vm, id=10012, stack(0x0000000028830000,0x0000000028930000)]
  0x0000000026ebb000 JavaThread "JDWP Command Reader" daemon [_thread_blocked, id=11852, stack(0x0000000028730000,0x0000000028830000)]
  0x0000000026eb6000 JavaThread "JDWP Event Helper Thread" daemon [_thread_blocked, id=3588, stack(0x0000000028630000,0x0000000028730000)]
  0x0000000026ea9000 JavaThread "JDWP Transport Listener: dt_shmem" daemon [_thread_blocked, id=4448, stack(0x0000000028530000,0x0000000028630000)]
  0x0000000026e9d800 JavaThread "Attach Listener" daemon [_thread_blocked, id=3388, stack(0x0000000028420000,0x0000000028520000)]
  0x0000000026e9b800 JavaThread "Signal Dispatcher" daemon [_thread_blocked, id=7148, stack(0x0000000028320000,0x0000000028420000)]
  0x0000000026e93000 JavaThread "Finalizer" daemon [_thread_blocked, id=15728, stack(0x0000000028100000,0x0000000028200000)]
  0x000000000261b000 JavaThread "Reference Handler" daemon [_thread_blocked, id=22808, stack(0x0000000028000000,0x0000000028100000)]
  0x0000000002522800 JavaThread "main" [_thread_blocked, id=14488, stack(0x00000000023e0000,0x00000000024e0000)]

Other Threads:
  0x00000000257b6800 VMThread [stack: 0x0000000027f00000,0x0000000028000000] [id=20880]
  0x0000000026f65000 WatcherThread [stack: 0x0000000028ea0000,0x0000000028fa0000] [id=17928]

VM state:synchronizing (normal execution)

VM Mutex/Monitor currently owned by a thread:  ([mutex/lock_event])
[0x000000000251e440] Threads_lock - owner thread: 0x00000000257b6800
[0x000000000251e2c0] Heap_lock - owner thread: 0x0000000002522800

Heap:
 PSYoungGen      total 152576K, used 131072K [0x0000000716200000, 0x0000000720c00000, 0x00000007c0000000)
  eden space 131072K, 100% used [0x0000000716200000,0x000000071e200000,0x000000071e200000)
  from space 21504K, 0% used [0x000000071f700000,0x000000071f700000,0x0000000720c00000)
  to   space 21504K, 0% used [0x000000071e200000,0x000000071e200000,0x000000071f700000)
 ParOldGen       total 348160K, used 0K [0x00000005c2600000, 0x00000005d7a00000, 0x0000000716200000)
  object space 348160K, 0% used [0x00000005c2600000,0x00000005c2600000,0x00000005d7a00000)
 Metaspace       used 9889K, capacity 10130K, committed 10496K, reserved 1058816K
  class space    used 1093K, capacity 1159K, committed 1280K, reserved 1048576K

Card table byte_map: [0x00000000119e0000,0x00000000129d0000] byte_map_base: 0x000000000ebcd000

Marking Bits: (ParMarkBitMap*) 0x00000000557ea6c0
 Begin Bits: [0x0000000013e70000, 0x000000001bdd8000)
 End Bits:   [0x000000001bdd8000, 0x0000000023d40000)

Polling page: 0x0000000000ab0000

CodeCache: size=245760Kb used=3251Kb max_used=3262Kb free=242508Kb
 bounds [0x0000000002620000, 0x0000000002960000, 0x0000000011620000]
 total_blobs=1328 nmethods=877 adapters=372
 compilation: enabled

Compilation events (10 events):
Event: 103.873 Thread 0x0000000026ed0000 nmethod 872 0x0000000002943c90 code [0x0000000002943e20, 0x0000000002944210]
Event: 103.874 Thread 0x0000000026ed0000  873       3       game.Build.Map.Map::getRandomMountainPosition (73 bytes)
Event: 103.874 Thread 0x0000000026ed0000 nmethod 873 0x0000000002945cd0 code [0x0000000002945f40, 0x0000000002946cd8]
Event: 103.875 Thread 0x0000000026ecd000  874       4       org.joml.Random$Xorshiro128::nextSplitMix64 (43 bytes)
Event: 103.875 Thread 0x0000000026ecd000 nmethod 874 0x0000000002940b90 code [0x0000000002940cc0, 0x0000000002940d78]
Event: 103.882 Thread 0x0000000026ed0000  875 %     3       game.Build.Map.Map::GenerateMountains @ 43 (489 bytes)
Event: 103.883 Thread 0x0000000026ed0000 nmethod 875% 0x000000000294a3d0 code [0x000000000294a700, 0x000000000294c4e8]
Event: 103.884 Thread 0x0000000026ed0000  876       3       game.Build.Map.Map::GenerateMountains (489 bytes)
Event: 103.885 Thread 0x0000000026ed0000 nmethod 876 0x000000000294d2d0 code [0x000000000294d6a0, 0x000000000294fbd8]
Event: 103.886 Thread 0x0000000026eca800  877 %     4       game.Build.Map.Map::GenerateMountains @ 43 (489 bytes)

GC Heap History (0 events):
No events

Deoptimization events (10 events):
Event: 0.803 Thread 0x0000000002522800 Uncommon trap: reason=unstable_if action=reinterpret pc=0x00000000027f63d4 method=game.Build.Window.loop()V @ 24
Event: 0.849 Thread 0x0000000002522800 Uncommon trap: reason=unstable_if action=reinterpret pc=0x0000000002810b38 method=java.lang.String.indexOf([CII[CIII)I @ 134
Event: 0.872 Thread 0x0000000002522800 Uncommon trap: reason=class_check action=maybe_recompile pc=0x00000000027a9b44 method=java.lang.String.equals(Ljava/lang/Object;)Z @ 8
Event: 0.872 Thread 0x0000000002522800 Uncommon trap: reason=class_check action=maybe_recompile pc=0x00000000027a9b44 method=java.lang.String.equals(Ljava/lang/Object;)Z @ 8
Event: 0.872 Thread 0x0000000002522800 Uncommon trap: reason=class_check action=maybe_recompile pc=0x00000000027a9b44 method=java.lang.String.equals(Ljava/lang/Object;)Z @ 8
Event: 0.872 Thread 0x0000000002522800 Uncommon trap: reason=class_check action=maybe_recompile pc=0x00000000027a9b44 method=java.lang.String.equals(Ljava/lang/Object;)Z @ 8
Event: 0.980 Thread 0x0000000002522800 Uncommon trap: reason=unstable_if action=reinterpret pc=0x000000000280b150 method=java.lang.CharacterData.of(I)Ljava/lang/CharacterData; @ 4
Event: 0.987 Thread 0x0000000002522800 Uncommon trap: reason=unstable_if action=reinterpret pc=0x00000000028bf0bc method=java.lang.Character.isSurrogate(C)Z @ 3
Event: 2.039 Thread 0x0000000002522800 Uncommon trap: reason=unstable_if action=reinterpret pc=0x00000000028cfdc0 method=java.nio.channels.spi.AbstractInterruptibleChannel.end(Z)V @ 31
Event: 2.039 Thread 0x0000000002522800 Uncommon trap: reason=unstable_if action=reinterpret pc=0x00000000028f6b5c method=java.lang.StringCoding$StringDecoder.decode([BII)[C @ 20

Internal exceptions (10 events):
Event: 0.521 Thread 0x0000000002522800 Exception <a 'java/security/PrivilegedActionException'> (0x00000007162a1570) thrown at [C:\re\workspace\8-2-build-windows-amd64-cygwin\jdk8u111\7883\hotspot\src\share\vm\prims\jvm.cpp, line 1386]
Event: 0.526 Thread 0x0000000002522800 Exception <a 'java/io/FileNotFoundException'> (0x00000007162a4500) thrown at [C:\re\workspace\8-2-build-windows-amd64-cygwin\jdk8u111\7883\hotspot\src\share\vm\prims\jni.cpp, line 709]
Event: 0.560 Thread 0x0000000002522800 Exception <a 'java/lang/NoSuchFieldError': method resolution failed> (0x0000000716371808) thrown at [C:\re\workspace\8-2-build-windows-amd64-cygwin\jdk8u111\7883\hotspot\src\share\vm\prims\methodHandles.cpp, line 1146]
Event: 0.561 Thread 0x0000000002522800 Exception <a 'java/lang/NoSuchFieldError': method resolution failed> (0x000000071637ebd8) thrown at [C:\re\workspace\8-2-build-windows-amd64-cygwin\jdk8u111\7883\hotspot\src\share\vm\prims\methodHandles.cpp, line 1146]
Event: 0.640 Thread 0x0000000002522800 Exception <a 'java/io/FileNotFoundException'> (0x0000000716416220) thrown at [C:\re\workspace\8-2-build-windows-amd64-cygwin\jdk8u111\7883\hotspot\src\share\vm\prims\jni.cpp, line 709]
Event: 0.654 Thread 0x0000000002522800 Implicit null exception at 0x000000000278a127 to 0x000000000278a3c9
Event: 0.843 Thread 0x0000000002522800 Exception <a 'java/io/FileNotFoundException'> (0x0000000717bd4100) thrown at [C:\re\workspace\8-2-build-windows-amd64-cygwin\jdk8u111\7883\hotspot\src\share\vm\prims\jni.cpp, line 709]
Event: 0.852 Thread 0x0000000002522800 Exception <a 'java/io/FileNotFoundException'> (0x0000000717c1abf0) thrown at [C:\re\workspace\8-2-build-windows-amd64-cygwin\jdk8u111\7883\hotspot\src\share\vm\prims\jni.cpp, line 709]
Event: 0.858 Thread 0x0000000002522800 Exception <a 'java/io/FileNotFoundException'> (0x0000000717c67420) thrown at [C:\re\workspace\8-2-build-windows-amd64-cygwin\jdk8u111\7883\hotspot\src\share\vm\prims\jni.cpp, line 709]
Event: 0.865 Thread 0x0000000002522800 Exception <a 'java/io/FileNotFoundException'> (0x0000000717caed10) thrown at [C:\re\workspace\8-2-build-windows-amd64-cygwin\jdk8u111\7883\hotspot\src\share\vm\prims\jni.cpp, line 709]

Events (10 events):
Event: 99.609 Executing VM operation: GetOrSetLocal
Event: 99.609 Executing VM operation: GetOrSetLocal done
Event: 99.609 Executing VM operation: GetOrSetLocal
Event: 99.609 Executing VM operation: GetOrSetLocal done
Event: 99.610 Executing VM operation: GetOrSetLocal
Event: 99.610 Executing VM operation: GetOrSetLocal done
Event: 99.610 Executing VM operation: GetOrSetLocal
Event: 99.610 Executing VM operation: GetOrSetLocal done
Event: 102.077 Executing VM operation: ChangeBreakpoints
Event: 102.077 Executing VM operation: ChangeBreakpoints done


Dynamic libraries:
0x00007ff79d960000 - 0x00007ff79d997000 	C:\Program Files\Java\jdk1.8.0_111\jre\bin\java.exe
0x00007ffe4e030000 - 0x00007ffe4e226000 	C:\WINDOWS\SYSTEM32\ntdll.dll
0x00007ffe4caa0000 - 0x00007ffe4cb5d000 	C:\WINDOWS\System32\KERNEL32.DLL
0x00007ffe4b960000 - 0x00007ffe4bc28000 	C:\WINDOWS\System32\KERNELBASE.dll
0x00007ffe4c6f0000 - 0x00007ffe4c79a000 	C:\WINDOWS\System32\ADVAPI32.dll
0x00007ffe4c0a0000 - 0x00007ffe4c13e000 	C:\WINDOWS\System32\msvcrt.dll
0x00007ffe4deb0000 - 0x00007ffe4df4b000 	C:\WINDOWS\System32\sechost.dll
0x00007ffe4c900000 - 0x00007ffe4ca24000 	C:\WINDOWS\System32\RPCRT4.dll
0x00007ffe4cfe0000 - 0x00007ffe4d180000 	C:\WINDOWS\System32\USER32.dll
0x00007ffe4c040000 - 0x00007ffe4c062000 	C:\WINDOWS\System32\win32u.dll
0x00007ffe4c610000 - 0x00007ffe4c63a000 	C:\WINDOWS\System32\GDI32.dll
0x00007ffe4bc80000 - 0x00007ffe4bd89000 	C:\WINDOWS\System32\gdi32full.dll
0x00007ffe4bef0000 - 0x00007ffe4bf8d000 	C:\WINDOWS\System32\msvcp_win.dll
0x00007ffe4b860000 - 0x00007ffe4b960000 	C:\WINDOWS\System32\ucrtbase.dll
0x00007ffe1a910000 - 0x00007ffe1abab000 	C:\WINDOWS\WinSxS\amd64_microsoft.windows.common-controls_6595b64144ccf1df_6.0.19041.488_none_ca04af081b815d21\COMCTL32.dll
0x00007ffe4c4c0000 - 0x00007ffe4c4f0000 	C:\WINDOWS\System32\IMM32.DLL
0x0000000054ef0000 - 0x0000000054fc2000 	C:\Program Files\Java\jdk1.8.0_111\jre\bin\msvcr100.dll
0x0000000054fd0000 - 0x000000005586a000 	C:\Program Files\Java\jdk1.8.0_111\jre\bin\server\jvm.dll
0x00007ffe4df50000 - 0x00007ffe4df58000 	C:\WINDOWS\System32\PSAPI.DLL
0x00007ffe491d0000 - 0x00007ffe491d9000 	C:\WINDOWS\SYSTEM32\WSOCK32.dll
0x00007ffe414f0000 - 0x00007ffe41517000 	C:\WINDOWS\SYSTEM32\WINMM.dll
0x00007ffe45db0000 - 0x00007ffe45dba000 	C:\WINDOWS\SYSTEM32\VERSION.dll
0x00007ffe4ca30000 - 0x00007ffe4ca9b000 	C:\WINDOWS\System32\WS2_32.dll
0x0000000057910000 - 0x000000005791f000 	C:\Program Files\Java\jdk1.8.0_111\jre\bin\verify.dll
0x0000000057450000 - 0x0000000057479000 	C:\Program Files\Java\jdk1.8.0_111\jre\bin\java.dll
0x0000000054bc0000 - 0x0000000054bf5000 	C:\Program Files\Java\jdk1.8.0_111\jre\bin\jdwp.dll
0x0000000054bb0000 - 0x0000000054bb8000 	C:\Program Files\Java\jdk1.8.0_111\jre\bin\npt.dll
0x0000000056b80000 - 0x0000000056b96000 	C:\Program Files\Java\jdk1.8.0_111\jre\bin\zip.dll
0x00007ffe4d230000 - 0x00007ffe4d970000 	C:\WINDOWS\System32\SHELL32.dll
0x00007ffe498b0000 - 0x00007ffe4a044000 	C:\WINDOWS\SYSTEM32\windows.storage.dll
0x00007ffe4c160000 - 0x00007ffe4c4b5000 	C:\WINDOWS\System32\combase.dll
0x00007ffe4b120000 - 0x00007ffe4b14c000 	C:\WINDOWS\SYSTEM32\Wldp.dll
0x00007ffe4d180000 - 0x00007ffe4d22e000 	C:\WINDOWS\System32\SHCORE.dll
0x00007ffe4cc90000 - 0x00007ffe4cce5000 	C:\WINDOWS\System32\shlwapi.dll
0x00007ffe4b6b0000 - 0x00007ffe4b6d6000 	C:\WINDOWS\SYSTEM32\profapi.dll
0x0000000054c00000 - 0x0000000054c0b000 	C:\Program Files\Java\jdk1.8.0_111\jre\bin\dt_shmem.dll
0x0000000054d30000 - 0x0000000054ec8000 	C:\Program Files\Java\jdk1.8.0_111\jre\bin\awt.dll
0x00007ffe4d970000 - 0x00007ffe4da3d000 	C:\WINDOWS\System32\OLEAUT32.dll
0x00007ffe49230000 - 0x00007ffe492c0000 	C:\WINDOWS\SYSTEM32\apphelp.dll
0x00007ffe495a0000 - 0x00007ffe495cf000 	C:\WINDOWS\system32\DWMAPI.DLL
0x00007ffe492e0000 - 0x00007ffe4937f000 	C:\WINDOWS\system32\uxtheme.dll
0x00007ffe4c4f0000 - 0x00007ffe4c605000 	C:\WINDOWS\System32\MSCTF.dll
0x00007ffe4cb60000 - 0x00007ffe4cc8a000 	C:\WINDOWS\System32\ole32.dll
0x00007ffe496b0000 - 0x00007ffe496c2000 	C:\WINDOWS\SYSTEM32\kernel.appcore.dll
0x00007ffe4b780000 - 0x00007ffe4b7ff000 	C:\WINDOWS\System32\bcryptPrimitives.dll
0x0000000054ce0000 - 0x0000000054d27000 	C:\Program Files\Java\jdk1.8.0_111\jre\bin\fontmanager.dll
0x0000000056b60000 - 0x0000000056b7a000 	C:\Program Files\Java\jdk1.8.0_111\jre\bin\net.dll
0x00007ffe4aea0000 - 0x00007ffe4af0a000 	C:\WINDOWS\system32\mswsock.dll
0x0000000054ed0000 - 0x0000000054ee1000 	C:\Program Files\Java\jdk1.8.0_111\jre\bin\nio.dll
0x00007ffe43c00000 - 0x00007ffe43cfc000 	C:\WINDOWS\SYSTEM32\textinputframework.dll
0x00007ffe48870000 - 0x00007ffe48bce000 	C:\WINDOWS\System32\CoreUIComponents.dll
0x00007ffe47e70000 - 0x00007ffe47f62000 	C:\WINDOWS\System32\CoreMessaging.dll
0x00007ffe47640000 - 0x00007ffe47796000 	C:\WINDOWS\SYSTEM32\wintypes.dll
0x00007ffe4a470000 - 0x00007ffe4a4a3000 	C:\WINDOWS\SYSTEM32\ntmarta.dll
0x0000000054c90000 - 0x0000000054cd2000 	C:\Program Files\Java\jdk1.8.0_111\jre\bin\t2k.dll
0x00007ffe33b10000 - 0x00007ffe33cf4000 	C:\WINDOWS\SYSTEM32\dbghelp.dll

VM Arguments:
jvm_args: -Xdebug -Xrunjdwp:transport=dt_shmem,address=javadebug -Dfile.encoding=UTF-8 
java_command: game.Main
java_class_path (initial): C:\Users\said-\Documents\NetBeansProjects\Game\Game\assets\jars\gson-2.8.6.jar;C:\Users\said-\Documents\NetBeansProjects\Game\Game\assets\jars\joml-1.9.25.jar;C:\Users\said-\Documents\NetBeansProjects\Game\Game\build\classes
Launcher Type: SUN_STANDARD

Environment Variables:
USERNAME=said-
OS=Windows_NT
PROCESSOR_IDENTIFIER=Intel64 Family 6 Model 158 Stepping 10, GenuineIntel



---------------  S Y S T E M  ---------------

OS: Windows 10.0 , 64 bit Build 19041 (10.0.19041.546)

CPU:total 12 (6 cores per cpu, 2 threads per core) family 6 model 158 stepping 10, cmov, cx8, fxsr, mmx, sse, sse2, sse3, ssse3, sse4.1, sse4.2, popcnt, avx, avx2, aes, clmul, erms, 3dnowpref, lzcnt, ht, tsc, tscinvbit, bmi1, bmi2, adx

Memory: 4k page, physical 33392948k(20857784k free), swap 38373684k(22478184k free)

vm_info: Java HotSpot(TM) 64-Bit Server VM (25.111-b14) for windows-amd64 JRE (1.8.0_111-b14), built on Sep 22 2016 19:24:05 by "java_re" with MS VC++ 10.0 (VS2010)

time: Mon Oct 26 00:11:49 2020
elapsed time: 104 seconds (0d 0h 1m 44s)

