#
# A fatal error has been detected by the Java Runtime Environment:
#
#  EXCEPTION_ACCESS_VIOLATION (0xc0000005) at pc=0x00000000545f3c70, pid=25852, tid=0x0000000000004098
#
# JRE version: Java(TM) SE Runtime Environment (8.0_111-b14) (build 1.8.0_111-b14)
# Java VM: Java HotSpot(TM) 64-Bit Server VM (25.111-b14 mixed mode windows-amd64 compressed oops)
# Problematic frame:
# V  [jvm.dll+0x33c70]
#
# Failed to write core dump. Minidumps are not enabled by default on client versions of Windows
#
# If you would like to submit a bug report, please visit:
#   http://bugreport.java.com/bugreport/crash.jsp
#

---------------  T H R E A D  ---------------

Current thread (0x00000000279a8800):  JavaThread "C2 CompilerThread1" daemon [_thread_in_vm, id=16536, stack(0x0000000029120000,0x0000000029220000)]

siginfo: ExceptionCode=0xc0000005, reading address 0x0000000000000010

Registers:
RAX=0x0000000000000000, RBX=0x0000000000000000, RCX=0x0000000000000880, RDX=0x000000000000000f
RSP=0x000000002921cf50, RBP=0x000000000301a2e0, RSI=0x0000000000000000, RDI=0x00000000279a8800
R8 =0x0000000054db1778, R9 =0x000000000301a2e0, R10=0x000000002bee27f8, R11=0x0000000000000000
R12=0x0000000000000011, R13=0x0000000000000001, R14=0x0000000000000000, R15=0x0000000029cf2310
RIP=0x00000000545f3c70, EFLAGS=0x0000000000010246

Top of Stack: (sp=0x000000002921cf50)
0x000000002921cf50:   000000002bee3248 0000000000000000
0x000000002921cf60:   00000000298a8760 0000000000000005
0x000000002921cf70:   000000002bee3248 0000000054af045c
0x000000002921cf80:   000000000301a2e0 000000000301a2e0
0x000000002921cf90:   0000000000000000 00000000545f02ae
0x000000002921cfa0:   000000002c1b7d00 0000000000000000
0x000000002921cfb0:   0000000000000000 0000000054af09a4
0x000000002921cfc0:   0000000000000001 0000000000000005
0x000000002921cfd0:   000000002bee3248 000000000301a2e0
0x000000002921cfe0:   0000000000000001 0000000000000000
0x000000002921cff0:   0000000000000078 0000000000000000
0x000000002921d000:   0000000000000000 000000007fffffff
0x000000002921d010:   0000000000000079 0000000000000000
0x000000002921d020:   0000000000000001 0000000054af0fb2
0x000000002921d030:   0000000000000000 000000002bee27f8
0x000000002921d040:   0000000000000078 0000000000000020 

Instructions: (pc=0x00000000545f3c70)
0x00000000545f3c50:   85 c0 75 0a 8b 47 30 a9 00 00 00 30 74 08 48 8b
0x00000000545f3c60:   cf e8 5a e9 20 00 c7 87 70 02 00 00 06 00 00 00
0x00000000545f3c70:   48 8b 43 10 8b 0d ae cb 77 00 48 8b 18 ff 15 6d
0x00000000545f3c80:   77 5a 00 48 8b cb 48 8b b0 d0 03 00 00 e8 ce 45 


Register to memory mapping:

RAX=0x0000000000000000 is an unknown value
RBX=0x0000000000000000 is an unknown value
RCX=0x0000000000000880 is an unknown value
RDX=0x000000000000000f is an unknown value
RSP=0x000000002921cf50 is pointing into the stack for thread: 0x00000000279a8800
RBP=0x000000000301a2e0 is an unknown value
RSI=0x0000000000000000 is an unknown value
RDI=0x00000000279a8800 is a thread
R8 =0x0000000054db1778 is an unknown value
R9 =0x000000000301a2e0 is an unknown value
R10=0x000000002bee27f8 is an unknown value
R11=0x0000000000000000 is an unknown value
R12=0x0000000000000011 is an unknown value
R13=0x0000000000000001 is an unknown value
R14=0x0000000000000000 is an unknown value
R15=0x0000000029cf2310 is an unknown value


Stack: [0x0000000029120000,0x0000000029220000],  sp=0x000000002921cf50,  free space=1011k
Native frames: (J=compiled Java code, j=interpreted, Vv=VM code, C=native code)
V  [jvm.dll+0x33c70]
V  [jvm.dll+0x53045c]
V  [jvm.dll+0x5309a4]
V  [jvm.dll+0x530fb2]
V  [jvm.dll+0x44fd23]
V  [jvm.dll+0x50e20b]
V  [jvm.dll+0x48e68a]
V  [jvm.dll+0x4b370c]
V  [jvm.dll+0x4b9881]
V  [jvm.dll+0x4b9e50]
V  [jvm.dll+0x47efc6]
V  [jvm.dll+0x508387]
V  [jvm.dll+0x500ee7]
V  [jvm.dll+0x501269]
V  [jvm.dll+0x5017ff]
V  [jvm.dll+0x459900]
V  [jvm.dll+0x47efc6]
V  [jvm.dll+0x508387]
V  [jvm.dll+0x500ee7]
V  [jvm.dll+0x501269]
V  [jvm.dll+0x5017ff]
V  [jvm.dll+0x459900]
V  [jvm.dll+0x475d85]
V  [jvm.dll+0x4589b2]
V  [jvm.dll+0xa5742]
V  [jvm.dll+0xa607f]
V  [jvm.dll+0x244b7f]
V  [jvm.dll+0x29c43a]
C  [msvcr100.dll+0x21d9f]
C  [msvcr100.dll+0x21e3b]
C  [KERNEL32.DLL+0x17034]
C  [ntdll.dll+0x4cec1]


Current CompileTask:
C2:   1777  916       4       org.joml.Random::<init> (12 bytes)


---------------  P R O C E S S  ---------------

Java Threads: ( => current thread )
  0x000000002986c000 JavaThread "AWT-EventQueue-0" [_thread_blocked, id=26460, stack(0x000000002a3f0000,0x000000002a4f0000)]
  0x000000002985f800 JavaThread "AWT-Windows" daemon [_thread_in_native, id=11712, stack(0x000000002a1f0000,0x000000002a2f0000)]
  0x000000002985f000 JavaThread "AWT-Shutdown" [_thread_blocked, id=18048, stack(0x000000002a0f0000,0x000000002a1f0000)]
  0x000000002985e800 JavaThread "Java2D Disposer" daemon [_thread_blocked, id=12876, stack(0x0000000029f90000,0x000000002a090000)]
  0x0000000027a34800 JavaThread "Service Thread" daemon [_thread_blocked, id=25448, stack(0x0000000029420000,0x0000000029520000)]
  0x00000000279ae000 JavaThread "C1 CompilerThread3" daemon [_thread_blocked, id=19088, stack(0x0000000029320000,0x0000000029420000)]
  0x00000000279ad800 JavaThread "C2 CompilerThread2" daemon [_thread_in_vm, id=11656, stack(0x0000000029220000,0x0000000029320000)]
=>0x00000000279a8800 JavaThread "C2 CompilerThread1" daemon [_thread_in_vm, id=16536, stack(0x0000000029120000,0x0000000029220000)]
  0x00000000279a3000 JavaThread "C2 CompilerThread0" daemon [_thread_in_vm, id=22500, stack(0x0000000029020000,0x0000000029120000)]
  0x00000000279a1000 JavaThread "Attach Listener" daemon [_thread_blocked, id=27172, stack(0x0000000028f20000,0x0000000029020000)]
  0x000000002799e000 JavaThread "Signal Dispatcher" daemon [_thread_blocked, id=5496, stack(0x0000000028e20000,0x0000000028f20000)]
  0x0000000027993000 JavaThread "Finalizer" daemon [_thread_blocked, id=16380, stack(0x0000000028c00000,0x0000000028d00000)]
  0x00000000262ad000 JavaThread "Reference Handler" daemon [_thread_blocked, id=6752, stack(0x0000000028b00000,0x0000000028c00000)]
  0x0000000002f0e800 JavaThread "main" [_thread_in_Java, id=25924, stack(0x0000000002f10000,0x0000000003010000)]

Other Threads:
  0x00000000262a5800 VMThread [stack: 0x0000000028a00000,0x0000000028b00000] [id=14372]
  0x0000000027a61800 WatcherThread [stack: 0x0000000029690000,0x0000000029790000] [id=6200]

VM state:not at safepoint (normal execution)

VM Mutex/Monitor currently owned by a thread: None

Heap:
 PSYoungGen      total 152576K, used 60251K [0x0000000716200000, 0x0000000720c00000, 0x00000007c0000000)
  eden space 131072K, 45% used [0x0000000716200000,0x0000000719cd6cb8,0x000000071e200000)
  from space 21504K, 0% used [0x000000071f700000,0x000000071f700000,0x0000000720c00000)
  to   space 21504K, 0% used [0x000000071e200000,0x000000071e200000,0x000000071f700000)
 ParOldGen       total 348160K, used 0K [0x00000005c2600000, 0x00000005d7a00000, 0x0000000716200000)
  object space 348160K, 0% used [0x00000005c2600000,0x00000005c2600000,0x00000005d7a00000)
 Metaspace       used 9730K, capacity 9952K, committed 10240K, reserved 1058816K
  class space    used 1086K, capacity 1160K, committed 1280K, reserved 1048576K

Card table byte_map: [0x00000000124d0000,0x00000000134c0000] byte_map_base: 0x000000000f6bd000

Marking Bits: (ParMarkBitMap*) 0x0000000054dda6c0
 Begin Bits: [0x0000000014960000, 0x000000001c8c8000)
 End Bits:   [0x000000001c8c8000, 0x0000000024830000)

Polling page: 0x0000000002e90000

CodeCache: size=245760Kb used=3269Kb max_used=3269Kb free=242490Kb
 bounds [0x0000000003110000, 0x0000000003450000, 0x0000000012110000]
 total_blobs=1375 nmethods=916 adapters=372
 compilation: enabled

Compilation events (10 events):
Event: 1.751 Thread 0x00000000279ad800 nmethod 909 0x00000000034302d0 code [0x0000000003430420, 0x00000000034304f8]
Event: 1.751 Thread 0x00000000279ad800  912       4       java.util.ArrayList::ensureCapacityInternal (23 bytes)
Event: 1.751 Thread 0x00000000279ae000  915       3       game.Build.Map.Units::getRandomPosition (38 bytes)
Event: 1.751 Thread 0x00000000279a3000 nmethod 911 0x0000000003431810 code [0x0000000003431960, 0x0000000003431a18]
Event: 1.751 Thread 0x00000000279a3000  914       4       org.joml.Random$Xorshiro128::nextSplitMix64 (43 bytes)
Event: 1.752 Thread 0x00000000279a3000 nmethod 914 0x000000000342eb90 code [0x000000000342ecc0, 0x000000000342ed78]
Event: 1.752 Thread 0x00000000279a3000  913       4       java.util.ArrayList::ensureExplicitCapacity (26 bytes)
Event: 1.752 Thread 0x00000000279a8800 nmethod 910 0x0000000003430ed0 code [0x0000000003431040, 0x0000000003431448]
Event: 1.752 Thread 0x00000000279ae000 nmethod 915 0x0000000003433510 code [0x0000000003433780, 0x0000000003434428]
Event: 1.752 Thread 0x00000000279a8800  916       4       org.joml.Random::<init> (12 bytes)

GC Heap History (0 events):
No events

Deoptimization events (10 events):
Event: 0.304 Thread 0x0000000002f0e800 Uncommon trap: reason=class_check action=maybe_recompile pc=0x000000000329ff98 method=java.lang.String.equals(Ljava/lang/Object;)Z @ 8
Event: 0.304 Thread 0x0000000002f0e800 Uncommon trap: reason=class_check action=maybe_recompile pc=0x000000000329ff98 method=java.lang.String.equals(Ljava/lang/Object;)Z @ 8
Event: 0.304 Thread 0x0000000002f0e800 Uncommon trap: reason=class_check action=maybe_recompile pc=0x000000000329ff98 method=java.lang.String.equals(Ljava/lang/Object;)Z @ 8
Event: 0.406 Thread 0x0000000002f0e800 Uncommon trap: reason=unstable_if action=reinterpret pc=0x00000000032e819c method=java.lang.CharacterData.of(I)Ljava/lang/CharacterData; @ 4
Event: 0.413 Thread 0x0000000002f0e800 Uncommon trap: reason=unstable_if action=reinterpret pc=0x000000000338de28 method=java.lang.Character.isSurrogate(C)Z @ 3
Event: 1.719 Thread 0x0000000002f0e800 Uncommon trap: reason=unstable_if action=reinterpret pc=0x00000000033a17d4 method=java.nio.channels.spi.AbstractInterruptibleChannel.end(Z)V @ 31
Event: 1.733 Thread 0x0000000002f0e800 Uncommon trap: reason=class_check action=maybe_recompile pc=0x00000000033c0a3c method=java.nio.charset.CharsetDecoder.decode(Ljava/nio/ByteBuffer;Ljava/nio/CharBuffer;Z)Ljava/nio/charset/CoderResult; @ 57
Event: 1.733 Thread 0x0000000002f0e800 Uncommon trap: reason=class_check action=maybe_recompile pc=0x00000000033c0a3c method=java.nio.charset.CharsetDecoder.decode(Ljava/nio/ByteBuffer;Ljava/nio/CharBuffer;Z)Ljava/nio/charset/CoderResult; @ 57
Event: 1.736 Thread 0x0000000002f0e800 Uncommon trap: reason=class_check action=maybe_recompile pc=0x00000000033c0a3c method=java.nio.charset.CharsetDecoder.decode(Ljava/nio/ByteBuffer;Ljava/nio/CharBuffer;Z)Ljava/nio/charset/CoderResult; @ 57
Event: 1.736 Thread 0x0000000002f0e800 Uncommon trap: reason=class_check action=maybe_recompile pc=0x00000000033c0a3c method=java.nio.charset.CharsetDecoder.decode(Ljava/nio/ByteBuffer;Ljava/nio/CharBuffer;Z)Ljava/nio/charset/CoderResult; @ 57

Internal exceptions (10 events):
Event: 0.076 Thread 0x0000000002f0e800 Exception <a 'java/security/PrivilegedActionException'> (0x00000007162a0608) thrown at [C:\re\workspace\8-2-build-windows-amd64-cygwin\jdk8u111\7883\hotspot\src\share\vm\prims\jvm.cpp, line 1386]
Event: 0.079 Thread 0x0000000002f0e800 Exception <a 'java/io/FileNotFoundException'> (0x00000007162a3598) thrown at [C:\re\workspace\8-2-build-windows-amd64-cygwin\jdk8u111\7883\hotspot\src\share\vm\prims\jni.cpp, line 709]
Event: 0.101 Thread 0x0000000002f0e800 Exception <a 'java/lang/NoSuchFieldError': method resolution failed> (0x0000000716370b40) thrown at [C:\re\workspace\8-2-build-windows-amd64-cygwin\jdk8u111\7883\hotspot\src\share\vm\prims\methodHandles.cpp, line 1146]
Event: 0.102 Thread 0x0000000002f0e800 Exception <a 'java/lang/NoSuchFieldError': method resolution failed> (0x000000071637df10) thrown at [C:\re\workspace\8-2-build-windows-amd64-cygwin\jdk8u111\7883\hotspot\src\share\vm\prims\methodHandles.cpp, line 1146]
Event: 0.130 Thread 0x0000000002f0e800 Exception <a 'java/io/FileNotFoundException'> (0x00000007164154c8) thrown at [C:\re\workspace\8-2-build-windows-amd64-cygwin\jdk8u111\7883\hotspot\src\share\vm\prims\jni.cpp, line 709]
Event: 0.144 Thread 0x0000000002f0e800 Implicit null exception at 0x000000000327b6e6 to 0x000000000327b8cd
Event: 0.278 Thread 0x0000000002f0e800 Exception <a 'java/io/FileNotFoundException'> (0x00000007176b76b0) thrown at [C:\re\workspace\8-2-build-windows-amd64-cygwin\jdk8u111\7883\hotspot\src\share\vm\prims\jni.cpp, line 709]
Event: 0.285 Thread 0x0000000002f0e800 Exception <a 'java/io/FileNotFoundException'> (0x00000007176fe1a0) thrown at [C:\re\workspace\8-2-build-windows-amd64-cygwin\jdk8u111\7883\hotspot\src\share\vm\prims\jni.cpp, line 709]
Event: 0.291 Thread 0x0000000002f0e800 Exception <a 'java/io/FileNotFoundException'> (0x000000071774a9d0) thrown at [C:\re\workspace\8-2-build-windows-amd64-cygwin\jdk8u111\7883\hotspot\src\share\vm\prims\jni.cpp, line 709]
Event: 0.296 Thread 0x0000000002f0e800 Exception <a 'java/io/FileNotFoundException'> (0x00000007177922c0) thrown at [C:\re\workspace\8-2-build-windows-amd64-cygwin\jdk8u111\7883\hotspot\src\share\vm\prims\jni.cpp, line 709]

Events (10 events):
Event: 1.739 loading class sun/util/resources/OpenListResourceBundle
Event: 1.739 loading class sun/util/resources/OpenListResourceBundle done
Event: 1.739 loading class sun/util/resources/LocaleNamesBundle done
Event: 1.739 loading class sun/util/resources/CurrencyNames done
Event: 1.739 loading class sun/util/resources/es/CurrencyNames_es
Event: 1.739 loading class sun/util/resources/es/CurrencyNames_es done
Event: 1.739 loading class sun/util/resources/es/CurrencyNames_es_ES
Event: 1.739 loading class sun/util/resources/es/CurrencyNames_es_ES done
Event: 1.750 loading class game/Build/Map/Units
Event: 1.750 loading class game/Build/Map/Units done


Dynamic libraries:
0x00007ff659c60000 - 0x00007ff659c97000 	C:\Program Files\Java\jdk1.8.0_111\jre\bin\java.exe
0x00007ffe4e030000 - 0x00007ffe4e226000 	C:\WINDOWS\SYSTEM32\ntdll.dll
0x00007ffe4caa0000 - 0x00007ffe4cb5d000 	C:\WINDOWS\System32\KERNEL32.DLL
0x00007ffe4b960000 - 0x00007ffe4bc28000 	C:\WINDOWS\System32\KERNELBASE.dll
0x00007ffe4c6f0000 - 0x00007ffe4c79a000 	C:\WINDOWS\System32\ADVAPI32.dll
0x00007ffe4c0a0000 - 0x00007ffe4c13e000 	C:\WINDOWS\System32\msvcrt.dll
0x00007ffe4deb0000 - 0x00007ffe4df4b000 	C:\WINDOWS\System32\sechost.dll
0x00007ffe4c900000 - 0x00007ffe4ca24000 	C:\WINDOWS\System32\RPCRT4.dll
0x00007ffe4cfe0000 - 0x00007ffe4d180000 	C:\WINDOWS\System32\USER32.dll
0x00007ffe4c040000 - 0x00007ffe4c062000 	C:\WINDOWS\System32\win32u.dll
0x00007ffe4c610000 - 0x00007ffe4c63a000 	C:\WINDOWS\System32\GDI32.dll
0x00007ffe4bc80000 - 0x00007ffe4bd89000 	C:\WINDOWS\System32\gdi32full.dll
0x00007ffe4bef0000 - 0x00007ffe4bf8d000 	C:\WINDOWS\System32\msvcp_win.dll
0x00007ffe4b860000 - 0x00007ffe4b960000 	C:\WINDOWS\System32\ucrtbase.dll
0x00007ffe1a910000 - 0x00007ffe1abab000 	C:\WINDOWS\WinSxS\amd64_microsoft.windows.common-controls_6595b64144ccf1df_6.0.19041.488_none_ca04af081b815d21\COMCTL32.dll
0x00007ffe4c4c0000 - 0x00007ffe4c4f0000 	C:\WINDOWS\System32\IMM32.DLL
0x0000000057ef0000 - 0x0000000057fc2000 	C:\Program Files\Java\jdk1.8.0_111\jre\bin\msvcr100.dll
0x00000000545c0000 - 0x0000000054e5a000 	C:\Program Files\Java\jdk1.8.0_111\jre\bin\server\jvm.dll
0x00007ffe4df50000 - 0x00007ffe4df58000 	C:\WINDOWS\System32\PSAPI.DLL
0x00007ffe475d0000 - 0x00007ffe475d9000 	C:\WINDOWS\SYSTEM32\WSOCK32.dll
0x00007ffe414f0000 - 0x00007ffe41517000 	C:\WINDOWS\SYSTEM32\WINMM.dll
0x00007ffe45db0000 - 0x00007ffe45dba000 	C:\WINDOWS\SYSTEM32\VERSION.dll
0x00007ffe4ca30000 - 0x00007ffe4ca9b000 	C:\WINDOWS\System32\WS2_32.dll
0x0000000058aa0000 - 0x0000000058aaf000 	C:\Program Files\Java\jdk1.8.0_111\jre\bin\verify.dll
0x0000000057ec0000 - 0x0000000057ee9000 	C:\Program Files\Java\jdk1.8.0_111\jre\bin\java.dll
0x0000000057ea0000 - 0x0000000057eb6000 	C:\Program Files\Java\jdk1.8.0_111\jre\bin\zip.dll
0x00007ffe4d230000 - 0x00007ffe4d970000 	C:\WINDOWS\System32\SHELL32.dll
0x00007ffe498b0000 - 0x00007ffe4a044000 	C:\WINDOWS\SYSTEM32\windows.storage.dll
0x00007ffe4c160000 - 0x00007ffe4c4b5000 	C:\WINDOWS\System32\combase.dll
0x00007ffe4b120000 - 0x00007ffe4b14c000 	C:\WINDOWS\SYSTEM32\Wldp.dll
0x00007ffe4d180000 - 0x00007ffe4d22e000 	C:\WINDOWS\System32\SHCORE.dll
0x00007ffe4cc90000 - 0x00007ffe4cce5000 	C:\WINDOWS\System32\shlwapi.dll
0x00007ffe4b6b0000 - 0x00007ffe4b6d6000 	C:\WINDOWS\SYSTEM32\profapi.dll
0x0000000057960000 - 0x0000000057af8000 	C:\Program Files\Java\jdk1.8.0_111\jre\bin\awt.dll
0x00007ffe4d970000 - 0x00007ffe4da3d000 	C:\WINDOWS\System32\OLEAUT32.dll
0x00007ffe49230000 - 0x00007ffe492c0000 	C:\WINDOWS\SYSTEM32\apphelp.dll
0x00007ffe495a0000 - 0x00007ffe495cf000 	C:\WINDOWS\system32\DWMAPI.DLL
0x00007ffe492e0000 - 0x00007ffe4937f000 	C:\WINDOWS\system32\uxtheme.dll
0x00007ffe4c4f0000 - 0x00007ffe4c605000 	C:\WINDOWS\System32\MSCTF.dll
0x00007ffe4cb60000 - 0x00007ffe4cc8a000 	C:\WINDOWS\System32\ole32.dll
0x00007ffe496b0000 - 0x00007ffe496c2000 	C:\WINDOWS\SYSTEM32\kernel.appcore.dll
0x00007ffe4b780000 - 0x00007ffe4b7ff000 	C:\WINDOWS\System32\bcryptPrimitives.dll
0x0000000057e10000 - 0x0000000057e57000 	C:\Program Files\Java\jdk1.8.0_111\jre\bin\fontmanager.dll
0x0000000057e80000 - 0x0000000057e9a000 	C:\Program Files\Java\jdk1.8.0_111\jre\bin\net.dll
0x00007ffe4aea0000 - 0x00007ffe4af0a000 	C:\WINDOWS\system32\mswsock.dll
0x0000000057e60000 - 0x0000000057e71000 	C:\Program Files\Java\jdk1.8.0_111\jre\bin\nio.dll
0x00007ffe43c00000 - 0x00007ffe43cfc000 	C:\WINDOWS\SYSTEM32\textinputframework.dll
0x00007ffe48870000 - 0x00007ffe48bce000 	C:\WINDOWS\System32\CoreUIComponents.dll
0x00007ffe47e70000 - 0x00007ffe47f62000 	C:\WINDOWS\System32\CoreMessaging.dll
0x00007ffe4a470000 - 0x00007ffe4a4a3000 	C:\WINDOWS\SYSTEM32\ntmarta.dll
0x00007ffe47640000 - 0x00007ffe47796000 	C:\WINDOWS\SYSTEM32\wintypes.dll
0x0000000057dc0000 - 0x0000000057e02000 	C:\Program Files\Java\jdk1.8.0_111\jre\bin\t2k.dll
0x00007ffe33b10000 - 0x00007ffe33cf4000 	C:\WINDOWS\SYSTEM32\dbghelp.dll

VM Arguments:
jvm_args: -Dfile.encoding=UTF-8 
java_command: game.Main
java_class_path (initial): C:\Users\said-\Documents\NetBeansProjects\Game\Game\assets\jars\gson-2.8.6.jar;C:\Users\said-\Documents\NetBeansProjects\Game\Game\assets\jars\joml-1.9.25.jar;C:\Users\said-\Documents\NetBeansProjects\Game\Game\build\classes
Launcher Type: SUN_STANDARD

Environment Variables:
USERNAME=said-
OS=Windows_NT
PROCESSOR_IDENTIFIER=Intel64 Family 6 Model 158 Stepping 10, GenuineIntel



---------------  S Y S T E M  ---------------

OS: Windows 10.0 , 64 bit Build 19041 (10.0.19041.546)

CPU:total 12 (6 cores per cpu, 2 threads per core) family 6 model 158 stepping 10, cmov, cx8, fxsr, mmx, sse, sse2, sse3, ssse3, sse4.1, sse4.2, popcnt, avx, avx2, aes, clmul, erms, 3dnowpref, lzcnt, ht, tsc, tscinvbit, bmi1, bmi2, adx

Memory: 4k page, physical 33392948k(20177092k free), swap 38373684k(21249720k free)

vm_info: Java HotSpot(TM) 64-Bit Server VM (25.111-b14) for windows-amd64 JRE (1.8.0_111-b14), built on Sep 22 2016 19:24:05 by "java_re" with MS VC++ 10.0 (VS2010)

time: Tue Oct 27 15:07:55 2020
elapsed time: 1 seconds (0d 0h 0m 1s)

