#
# A fatal error has been detected by the Java Runtime Environment:
#
#  EXCEPTION_ACCESS_VIOLATION (0xc0000005) at pc=0x0000000052173c70, pid=13656, tid=0x000000000000533c
#
# JRE version: Java(TM) SE Runtime Environment (8.0_111-b14) (build 1.8.0_111-b14)
# Java VM: Java HotSpot(TM) 64-Bit Server VM (25.111-b14 mixed mode windows-amd64 compressed oops)
# Problematic frame:
# V  [jvm.dll+0x33c70]
#
# Failed to write core dump. Minidumps are not enabled by default on client versions of Windows
#
# If you would like to submit a bug report, please visit:
#   http://bugreport.java.com/bugreport/crash.jsp
#

---------------  T H R E A D  ---------------

Current thread (0x0000000026e57000):  JavaThread "C2 CompilerThread1" daemon [_thread_in_vm, id=21308, stack(0x00000000285e0000,0x00000000286e0000)]

siginfo: ExceptionCode=0xc0000005, reading address 0x0000000000000010

Registers:
RAX=0x0000000000000000, RBX=0x0000000000000000, RCX=0x0000000000000700, RDX=0x000000000000000f
RSP=0x00000000286dcf40, RBP=0x0000000026e63e20, RSI=0x0000000000000000, RDI=0x0000000026e57000
R8 =0x0000000052931778, R9 =0x0000000026e63e20, R10=0x00000000271a3148, R11=0x0000000000000000
R12=0x0000000000000011, R13=0x0000000000000001, R14=0x0000000000000000, R15=0x0000000026fbd918
RIP=0x0000000052173c70, EFLAGS=0x0000000000010246

Top of Stack: (sp=0x00000000286dcf40)
0x00000000286dcf40:   00000000271a3e20 0000000000000000
0x00000000286dcf50:   0000000026e8f4c0 0000000000000005
0x00000000286dcf60:   00000000271a3e20 000000005267045c
0x00000000286dcf70:   0000000026e63e20 0000000026e63e20
0x00000000286dcf80:   0000000000000000 00000000521702ae
0x00000000286dcf90:   000000002b0f9f80 0000000000000000
0x00000000286dcfa0:   0000000000000000 00000000526709a4
0x00000000286dcfb0:   0000000000000001 0000000000000005
0x00000000286dcfc0:   00000000271a3e20 0000000026e63e20
0x00000000286dcfd0:   0000000000000001 0000000000000000
0x00000000286dcfe0:   0000000000000078 0000000000000000
0x00000000286dcff0:   0000000000000000 000000007fffffff
0x00000000286dd000:   0000000000000216 0000000000000000
0x00000000286dd010:   0000000000000001 0000000052670fb2
0x00000000286dd020:   0000000000000000 00000000271a3148
0x00000000286dd030:   0000000000000078 00000000286dd0e0 

Instructions: (pc=0x0000000052173c70)
0x0000000052173c50:   85 c0 75 0a 8b 47 30 a9 00 00 00 30 74 08 48 8b
0x0000000052173c60:   cf e8 5a e9 20 00 c7 87 70 02 00 00 06 00 00 00
0x0000000052173c70:   48 8b 43 10 8b 0d ae cb 77 00 48 8b 18 ff 15 6d
0x0000000052173c80:   77 5a 00 48 8b cb 48 8b b0 d0 03 00 00 e8 ce 45 


Register to memory mapping:

RAX=0x0000000000000000 is an unknown value
RBX=0x0000000000000000 is an unknown value
RCX=0x0000000000000700 is an unknown value
RDX=0x000000000000000f is an unknown value
RSP=0x00000000286dcf40 is pointing into the stack for thread: 0x0000000026e57000
RBP=0x0000000026e63e20 is an unknown value
RSI=0x0000000000000000 is an unknown value
RDI=0x0000000026e57000 is a thread
R8 =0x0000000052931778 is an unknown value
R9 =0x0000000026e63e20 is an unknown value
R10=0x00000000271a3148 is an unknown value
R11=0x0000000000000000 is an unknown value
R12=0x0000000000000011 is an unknown value
R13=0x0000000000000001 is an unknown value
R14=0x0000000000000000 is an unknown value
R15=0x0000000026fbd918 is an unknown value


Stack: [0x00000000285e0000,0x00000000286e0000],  sp=0x00000000286dcf40,  free space=1011k
Native frames: (J=compiled Java code, j=interpreted, Vv=VM code, C=native code)
V  [jvm.dll+0x33c70]
V  [jvm.dll+0x53045c]
V  [jvm.dll+0x5309a4]
V  [jvm.dll+0x530fb2]
V  [jvm.dll+0x44fd23]
V  [jvm.dll+0x50e20b]
V  [jvm.dll+0x48e68a]
V  [jvm.dll+0x4b370c]
V  [jvm.dll+0x4b9881]
V  [jvm.dll+0x4b9e50]
V  [jvm.dll+0x47efc6]
V  [jvm.dll+0x508387]
V  [jvm.dll+0x500ee7]
V  [jvm.dll+0x501269]
V  [jvm.dll+0x5017ff]
V  [jvm.dll+0x459900]
V  [jvm.dll+0x47efc6]
V  [jvm.dll+0x508387]
V  [jvm.dll+0x500ee7]
V  [jvm.dll+0x501269]
V  [jvm.dll+0x5017ff]
V  [jvm.dll+0x459900]
V  [jvm.dll+0x47efc6]
V  [jvm.dll+0x508387]
V  [jvm.dll+0x500ee7]
V  [jvm.dll+0x501269]
V  [jvm.dll+0x5017ff]
V  [jvm.dll+0x459900]
V  [jvm.dll+0x475d85]
V  [jvm.dll+0x4589b2]
V  [jvm.dll+0xa5742]
V  [jvm.dll+0xa607f]
V  [jvm.dll+0x244b7f]
V  [jvm.dll+0x29c43a]
C  [msvcr100.dll+0x21d9f]
C  [msvcr100.dll+0x21e3b]
C  [KERNEL32.DLL+0x17034]
C  [ntdll.dll+0x4cec1]


Current CompileTask:
C2:   8539 1111       4       game.Build.Map.Units::update (489 bytes)


---------------  P R O C E S S  ---------------

Java Threads: ( => current thread )
  0x0000000028ce9800 JavaThread "AWT-EventQueue-0" [_thread_blocked, id=18020, stack(0x0000000029950000,0x0000000029a50000)]
  0x0000000028ce5000 JavaThread "AWT-Windows" daemon [_thread_in_native, id=22640, stack(0x0000000029750000,0x0000000029850000)]
  0x0000000028ce0000 JavaThread "AWT-Shutdown" [_thread_blocked, id=15272, stack(0x0000000029650000,0x0000000029750000)]
  0x0000000028cdf800 JavaThread "Java2D Disposer" daemon [_thread_blocked, id=5280, stack(0x0000000029550000,0x0000000029650000)]
  0x0000000026ee8800 JavaThread "Service Thread" daemon [_thread_blocked, id=4760, stack(0x00000000288e0000,0x00000000289e0000)]
  0x0000000026e5c800 JavaThread "C1 CompilerThread3" daemon [_thread_blocked, id=17280, stack(0x00000000287e0000,0x00000000288e0000)]
  0x0000000026e5b800 JavaThread "C2 CompilerThread2" daemon [_thread_blocked, id=1052, stack(0x00000000286e0000,0x00000000287e0000)]
=>0x0000000026e57000 JavaThread "C2 CompilerThread1" daemon [_thread_in_vm, id=21308, stack(0x00000000285e0000,0x00000000286e0000)]
  0x0000000026e4f800 JavaThread "C2 CompilerThread0" daemon [_thread_blocked, id=13976, stack(0x00000000284e0000,0x00000000285e0000)]
  0x0000000026e4d000 JavaThread "Attach Listener" daemon [_thread_blocked, id=20684, stack(0x00000000283e0000,0x00000000284e0000)]
  0x0000000026e4a000 JavaThread "Signal Dispatcher" daemon [_thread_blocked, id=11800, stack(0x00000000282e0000,0x00000000283e0000)]
  0x0000000026e43000 JavaThread "Finalizer" daemon [_thread_blocked, id=16716, stack(0x00000000280c0000,0x00000000281c0000)]
  0x00000000025ba000 JavaThread "Reference Handler" daemon [_thread_blocked, id=1604, stack(0x0000000027fc0000,0x00000000280c0000)]
  0x0000000000afe800 JavaThread "main" [_thread_in_Java, id=4848, stack(0x0000000002330000,0x0000000002430000)]

Other Threads:
  0x0000000026e22800 VMThread [stack: 0x0000000027ec0000,0x0000000027fc0000] [id=5816]
  0x0000000026f1b800 WatcherThread [stack: 0x0000000028b50000,0x0000000028c50000] [id=7792]

VM state:not at safepoint (normal execution)

VM Mutex/Monitor currently owned by a thread: None

Heap:
 PSYoungGen      total 152576K, used 41548K [0x0000000716200000, 0x0000000720c00000, 0x00000007c0000000)
  eden space 131072K, 15% used [0x0000000716200000,0x00000007175942a0,0x000000071e200000)
  from space 21504K, 99% used [0x000000071f700000,0x0000000720bfee70,0x0000000720c00000)
  to   space 21504K, 0% used [0x000000071e200000,0x000000071e200000,0x000000071f700000)
 ParOldGen       total 348160K, used 28660K [0x00000005c2600000, 0x00000005d7a00000, 0x0000000716200000)
  object space 348160K, 8% used [0x00000005c2600000,0x00000005c41fd138,0x00000005d7a00000)
 Metaspace       used 9128K, capacity 9380K, committed 9600K, reserved 1058816K
  class space    used 992K, capacity 1070K, committed 1152K, reserved 1048576K

Card table byte_map: [0x0000000011980000,0x0000000012970000] byte_map_base: 0x000000000eb6d000

Marking Bits: (ParMarkBitMap*) 0x000000005295a6c0
 Begin Bits: [0x0000000013e10000, 0x000000001bd78000)
 End Bits:   [0x000000001bd78000, 0x0000000023ce0000)

Polling page: 0x0000000000a90000

CodeCache: size=245760Kb used=4021Kb max_used=4021Kb free=241738Kb
 bounds [0x00000000025c0000, 0x00000000029c0000, 0x00000000115c0000]
 total_blobs=1548 nmethods=1106 adapters=355
 compilation: enabled

Compilation events (10 events):
Event: 7.138 Thread 0x0000000026e5c800 nmethod 1106 0x00000000029ae6d0 code [0x00000000029ae8c0, 0x00000000029af318]
Event: 7.152 Thread 0x0000000026e5c800 1108       3       java.util.concurrent.locks.AbstractQueuedSynchronizer$ConditionObject::await (98 bytes)
Event: 7.153 Thread 0x0000000026e5c800 nmethod 1108 0x00000000029aca10 code [0x00000000029accc0, 0x00000000029adec8]
Event: 7.153 Thread 0x0000000026e5c800 1107   !   3       sun.awt.AWTAutoShutdown::notifyThreadFree (74 bytes)
Event: 7.153 Thread 0x0000000026e5c800 nmethod 1107 0x00000000029aacd0 code [0x00000000029aae80, 0x00000000029ab588]
Event: 7.219 Thread 0x0000000026e5c800 1109       3       java.util.concurrent.locks.AbstractQueuedSynchronizer$ConditionObject::doSignalAll (36 bytes)
Event: 7.220 Thread 0x0000000026e5c800 nmethod 1109 0x00000000029af6d0 code [0x00000000029af840, 0x00000000029afb48]
Event: 8.161 Thread 0x0000000026e5c800 1110       3       java.util.ArrayList::clear (39 bytes)
Event: 8.161 Thread 0x0000000026e5c800 nmethod 1110 0x00000000029afc90 code [0x00000000029afe00, 0x00000000029b0170]
Event: 8.511 Thread 0x0000000026e57000 1111       4       game.Build.Map.Units::update (489 bytes)

GC Heap History (4 events):
Event: 4.040 GC heap before
{Heap before GC invocations=1 (full 0):
 PSYoungGen      total 152576K, used 131072K [0x0000000716200000, 0x0000000720c00000, 0x00000007c0000000)
  eden space 131072K, 100% used [0x0000000716200000,0x000000071e200000,0x000000071e200000)
  from space 21504K, 0% used [0x000000071f700000,0x000000071f700000,0x0000000720c00000)
  to   space 21504K, 0% used [0x000000071e200000,0x000000071e200000,0x000000071f700000)
 ParOldGen       total 348160K, used 0K [0x00000005c2600000, 0x00000005d7a00000, 0x0000000716200000)
  object space 348160K, 0% used [0x00000005c2600000,0x00000005c2600000,0x00000005d7a00000)
 Metaspace       used 8960K, capacity 9188K, committed 9344K, reserved 1056768K
  class space    used 991K, capacity 1070K, committed 1152K, reserved 1048576K
Event: 4.048 GC heap after
Heap after GC invocations=1 (full 0):
 PSYoungGen      total 152576K, used 21499K [0x0000000716200000, 0x0000000720c00000, 0x00000007c0000000)
  eden space 131072K, 0% used [0x0000000716200000,0x0000000716200000,0x000000071e200000)
  from space 21504K, 99% used [0x000000071e200000,0x000000071f6fee70,0x000000071f700000)
  to   space 21504K, 0% used [0x000000071f700000,0x000000071f700000,0x0000000720c00000)
 ParOldGen       total 348160K, used 14555K [0x00000005c2600000, 0x00000005d7a00000, 0x0000000716200000)
  object space 348160K, 4% used [0x00000005c2600000,0x00000005c3436ff0,0x00000005d7a00000)
 Metaspace       used 8960K, capacity 9188K, committed 9344K, reserved 1056768K
  class space    used 991K, capacity 1070K, committed 1152K, reserved 1048576K
}
Event: 7.910 GC heap before
{Heap before GC invocations=2 (full 0):
 PSYoungGen      total 152576K, used 152571K [0x0000000716200000, 0x0000000720c00000, 0x00000007c0000000)
  eden space 131072K, 100% used [0x0000000716200000,0x000000071e200000,0x000000071e200000)
  from space 21504K, 99% used [0x000000071e200000,0x000000071f6fee70,0x000000071f700000)
  to   space 21504K, 0% used [0x000000071f700000,0x000000071f700000,0x0000000720c00000)
 ParOldGen       total 348160K, used 14555K [0x00000005c2600000, 0x00000005d7a00000, 0x0000000716200000)
  object space 348160K, 4% used [0x00000005c2600000,0x00000005c3436ff0,0x00000005d7a00000)
 Metaspace       used 9128K, capacity 9380K, committed 9600K, reserved 1058816K
  class space    used 992K, capacity 1070K, committed 1152K, reserved 1048576K
Event: 7.917 GC heap after
Heap after GC invocations=2 (full 0):
 PSYoungGen      total 152576K, used 21499K [0x0000000716200000, 0x0000000720c00000, 0x00000007c0000000)
  eden space 131072K, 0% used [0x0000000716200000,0x0000000716200000,0x000000071e200000)
  from space 21504K, 99% used [0x000000071f700000,0x0000000720bfee70,0x0000000720c00000)
  to   space 21504K, 0% used [0x000000071e200000,0x000000071e200000,0x000000071f700000)
 ParOldGen       total 348160K, used 28660K [0x00000005c2600000, 0x00000005d7a00000, 0x0000000716200000)
  object space 348160K, 8% used [0x00000005c2600000,0x00000005c41fd138,0x00000005d7a00000)
 Metaspace       used 9128K, capacity 9380K, committed 9600K, reserved 1058816K
  class space    used 992K, capacity 1070K, committed 1152K, reserved 1048576K
}

Deoptimization events (10 events):
Event: 1.237 Thread 0x0000000000afe800 Uncommon trap: reason=class_check action=maybe_recompile pc=0x000000000276775c method=game.Build.Window.loop()V @ 31
Event: 1.238 Thread 0x0000000000afe800 Uncommon trap: reason=class_check action=maybe_recompile pc=0x00000000028bfd68 method=sun.java2d.SunGraphics2D.fillRect(IIII)V @ 10
Event: 1.238 Thread 0x0000000000afe800 Uncommon trap: reason=class_check action=maybe_recompile pc=0x00000000028bfd68 method=sun.java2d.SunGraphics2D.fillRect(IIII)V @ 10
Event: 1.247 Thread 0x0000000000afe800 Uncommon trap: reason=class_check action=maybe_recompile pc=0x000000000276775c method=game.Build.Window.loop()V @ 31
Event: 1.248 Thread 0x0000000000afe800 Uncommon trap: reason=unstable_if action=reinterpret pc=0x00000000028ce6f4 method=game.Scene.Game_Scene.update(J)V @ 58
Event: 1.257 Thread 0x0000000000afe800 Uncommon trap: reason=class_check action=maybe_recompile pc=0x000000000276775c method=game.Build.Window.loop()V @ 31
Event: 3.864 Thread 0x0000000000afe800 Uncommon trap: reason=unstable_if action=reinterpret pc=0x00000000028d6158 method=game.Renderer.RenderBatch.render(Ljava/awt/Graphics;)V @ 234
Event: 4.052 Thread 0x0000000000afe800 Uncommon trap: reason=unstable_if action=reinterpret pc=0x0000000002928844 method=java.lang.ref.SoftReference.get()Ljava/lang/Object; @ 17
Event: 5.822 Thread 0x0000000028ce9800 Uncommon trap: reason=unstable_if action=reinterpret pc=0x000000000293ac50 method=game.Build.GameObject.isClicked(Lorg/joml/Vector2i;)Z @ 126
Event: 5.825 Thread 0x0000000000afe800 Uncommon trap: reason=unstable_if action=reinterpret pc=0x0000000002925b58 method=game.Build.Map.Units.update(JI)V @ 5

Internal exceptions (10 events):
Event: 0.071 Thread 0x0000000000afe800 Exception <a 'java/security/PrivilegedActionException'> (0x00000007162a4a28) thrown at [C:\re\workspace\8-2-build-windows-amd64-cygwin\jdk8u111\7883\hotspot\src\share\vm\prims\jvm.cpp, line 1386]
Event: 0.075 Thread 0x0000000000afe800 Exception <a 'java/io/FileNotFoundException'> (0x00000007162a79b8) thrown at [C:\re\workspace\8-2-build-windows-amd64-cygwin\jdk8u111\7883\hotspot\src\share\vm\prims\jni.cpp, line 709]
Event: 0.095 Thread 0x0000000000afe800 Exception <a 'java/lang/NoSuchFieldError': method resolution failed> (0x0000000716374f60) thrown at [C:\re\workspace\8-2-build-windows-amd64-cygwin\jdk8u111\7883\hotspot\src\share\vm\prims\methodHandles.cpp, line 1146]
Event: 0.096 Thread 0x0000000000afe800 Exception <a 'java/lang/NoSuchFieldError': method resolution failed> (0x0000000716382330) thrown at [C:\re\workspace\8-2-build-windows-amd64-cygwin\jdk8u111\7883\hotspot\src\share\vm\prims\methodHandles.cpp, line 1146]
Event: 0.123 Thread 0x0000000000afe800 Exception <a 'java/io/FileNotFoundException'> (0x0000000716419978) thrown at [C:\re\workspace\8-2-build-windows-amd64-cygwin\jdk8u111\7883\hotspot\src\share\vm\prims\jni.cpp, line 709]
Event: 0.136 Thread 0x0000000000afe800 Implicit null exception at 0x000000000272d9e6 to 0x000000000272dbcd
Event: 0.233 Thread 0x0000000000afe800 Exception <a 'java/io/FileNotFoundException'> (0x0000000716d46970) thrown at [C:\re\workspace\8-2-build-windows-amd64-cygwin\jdk8u111\7883\hotspot\src\share\vm\prims\jni.cpp, line 709]
Event: 0.240 Thread 0x0000000000afe800 Exception <a 'java/io/FileNotFoundException'> (0x0000000716d8d460) thrown at [C:\re\workspace\8-2-build-windows-amd64-cygwin\jdk8u111\7883\hotspot\src\share\vm\prims\jni.cpp, line 709]
Event: 0.246 Thread 0x0000000000afe800 Exception <a 'java/io/FileNotFoundException'> (0x0000000716dd9c90) thrown at [C:\re\workspace\8-2-build-windows-amd64-cygwin\jdk8u111\7883\hotspot\src\share\vm\prims\jni.cpp, line 709]
Event: 0.252 Thread 0x0000000000afe800 Exception <a 'java/io/FileNotFoundException'> (0x0000000716e21580) thrown at [C:\re\workspace\8-2-build-windows-amd64-cygwin\jdk8u111\7883\hotspot\src\share\vm\prims\jni.cpp, line 709]

Events (10 events):
Event: 5.821 Thread 0x0000000028ce9800 Uncommon trap: trap_request=0xffffff65 fr.pc=0x000000000293ac50
Event: 5.822 Thread 0x0000000028ce9800 DEOPT PACKING pc=0x000000000293ac50 sp=0x0000000029a4d0d0
Event: 5.822 Thread 0x0000000028ce9800 DEOPT UNPACKING pc=0x000000000260582a sp=0x0000000029a4d060 mode 2
Event: 5.825 Thread 0x0000000000afe800 Uncommon trap: trap_request=0xffffff65 fr.pc=0x0000000002925b58
Event: 5.825 Thread 0x0000000000afe800 DEOPT PACKING pc=0x0000000002925b58 sp=0x000000000242f230
Event: 5.825 Thread 0x0000000000afe800 DEOPT UNPACKING pc=0x000000000260582a sp=0x000000000242f158 mode 2
Event: 7.647 loading class org/joml/Math
Event: 7.647 loading class org/joml/Math done
Event: 7.910 Executing VM operation: ParallelGCFailedAllocation
Event: 7.917 Executing VM operation: ParallelGCFailedAllocation done


Dynamic libraries:
0x00007ff725da0000 - 0x00007ff725dd7000 	C:\Program Files\Java\jdk1.8.0_111\jre\bin\java.exe
0x00007fffc3930000 - 0x00007fffc3b26000 	C:\WINDOWS\SYSTEM32\ntdll.dll
0x00007fffc2f90000 - 0x00007fffc304d000 	C:\WINDOWS\System32\KERNEL32.DLL
0x00007fffc10b0000 - 0x00007fffc1378000 	C:\WINDOWS\System32\KERNELBASE.dll
0x00007fffc2610000 - 0x00007fffc26ba000 	C:\WINDOWS\System32\ADVAPI32.dll
0x00007fffc3340000 - 0x00007fffc33de000 	C:\WINDOWS\System32\msvcrt.dll
0x00007fffc3050000 - 0x00007fffc30eb000 	C:\WINDOWS\System32\sechost.dll
0x00007fffc2e60000 - 0x00007fffc2f84000 	C:\WINDOWS\System32\RPCRT4.dll
0x00007fffc2260000 - 0x00007fffc2400000 	C:\WINDOWS\System32\USER32.dll
0x00007fffc15b0000 - 0x00007fffc15d2000 	C:\WINDOWS\System32\win32u.dll
0x00007fffc2050000 - 0x00007fffc207a000 	C:\WINDOWS\System32\GDI32.dll
0x00007fffc1890000 - 0x00007fffc1999000 	C:\WINDOWS\System32\gdi32full.dll
0x00007fffc1460000 - 0x00007fffc14fd000 	C:\WINDOWS\System32\msvcp_win.dll
0x00007fffc15e0000 - 0x00007fffc16e0000 	C:\WINDOWS\System32\ucrtbase.dll
0x00007fff87780000 - 0x00007fff87a1b000 	C:\WINDOWS\WinSxS\amd64_microsoft.windows.common-controls_6595b64144ccf1df_6.0.19041.488_none_ca04af081b815d21\COMCTL32.dll
0x00007fffc3280000 - 0x00007fffc32b0000 	C:\WINDOWS\System32\IMM32.DLL
0x0000000054500000 - 0x00000000545d2000 	C:\Program Files\Java\jdk1.8.0_111\jre\bin\msvcr100.dll
0x0000000052140000 - 0x00000000529da000 	C:\Program Files\Java\jdk1.8.0_111\jre\bin\server\jvm.dll
0x00007fffc31d0000 - 0x00007fffc31d8000 	C:\WINDOWS\System32\PSAPI.DLL
0x00007fffbb4f0000 - 0x00007fffbb4f9000 	C:\WINDOWS\SYSTEM32\WSOCK32.dll
0x00007fffb2c20000 - 0x00007fffb2c47000 	C:\WINDOWS\SYSTEM32\WINMM.dll
0x00007fffbbc50000 - 0x00007fffbbc5a000 	C:\WINDOWS\SYSTEM32\VERSION.dll
0x00007fffc3200000 - 0x00007fffc326b000 	C:\WINDOWS\System32\WS2_32.dll
0x0000000055e50000 - 0x0000000055e5f000 	C:\Program Files\Java\jdk1.8.0_111\jre\bin\verify.dll
0x0000000054490000 - 0x00000000544b9000 	C:\Program Files\Java\jdk1.8.0_111\jre\bin\java.dll
0x0000000053940000 - 0x0000000053956000 	C:\Program Files\Java\jdk1.8.0_111\jre\bin\zip.dll
0x00007fffc2720000 - 0x00007fffc2e60000 	C:\WINDOWS\System32\SHELL32.dll
0x00007fffbf1b0000 - 0x00007fffbf944000 	C:\WINDOWS\SYSTEM32\windows.storage.dll
0x00007fffc3460000 - 0x00007fffc37b5000 	C:\WINDOWS\System32\combase.dll
0x00007fffc0af0000 - 0x00007fffc0b1c000 	C:\WINDOWS\SYSTEM32\Wldp.dll
0x00007fffc2150000 - 0x00007fffc21fe000 	C:\WINDOWS\System32\SHCORE.dll
0x00007fffc2400000 - 0x00007fffc2455000 	C:\WINDOWS\System32\shlwapi.dll
0x00007fffc0fb0000 - 0x00007fffc0fd6000 	C:\WINDOWS\SYSTEM32\profapi.dll
0x0000000053760000 - 0x00000000538f8000 	C:\Program Files\Java\jdk1.8.0_111\jre\bin\awt.dll
0x00007fffc2080000 - 0x00007fffc214d000 	C:\WINDOWS\System32\OLEAUT32.dll
0x00007fffbe920000 - 0x00007fffbe9b0000 	C:\WINDOWS\SYSTEM32\apphelp.dll
0x00007fffbeea0000 - 0x00007fffbeecf000 	C:\WINDOWS\system32\DWMAPI.DLL
0x00007fffbeaf0000 - 0x00007fffbeb8f000 	C:\WINDOWS\system32\uxtheme.dll
0x00007fffc19a0000 - 0x00007fffc1ab5000 	C:\WINDOWS\System32\MSCTF.dll
0x00007fffc37c0000 - 0x00007fffc38ea000 	C:\WINDOWS\System32\ole32.dll
0x00007fffbeed0000 - 0x00007fffbeee2000 	C:\WINDOWS\SYSTEM32\kernel.appcore.dll
0x00007fffc13e0000 - 0x00007fffc145f000 	C:\WINDOWS\System32\bcryptPrimitives.dll
0x0000000053710000 - 0x0000000053757000 	C:\Program Files\Java\jdk1.8.0_111\jre\bin\fontmanager.dll
0x00007fff921c0000 - 0x00007fff922bc000 	C:\WINDOWS\SYSTEM32\textinputframework.dll
0x00007fffbe610000 - 0x00007fffbe702000 	C:\WINDOWS\System32\CoreMessaging.dll
0x00007fffbdf30000 - 0x00007fffbe28e000 	C:\WINDOWS\System32\CoreUIComponents.dll
0x00007fffbfda0000 - 0x00007fffbfdd3000 	C:\WINDOWS\SYSTEM32\ntmarta.dll
0x00007fffbcf50000 - 0x00007fffbd0a6000 	C:\WINDOWS\SYSTEM32\wintypes.dll
0x0000000053920000 - 0x000000005393a000 	C:\Program Files\Java\jdk1.8.0_111\jre\bin\net.dll
0x00007fffc0870000 - 0x00007fffc08da000 	C:\WINDOWS\system32\mswsock.dll
0x0000000053900000 - 0x0000000053911000 	C:\Program Files\Java\jdk1.8.0_111\jre\bin\nio.dll
0x00000000536c0000 - 0x0000000053702000 	C:\Program Files\Java\jdk1.8.0_111\jre\bin\t2k.dll
0x00007fffba4d0000 - 0x00007fffba6b4000 	C:\WINDOWS\SYSTEM32\dbghelp.dll

VM Arguments:
jvm_args: -Dfile.encoding=UTF-8 
java_command: game.Main
java_class_path (initial): C:\Users\said-\Documents\NetBeansProjects\Game\Game\assets\jars\gson-2.8.6.jar;C:\Users\said-\Documents\NetBeansProjects\Game\Game\assets\jars\joml-1.9.25.jar;C:\Users\said-\Documents\NetBeansProjects\Game\Game\build\classes
Launcher Type: SUN_STANDARD

Environment Variables:
USERNAME=said-
OS=Windows_NT
PROCESSOR_IDENTIFIER=Intel64 Family 6 Model 158 Stepping 10, GenuineIntel



---------------  S Y S T E M  ---------------

OS: Windows 10.0 , 64 bit Build 19041 (10.0.19041.546)

CPU:total 12 (6 cores per cpu, 2 threads per core) family 6 model 158 stepping 10, cmov, cx8, fxsr, mmx, sse, sse2, sse3, ssse3, sse4.1, sse4.2, popcnt, avx, avx2, aes, clmul, erms, 3dnowpref, lzcnt, ht, tsc, tscinvbit, bmi1, bmi2, adx

Memory: 4k page, physical 33392948k(20561444k free), swap 38373684k(21901792k free)

vm_info: Java HotSpot(TM) 64-Bit Server VM (25.111-b14) for windows-amd64 JRE (1.8.0_111-b14), built on Sep 22 2016 19:24:05 by "java_re" with MS VC++ 10.0 (VS2010)

time: Wed Nov 11 19:24:03 2020
elapsed time: 8 seconds (0d 0h 0m 8s)

