#
# A fatal error has been detected by the Java Runtime Environment:
#
#  EXCEPTION_ACCESS_VIOLATION (0xc0000005) at pc=0x0000000055003c70, pid=25160, tid=0x000000000000016c
#
# JRE version: Java(TM) SE Runtime Environment (8.0_111-b14) (build 1.8.0_111-b14)
# Java VM: Java HotSpot(TM) 64-Bit Server VM (25.111-b14 mixed mode windows-amd64 compressed oops)
# Problematic frame:
# V  [jvm.dll+0x33c70]
#
# Failed to write core dump. Minidumps are not enabled by default on client versions of Windows
#
# If you would like to submit a bug report, please visit:
#   http://bugreport.java.com/bugreport/crash.jsp
#

---------------  T H R E A D  ---------------

Current thread (0x0000000027116800):  JavaThread "C2 CompilerThread1" daemon [_thread_in_vm, id=364, stack(0x0000000028880000,0x0000000028980000)]

siginfo: ExceptionCode=0xc0000005, reading address 0x0000000000000010

Registers:
RAX=0x0000000000000000, RBX=0x0000000000000000, RCX=0x0000000000000680, RDX=0x000000000000000f
RSP=0x000000002897ce30, RBP=0x0000000027135e50, RSI=0x0000000000000000, RDI=0x0000000027116800
R8 =0x00000000557c1778, R9 =0x0000000027135e50, R10=0x000000002950f0c8, R11=0x0000000000000000
R12=0x0000000000000011, R13=0x0000000000000001, R14=0x0000000000000000, R15=0x000000002b858be0
RIP=0x0000000055003c70, EFLAGS=0x0000000000010246

Top of Stack: (sp=0x000000002897ce30)
0x000000002897ce30:   000000002b520788 0000000000000000
0x000000002897ce40:   0000000027159f10 0000000000000005
0x000000002897ce50:   000000002b520788 000000005550045c
0x000000002897ce60:   0000000027135e50 0000000027135e50
0x000000002897ce70:   0000000000000000 00000000550002ae
0x000000002897ce80:   00000000295f6dc0 0000000000000000
0x000000002897ce90:   0000000000000000 00000000555009a4
0x000000002897cea0:   0000000000000001 0000000000000005
0x000000002897ceb0:   000000002b520788 0000000027135e50
0x000000002897cec0:   0000000000000001 0000000000000000
0x000000002897ced0:   0000000000000078 0000000000000000
0x000000002897cee0:   0000000000000000 000000007fffffff
0x000000002897cef0:   0000000000000741 0000000000000000
0x000000002897cf00:   0000000000000001 0000000055500fb2
0x000000002897cf10:   0000000000000000 000000002950f0c8
0x000000002897cf20:   0000000000000078 0000000000000020 

Instructions: (pc=0x0000000055003c70)
0x0000000055003c50:   85 c0 75 0a 8b 47 30 a9 00 00 00 30 74 08 48 8b
0x0000000055003c60:   cf e8 5a e9 20 00 c7 87 70 02 00 00 06 00 00 00
0x0000000055003c70:   48 8b 43 10 8b 0d ae cb 77 00 48 8b 18 ff 15 6d
0x0000000055003c80:   77 5a 00 48 8b cb 48 8b b0 d0 03 00 00 e8 ce 45 


Register to memory mapping:

RAX=0x0000000000000000 is an unknown value
RBX=0x0000000000000000 is an unknown value
RCX=0x0000000000000680 is an unknown value
RDX=0x000000000000000f is an unknown value
RSP=0x000000002897ce30 is pointing into the stack for thread: 0x0000000027116800
RBP=0x0000000027135e50 is an unknown value
RSI=0x0000000000000000 is an unknown value
RDI=0x0000000027116800 is a thread
R8 =0x00000000557c1778 is an unknown value
R9 =0x0000000027135e50 is an unknown value
R10=0x000000002950f0c8 is an unknown value
R11=0x0000000000000000 is an unknown value
R12=0x0000000000000011 is an unknown value
R13=0x0000000000000001 is an unknown value
R14=0x0000000000000000 is an unknown value
R15=0x000000002b858be0 is an unknown value


Stack: [0x0000000028880000,0x0000000028980000],  sp=0x000000002897ce30,  free space=1011k
Native frames: (J=compiled Java code, j=interpreted, Vv=VM code, C=native code)
V  [jvm.dll+0x33c70]
V  [jvm.dll+0x53045c]
V  [jvm.dll+0x5309a4]
V  [jvm.dll+0x530fb2]
V  [jvm.dll+0x44fd23]
V  [jvm.dll+0x50e20b]
V  [jvm.dll+0x48e68a]
V  [jvm.dll+0x4b370c]
V  [jvm.dll+0x4b9881]
V  [jvm.dll+0x4b9e50]
V  [jvm.dll+0x47efc6]
V  [jvm.dll+0x508387]
V  [jvm.dll+0x500ee7]
V  [jvm.dll+0x501269]
V  [jvm.dll+0x5017ff]
V  [jvm.dll+0x459900]
V  [jvm.dll+0x47efc6]
V  [jvm.dll+0x508387]
V  [jvm.dll+0x500ee7]
V  [jvm.dll+0x501269]
V  [jvm.dll+0x5017ff]
V  [jvm.dll+0x459900]
V  [jvm.dll+0x47efc6]
V  [jvm.dll+0x508387]
V  [jvm.dll+0x500ee7]
V  [jvm.dll+0x501269]
V  [jvm.dll+0x5017ff]
V  [jvm.dll+0x459900]
V  [jvm.dll+0x47efc6]
V  [jvm.dll+0x508387]
V  [jvm.dll+0x500ee7]
V  [jvm.dll+0x501269]
V  [jvm.dll+0x5017ff]
V  [jvm.dll+0x459900]
V  [jvm.dll+0x475d85]
V  [jvm.dll+0x4589b2]
V  [jvm.dll+0xa5742]
V  [jvm.dll+0xa607f]
V  [jvm.dll+0x244b7f]
V  [jvm.dll+0x29c43a]
C  [msvcr100.dll+0x21d9f]
C  [msvcr100.dll+0x21e3b]
C  [KERNEL32.DLL+0x17034]
C  [ntdll.dll+0x4cec1]


Current CompileTask:
C2:   1480  794 % !   4       game.Build.Map.Map::GenerateMountains @ 46 (557 bytes)


---------------  P R O C E S S  ---------------

Java Threads: ( => current thread )
  0x0000000028fd3800 JavaThread "AWT-EventQueue-0" [_thread_blocked, id=19152, stack(0x0000000029b70000,0x0000000029c70000)]
  0x0000000028fc6000 JavaThread "AWT-Windows" daemon [_thread_in_native, id=24924, stack(0x0000000029970000,0x0000000029a70000)]
  0x0000000028fc1800 JavaThread "AWT-Shutdown" [_thread_blocked, id=17052, stack(0x0000000029870000,0x0000000029970000)]
  0x0000000028f5a000 JavaThread "Java2D Disposer" daemon [_thread_blocked, id=21420, stack(0x0000000029770000,0x0000000029870000)]
  0x00000000271a9000 JavaThread "Service Thread" daemon [_thread_blocked, id=14796, stack(0x0000000028b80000,0x0000000028c80000)]
  0x000000002711c800 JavaThread "C1 CompilerThread3" daemon [_thread_blocked, id=3272, stack(0x0000000028a80000,0x0000000028b80000)]
  0x000000002711b800 JavaThread "C2 CompilerThread2" daemon [_thread_blocked, id=21380, stack(0x0000000028980000,0x0000000028a80000)]
=>0x0000000027116800 JavaThread "C2 CompilerThread1" daemon [_thread_in_vm, id=364, stack(0x0000000028880000,0x0000000028980000)]
  0x000000002710f800 JavaThread "C2 CompilerThread0" daemon [_thread_blocked, id=15084, stack(0x0000000028780000,0x0000000028880000)]
  0x000000002710d000 JavaThread "Attach Listener" daemon [_thread_blocked, id=19740, stack(0x0000000028680000,0x0000000028780000)]
  0x000000002710a000 JavaThread "Signal Dispatcher" daemon [_thread_blocked, id=19236, stack(0x0000000028580000,0x0000000028680000)]
  0x0000000027103000 JavaThread "Finalizer" daemon [_thread_blocked, id=25228, stack(0x0000000028360000,0x0000000028460000)]
  0x000000000284a000 JavaThread "Reference Handler" daemon [_thread_blocked, id=20468, stack(0x0000000028260000,0x0000000028360000)]
  0x0000000000d1e800 JavaThread "main" [_thread_blocked, id=19328, stack(0x0000000002650000,0x0000000002750000)]

Other Threads:
  0x00000000270e2800 VMThread [stack: 0x0000000028160000,0x0000000028260000] [id=23388]
  0x00000000271e7000 WatcherThread [stack: 0x0000000028df0000,0x0000000028ef0000] [id=11172]

VM state:synchronizing (normal execution)

VM Mutex/Monitor currently owned by a thread:  ([mutex/lock_event])
[0x0000000000d1e070] Threads_lock - owner thread: 0x00000000270e2800

Heap:
 PSYoungGen      total 152576K, used 49777K [0x0000000716200000, 0x0000000720c00000, 0x00000007c0000000)
  eden space 131072K, 37% used [0x0000000716200000,0x000000071929c548,0x000000071e200000)
  from space 21504K, 0% used [0x000000071f700000,0x000000071f700000,0x0000000720c00000)
  to   space 21504K, 0% used [0x000000071e200000,0x000000071e200000,0x000000071f700000)
 ParOldGen       total 348160K, used 0K [0x00000005c2600000, 0x00000005d7a00000, 0x0000000716200000)
  object space 348160K, 0% used [0x00000005c2600000,0x00000005c2600000,0x00000005d7a00000)
 Metaspace       used 9687K, capacity 9878K, committed 10240K, reserved 1058816K
  class space    used 1085K, capacity 1159K, committed 1280K, reserved 1048576K

Card table byte_map: [0x0000000011c10000,0x0000000012c00000] byte_map_base: 0x000000000edfd000

Marking Bits: (ParMarkBitMap*) 0x00000000557ea6c0
 Begin Bits: [0x00000000140a0000, 0x000000001c008000)
 End Bits:   [0x000000001c008000, 0x0000000023f70000)

Polling page: 0x0000000000d00000

CodeCache: size=245760Kb used=3065Kb max_used=3069Kb free=242694Kb
 bounds [0x0000000002850000, 0x0000000002b60000, 0x0000000011850000]
 total_blobs=1297 nmethods=838 adapters=372
 compilation: enabled

Compilation events (10 events):
Event: 1.450 Thread 0x000000002711c800  801       3       org.joml.Vector2f::<init> (15 bytes)
Event: 1.450 Thread 0x000000002711c800 nmethod 801 0x0000000002b376d0 code [0x0000000002b37820, 0x0000000002b379d0]
Event: 1.450 Thread 0x000000002711c800  802       1       org.joml.Vector4i::x (5 bytes)
Event: 1.450 Thread 0x000000002711c800 nmethod 802 0x0000000002b35f10 code [0x0000000002b36060, 0x0000000002b36170]
Event: 1.450 Thread 0x000000002711c800  803       1       org.joml.Vector4i::y (5 bytes)
Event: 1.450 Thread 0x000000002711b800 nmethod 799 0x0000000002b44150 code [0x0000000002b442a0, 0x0000000002b443b8]
Event: 1.450 Thread 0x000000002711c800 nmethod 803 0x0000000002b37410 code [0x0000000002b37560, 0x0000000002b37670]
Event: 1.450 Thread 0x000000002711c800  804       1       org.joml.Vector4i::z (5 bytes)
Event: 1.450 Thread 0x000000002711c800 nmethod 804 0x0000000002b37150 code [0x0000000002b372a0, 0x0000000002b373b0]
Event: 1.450 Thread 0x000000002711c800  806       3       org.joml.Vector4i::<init> (26 bytes)

GC Heap History (0 events):
No events

Deoptimization events (10 events):
Event: 0.242 Thread 0x0000000000d1e800 Uncommon trap: reason=unstable_if action=reinterpret pc=0x0000000002a168a4 method=game.Build.Window.loop()V @ 24
Event: 0.282 Thread 0x0000000000d1e800 Uncommon trap: reason=unstable_if action=reinterpret pc=0x0000000002a27740 method=java.lang.String.indexOf([CII[CIII)I @ 134
Event: 0.302 Thread 0x0000000000d1e800 Uncommon trap: reason=class_check action=maybe_recompile pc=0x00000000029dd058 method=java.lang.String.equals(Ljava/lang/Object;)Z @ 8
Event: 0.302 Thread 0x0000000000d1e800 Uncommon trap: reason=class_check action=maybe_recompile pc=0x00000000029dd058 method=java.lang.String.equals(Ljava/lang/Object;)Z @ 8
Event: 0.302 Thread 0x0000000000d1e800 Uncommon trap: reason=class_check action=maybe_recompile pc=0x00000000029dd058 method=java.lang.String.equals(Ljava/lang/Object;)Z @ 8
Event: 0.302 Thread 0x0000000000d1e800 Uncommon trap: reason=class_check action=maybe_recompile pc=0x00000000029dd058 method=java.lang.String.equals(Ljava/lang/Object;)Z @ 8
Event: 0.404 Thread 0x0000000000d1e800 Uncommon trap: reason=unstable_if action=reinterpret pc=0x0000000002a2209c method=java.lang.CharacterData.of(I)Ljava/lang/CharacterData; @ 4
Event: 0.412 Thread 0x0000000000d1e800 Uncommon trap: reason=unstable_if action=reinterpret pc=0x0000000002acbc28 method=java.lang.Character.isSurrogate(C)Z @ 3
Event: 1.414 Thread 0x0000000000d1e800 Uncommon trap: reason=unstable_if action=reinterpret pc=0x0000000002ae2d94 method=java.nio.channels.spi.AbstractInterruptibleChannel.end(Z)V @ 31
Event: 1.414 Thread 0x0000000000d1e800 Uncommon trap: reason=unstable_if action=reinterpret pc=0x0000000002b066d4 method=java.lang.StringCoding$StringDecoder.decode([BII)[C @ 20

Internal exceptions (10 events):
Event: 0.073 Thread 0x0000000000d1e800 Exception <a 'java/security/PrivilegedActionException'> (0x000000071629fe20) thrown at [C:\re\workspace\8-2-build-windows-amd64-cygwin\jdk8u111\7883\hotspot\src\share\vm\prims\jvm.cpp, line 1386]
Event: 0.076 Thread 0x0000000000d1e800 Exception <a 'java/io/FileNotFoundException'> (0x00000007162a2db0) thrown at [C:\re\workspace\8-2-build-windows-amd64-cygwin\jdk8u111\7883\hotspot\src\share\vm\prims\jni.cpp, line 709]
Event: 0.097 Thread 0x0000000000d1e800 Exception <a 'java/lang/NoSuchFieldError': method resolution failed> (0x0000000716370358) thrown at [C:\re\workspace\8-2-build-windows-amd64-cygwin\jdk8u111\7883\hotspot\src\share\vm\prims\methodHandles.cpp, line 1146]
Event: 0.098 Thread 0x0000000000d1e800 Exception <a 'java/lang/NoSuchFieldError': method resolution failed> (0x000000071637d728) thrown at [C:\re\workspace\8-2-build-windows-amd64-cygwin\jdk8u111\7883\hotspot\src\share\vm\prims\methodHandles.cpp, line 1146]
Event: 0.126 Thread 0x0000000000d1e800 Exception <a 'java/io/FileNotFoundException'> (0x0000000716414d70) thrown at [C:\re\workspace\8-2-build-windows-amd64-cygwin\jdk8u111\7883\hotspot\src\share\vm\prims\jni.cpp, line 709]
Event: 0.138 Thread 0x0000000000d1e800 Implicit null exception at 0x00000000029ba7a6 to 0x00000000029ba98d
Event: 0.277 Thread 0x0000000000d1e800 Exception <a 'java/io/FileNotFoundException'> (0x00000007176b4140) thrown at [C:\re\workspace\8-2-build-windows-amd64-cygwin\jdk8u111\7883\hotspot\src\share\vm\prims\jni.cpp, line 709]
Event: 0.284 Thread 0x0000000000d1e800 Exception <a 'java/io/FileNotFoundException'> (0x00000007176fac30) thrown at [C:\re\workspace\8-2-build-windows-amd64-cygwin\jdk8u111\7883\hotspot\src\share\vm\prims\jni.cpp, line 709]
Event: 0.290 Thread 0x0000000000d1e800 Exception <a 'java/io/FileNotFoundException'> (0x0000000717747460) thrown at [C:\re\workspace\8-2-build-windows-amd64-cygwin\jdk8u111\7883\hotspot\src\share\vm\prims\jni.cpp, line 709]
Event: 0.295 Thread 0x0000000000d1e800 Exception <a 'java/io/FileNotFoundException'> (0x000000071778ed50) thrown at [C:\re\workspace\8-2-build-windows-amd64-cygwin\jdk8u111\7883\hotspot\src\share\vm\prims\jni.cpp, line 709]

Events (10 events):
Event: 1.432 loading class sun/util/resources/CurrencyNames
Event: 1.433 loading class sun/util/resources/LocaleNamesBundle
Event: 1.433 loading class sun/util/resources/OpenListResourceBundle
Event: 1.433 loading class sun/util/resources/OpenListResourceBundle done
Event: 1.433 loading class sun/util/resources/LocaleNamesBundle done
Event: 1.433 loading class sun/util/resources/CurrencyNames done
Event: 1.433 loading class sun/util/resources/es/CurrencyNames_es
Event: 1.433 loading class sun/util/resources/es/CurrencyNames_es done
Event: 1.433 loading class sun/util/resources/es/CurrencyNames_es_ES
Event: 1.433 loading class sun/util/resources/es/CurrencyNames_es_ES done


Dynamic libraries:
0x00007ff70a5b0000 - 0x00007ff70a5e7000 	C:\Program Files\Java\jdk1.8.0_111\jre\bin\java.exe
0x00007ffe4e030000 - 0x00007ffe4e226000 	C:\WINDOWS\SYSTEM32\ntdll.dll
0x00007ffe4caa0000 - 0x00007ffe4cb5d000 	C:\WINDOWS\System32\KERNEL32.DLL
0x00007ffe4b960000 - 0x00007ffe4bc28000 	C:\WINDOWS\System32\KERNELBASE.dll
0x00007ffe4c6f0000 - 0x00007ffe4c79a000 	C:\WINDOWS\System32\ADVAPI32.dll
0x00007ffe4c0a0000 - 0x00007ffe4c13e000 	C:\WINDOWS\System32\msvcrt.dll
0x00007ffe4deb0000 - 0x00007ffe4df4b000 	C:\WINDOWS\System32\sechost.dll
0x00007ffe4c900000 - 0x00007ffe4ca24000 	C:\WINDOWS\System32\RPCRT4.dll
0x00007ffe4cfe0000 - 0x00007ffe4d180000 	C:\WINDOWS\System32\USER32.dll
0x00007ffe4c040000 - 0x00007ffe4c062000 	C:\WINDOWS\System32\win32u.dll
0x00007ffe4c610000 - 0x00007ffe4c63a000 	C:\WINDOWS\System32\GDI32.dll
0x00007ffe4bc80000 - 0x00007ffe4bd89000 	C:\WINDOWS\System32\gdi32full.dll
0x00007ffe4bef0000 - 0x00007ffe4bf8d000 	C:\WINDOWS\System32\msvcp_win.dll
0x00007ffe4b860000 - 0x00007ffe4b960000 	C:\WINDOWS\System32\ucrtbase.dll
0x00007ffe1a910000 - 0x00007ffe1abab000 	C:\WINDOWS\WinSxS\amd64_microsoft.windows.common-controls_6595b64144ccf1df_6.0.19041.488_none_ca04af081b815d21\COMCTL32.dll
0x00007ffe4c4c0000 - 0x00007ffe4c4f0000 	C:\WINDOWS\System32\IMM32.DLL
0x0000000054ef0000 - 0x0000000054fc2000 	C:\Program Files\Java\jdk1.8.0_111\jre\bin\msvcr100.dll
0x0000000054fd0000 - 0x000000005586a000 	C:\Program Files\Java\jdk1.8.0_111\jre\bin\server\jvm.dll
0x00007ffe4df50000 - 0x00007ffe4df58000 	C:\WINDOWS\System32\PSAPI.DLL
0x00007ffe49220000 - 0x00007ffe49229000 	C:\WINDOWS\SYSTEM32\WSOCK32.dll
0x00007ffe45db0000 - 0x00007ffe45dba000 	C:\WINDOWS\SYSTEM32\VERSION.dll
0x00007ffe414f0000 - 0x00007ffe41517000 	C:\WINDOWS\SYSTEM32\WINMM.dll
0x00007ffe4ca30000 - 0x00007ffe4ca9b000 	C:\WINDOWS\System32\WS2_32.dll
0x0000000057910000 - 0x000000005791f000 	C:\Program Files\Java\jdk1.8.0_111\jre\bin\verify.dll
0x0000000057450000 - 0x0000000057479000 	C:\Program Files\Java\jdk1.8.0_111\jre\bin\java.dll
0x0000000056b80000 - 0x0000000056b96000 	C:\Program Files\Java\jdk1.8.0_111\jre\bin\zip.dll
0x00007ffe4d230000 - 0x00007ffe4d970000 	C:\WINDOWS\System32\SHELL32.dll
0x00007ffe498b0000 - 0x00007ffe4a044000 	C:\WINDOWS\SYSTEM32\windows.storage.dll
0x00007ffe4c160000 - 0x00007ffe4c4b5000 	C:\WINDOWS\System32\combase.dll
0x00007ffe4b120000 - 0x00007ffe4b14c000 	C:\WINDOWS\SYSTEM32\Wldp.dll
0x00007ffe4d180000 - 0x00007ffe4d22e000 	C:\WINDOWS\System32\SHCORE.dll
0x00007ffe4cc90000 - 0x00007ffe4cce5000 	C:\WINDOWS\System32\shlwapi.dll
0x00007ffe4b6b0000 - 0x00007ffe4b6d6000 	C:\WINDOWS\SYSTEM32\profapi.dll
0x0000000054d30000 - 0x0000000054ec8000 	C:\Program Files\Java\jdk1.8.0_111\jre\bin\awt.dll
0x00007ffe4d970000 - 0x00007ffe4da3d000 	C:\WINDOWS\System32\OLEAUT32.dll
0x00007ffe49230000 - 0x00007ffe492c0000 	C:\WINDOWS\SYSTEM32\apphelp.dll
0x00007ffe495a0000 - 0x00007ffe495cf000 	C:\WINDOWS\system32\DWMAPI.DLL
0x00007ffe492e0000 - 0x00007ffe4937f000 	C:\WINDOWS\system32\uxtheme.dll
0x00007ffe4c4f0000 - 0x00007ffe4c605000 	C:\WINDOWS\System32\MSCTF.dll
0x00007ffe4cb60000 - 0x00007ffe4cc8a000 	C:\WINDOWS\System32\ole32.dll
0x00007ffe496b0000 - 0x00007ffe496c2000 	C:\WINDOWS\SYSTEM32\kernel.appcore.dll
0x00007ffe4b780000 - 0x00007ffe4b7ff000 	C:\WINDOWS\System32\bcryptPrimitives.dll
0x0000000054ce0000 - 0x0000000054d27000 	C:\Program Files\Java\jdk1.8.0_111\jre\bin\fontmanager.dll
0x0000000056b60000 - 0x0000000056b7a000 	C:\Program Files\Java\jdk1.8.0_111\jre\bin\net.dll
0x00007ffe4aea0000 - 0x00007ffe4af0a000 	C:\WINDOWS\system32\mswsock.dll
0x0000000054ed0000 - 0x0000000054ee1000 	C:\Program Files\Java\jdk1.8.0_111\jre\bin\nio.dll
0x00007ffe43c00000 - 0x00007ffe43cfc000 	C:\WINDOWS\SYSTEM32\textinputframework.dll
0x00007ffe48870000 - 0x00007ffe48bce000 	C:\WINDOWS\System32\CoreUIComponents.dll
0x00007ffe47e70000 - 0x00007ffe47f62000 	C:\WINDOWS\System32\CoreMessaging.dll
0x00007ffe4a470000 - 0x00007ffe4a4a3000 	C:\WINDOWS\SYSTEM32\ntmarta.dll
0x00007ffe47640000 - 0x00007ffe47796000 	C:\WINDOWS\SYSTEM32\wintypes.dll
0x0000000054c90000 - 0x0000000054cd2000 	C:\Program Files\Java\jdk1.8.0_111\jre\bin\t2k.dll
0x00007ffe33b10000 - 0x00007ffe33cf4000 	C:\WINDOWS\SYSTEM32\dbghelp.dll

VM Arguments:
jvm_args: -Dfile.encoding=UTF-8 
java_command: game.Main
java_class_path (initial): C:\Users\said-\Documents\NetBeansProjects\Game\Game\assets\jars\gson-2.8.6.jar;C:\Users\said-\Documents\NetBeansProjects\Game\Game\assets\jars\joml-1.9.25.jar;C:\Users\said-\Documents\NetBeansProjects\Game\Game\build\classes
Launcher Type: SUN_STANDARD

Environment Variables:
USERNAME=said-
OS=Windows_NT
PROCESSOR_IDENTIFIER=Intel64 Family 6 Model 158 Stepping 10, GenuineIntel



---------------  S Y S T E M  ---------------

OS: Windows 10.0 , 64 bit Build 19041 (10.0.19041.546)

CPU:total 12 (6 cores per cpu, 2 threads per core) family 6 model 158 stepping 10, cmov, cx8, fxsr, mmx, sse, sse2, sse3, ssse3, sse4.1, sse4.2, popcnt, avx, avx2, aes, clmul, erms, 3dnowpref, lzcnt, ht, tsc, tscinvbit, bmi1, bmi2, adx

Memory: 4k page, physical 33392948k(25246628k free), swap 38373684k(26828960k free)

vm_info: Java HotSpot(TM) 64-Bit Server VM (25.111-b14) for windows-amd64 JRE (1.8.0_111-b14), built on Sep 22 2016 19:24:05 by "java_re" with MS VC++ 10.0 (VS2010)

time: Mon Oct 26 08:48:29 2020
elapsed time: 1 seconds (0d 0h 0m 1s)

