#
# A fatal error has been detected by the Java Runtime Environment:
#
#  EXCEPTION_ACCESS_VIOLATION (0xc0000005) at pc=0x0000000054b83c70, pid=17192, tid=0x0000000000004d94
#
# JRE version: Java(TM) SE Runtime Environment (8.0_111-b14) (build 1.8.0_111-b14)
# Java VM: Java HotSpot(TM) 64-Bit Server VM (25.111-b14 mixed mode windows-amd64 compressed oops)
# Problematic frame:
# V  [jvm.dll+0x33c70]
#
# Failed to write core dump. Minidumps are not enabled by default on client versions of Windows
#
# If you would like to submit a bug report, please visit:
#   http://bugreport.java.com/bugreport/crash.jsp
#

---------------  T H R E A D  ---------------

Current thread (0x0000000027563000):  JavaThread "C2 CompilerThread0" daemon [_thread_in_vm, id=19860, stack(0x0000000028be0000,0x0000000028ce0000)]

siginfo: ExceptionCode=0xc0000005, reading address 0x0000000000000010

Registers:
RAX=0x0000000000000000, RBX=0x0000000000000000, RCX=0x0000000000000300, RDX=0x000000000000000f
RSP=0x0000000028cdcef0, RBP=0x0000000002c8a2e0, RSI=0x0000000000000000, RDI=0x0000000027563000
R8 =0x0000000055341778, R9 =0x0000000002c8a2e0, R10=0x000000002bcc1900, R11=0x0000000000000000
R12=0x0000000000000011, R13=0x0000000000000001, R14=0x0000000000000000, R15=0x0000000027781a60
RIP=0x0000000054b83c70, EFLAGS=0x0000000000010246

Top of Stack: (sp=0x0000000028cdcef0)
0x0000000028cdcef0:   00000000275b17d0 0000000000000000
0x0000000028cdcf00:   0000000029498cc0 0000000000000005
0x0000000028cdcf10:   00000000275b17d0 000000005508045c
0x0000000028cdcf20:   0000000002c8a2e0 0000000002c8a2e0
0x0000000028cdcf30:   0000000000000000 0000000054b802ae
0x0000000028cdcf40:   0000000027796ab0 0000000000000000
0x0000000028cdcf50:   0000000000000000 00000000550809a4
0x0000000028cdcf60:   0000000000000001 0000000000000005
0x0000000028cdcf70:   00000000275b17d0 0000000002c8a2e0
0x0000000028cdcf80:   0000000000000001 0000000000000000
0x0000000028cdcf90:   0000000000000078 0000000000000000
0x0000000028cdcfa0:   0000000000000000 000000007fffffff
0x0000000028cdcfb0:   00000000000007d1 0000000000000000
0x0000000028cdcfc0:   0000000000000001 0000000055080fb2
0x0000000028cdcfd0:   0000000000000000 000000002bcc1900
0x0000000028cdcfe0:   0000000000000078 0000000028cdd090 

Instructions: (pc=0x0000000054b83c70)
0x0000000054b83c50:   85 c0 75 0a 8b 47 30 a9 00 00 00 30 74 08 48 8b
0x0000000054b83c60:   cf e8 5a e9 20 00 c7 87 70 02 00 00 06 00 00 00
0x0000000054b83c70:   48 8b 43 10 8b 0d ae cb 77 00 48 8b 18 ff 15 6d
0x0000000054b83c80:   77 5a 00 48 8b cb 48 8b b0 d0 03 00 00 e8 ce 45 


Register to memory mapping:

RAX=0x0000000000000000 is an unknown value
RBX=0x0000000000000000 is an unknown value
RCX=0x0000000000000300 is an unknown value
RDX=0x000000000000000f is an unknown value
RSP=0x0000000028cdcef0 is pointing into the stack for thread: 0x0000000027563000
RBP=0x0000000002c8a2e0 is an unknown value
RSI=0x0000000000000000 is an unknown value
RDI=0x0000000027563000 is a thread
R8 =0x0000000055341778 is an unknown value
R9 =0x0000000002c8a2e0 is an unknown value
R10=0x000000002bcc1900 is an unknown value
R11=0x0000000000000000 is an unknown value
R12=0x0000000000000011 is an unknown value
R13=0x0000000000000001 is an unknown value
R14=0x0000000000000000 is an unknown value
R15=0x0000000027781a60 is an unknown value


Stack: [0x0000000028be0000,0x0000000028ce0000],  sp=0x0000000028cdcef0,  free space=1011k
Native frames: (J=compiled Java code, j=interpreted, Vv=VM code, C=native code)
V  [jvm.dll+0x33c70]
V  [jvm.dll+0x53045c]
V  [jvm.dll+0x5309a4]
V  [jvm.dll+0x530fb2]
V  [jvm.dll+0x44fd23]
V  [jvm.dll+0x50e20b]
V  [jvm.dll+0x48e68a]
V  [jvm.dll+0x4b370c]
V  [jvm.dll+0x4b9881]
V  [jvm.dll+0x4b9e50]
V  [jvm.dll+0x47efc6]
V  [jvm.dll+0x508387]
V  [jvm.dll+0x500ee7]
V  [jvm.dll+0x501269]
V  [jvm.dll+0x5017ff]
V  [jvm.dll+0x459900]
V  [jvm.dll+0x47efc6]
V  [jvm.dll+0x508387]
V  [jvm.dll+0x500ee7]
V  [jvm.dll+0x501269]
V  [jvm.dll+0x5017ff]
V  [jvm.dll+0x459900]
V  [jvm.dll+0x47efc6]
V  [jvm.dll+0x508387]
V  [jvm.dll+0x500ee7]
V  [jvm.dll+0x501269]
V  [jvm.dll+0x5017ff]
V  [jvm.dll+0x459900]
V  [jvm.dll+0x475d85]
V  [jvm.dll+0x4589b2]
V  [jvm.dll+0xa5742]
V  [jvm.dll+0xa607f]
V  [jvm.dll+0x244b7f]
V  [jvm.dll+0x29c43a]
C  [msvcr100.dll+0x21d9f]
C  [msvcr100.dll+0x21e3b]
C  [KERNEL32.DLL+0x17034]
C  [ntdll.dll+0x4cec1]


Current CompileTask:
C2:  47862 1137       4       game.Scene.Game_Scene::inspectClickEvent (261 bytes)


---------------  P R O C E S S  ---------------

Java Threads: ( => current thread )
  0x0000000029422800 JavaThread "AWT-EventQueue-0" [_thread_blocked, id=15812, stack(0x000000002a020000,0x000000002a120000)]
  0x00000000293b7800 JavaThread "AWT-Windows" daemon [_thread_in_native, id=30700, stack(0x0000000029e20000,0x0000000029f20000)]
  0x00000000293b7000 JavaThread "AWT-Shutdown" [_thread_blocked, id=28876, stack(0x0000000029d20000,0x0000000029e20000)]
  0x00000000293b6000 JavaThread "Java2D Disposer" daemon [_thread_blocked, id=1216, stack(0x0000000029b50000,0x0000000029c50000)]
  0x00000000275f3800 JavaThread "Service Thread" daemon [_thread_blocked, id=1976, stack(0x0000000028fe0000,0x00000000290e0000)]
  0x000000002756e000 JavaThread "C1 CompilerThread3" daemon [_thread_blocked, id=27804, stack(0x0000000028ee0000,0x0000000028fe0000)]
  0x000000002756d800 JavaThread "C2 CompilerThread2" daemon [_thread_blocked, id=30148, stack(0x0000000028de0000,0x0000000028ee0000)]
  0x0000000027568000 JavaThread "C2 CompilerThread1" daemon [_thread_blocked, id=6384, stack(0x0000000028ce0000,0x0000000028de0000)]
=>0x0000000027563000 JavaThread "C2 CompilerThread0" daemon [_thread_in_vm, id=19860, stack(0x0000000028be0000,0x0000000028ce0000)]
  0x0000000027561000 JavaThread "Attach Listener" daemon [_thread_blocked, id=32228, stack(0x0000000028ae0000,0x0000000028be0000)]
  0x000000002755e000 JavaThread "Signal Dispatcher" daemon [_thread_blocked, id=14840, stack(0x00000000289e0000,0x0000000028ae0000)]
  0x0000000027553000 JavaThread "Finalizer" daemon [_thread_blocked, id=31808, stack(0x00000000287c0000,0x00000000288c0000)]
  0x0000000025e7d000 JavaThread "Reference Handler" daemon [_thread_blocked, id=32676, stack(0x00000000286c0000,0x00000000287c0000)]
  0x0000000002c7e800 JavaThread "main" [_thread_in_vm, id=16840, stack(0x0000000002a90000,0x0000000002b90000)]

Other Threads:
  0x0000000025e75800 VMThread [stack: 0x00000000285c0000,0x00000000286c0000] [id=17376]
  0x0000000027619800 WatcherThread [stack: 0x0000000029250000,0x0000000029350000] [id=27212]

VM state:not at safepoint (normal execution)

VM Mutex/Monitor currently owned by a thread: None

Heap:
 PSYoungGen      total 143872K, used 24169K [0x0000000716200000, 0x0000000721600000, 0x00000007c0000000)
  eden space 109568K, 21% used [0x0000000716200000,0x0000000717982610,0x000000071cd00000)
  from space 34304K, 0% used [0x000000071f480000,0x000000071f498000,0x0000000721600000)
  to   space 37376K, 0% used [0x000000071cd00000,0x000000071cd00000,0x000000071f180000)
 ParOldGen       total 348160K, used 43199K [0x00000005c2600000, 0x00000005d7a00000, 0x0000000716200000)
  object space 348160K, 12% used [0x00000005c2600000,0x00000005c502ff58,0x00000005d7a00000)
 Metaspace       used 9077K, capacity 9304K, committed 9600K, reserved 1058816K
  class space    used 990K, capacity 1068K, committed 1152K, reserved 1048576K

Card table byte_map: [0x0000000012140000,0x0000000013130000] byte_map_base: 0x000000000f32d000

Marking Bits: (ParMarkBitMap*) 0x000000005536a6c0
 Begin Bits: [0x00000000145d0000, 0x000000001c538000)
 End Bits:   [0x000000001c538000, 0x00000000244a0000)

Polling page: 0x00000000011d0000

CodeCache: size=245760Kb used=4186Kb max_used=4217Kb free=241573Kb
 bounds [0x0000000002d80000, 0x00000000031b0000, 0x0000000011d80000]
 total_blobs=1573 nmethods=1132 adapters=354
 compilation: enabled

Compilation events (10 events):
Event: 45.191 Thread 0x000000002756e000 1133       3       java.nio.CharBuffer::arrayOffset (35 bytes)
Event: 45.191 Thread 0x000000002756e000 nmethod 1133 0x000000000318bf10 code [0x000000000318c0a0, 0x000000000318c3b8]
Event: 45.205 Thread 0x0000000027568000 nmethod 1132% 0x0000000003190f90 code [0x0000000003191220, 0x0000000003192038]
Event: 45.574 Thread 0x0000000027563000 1134       4       sun.util.logging.PlatformLogger::isLoggable (38 bytes)
Event: 45.575 Thread 0x0000000027563000 nmethod 1134 0x000000000317e410 code [0x000000000317e560, 0x000000000317e6b8]
Event: 45.985 Thread 0x000000002756d800 1135       4       java.awt.EventQueue::eventToCacheIndex (80 bytes)
Event: 45.986 Thread 0x000000002756d800 nmethod 1135 0x000000000318bc10 code [0x000000000318bd60, 0x000000000318be38]
Event: 46.022 Thread 0x0000000027568000 1136   !   4       sun.awt.PostEventQueue::flush (168 bytes)
Event: 46.074 Thread 0x0000000027568000 nmethod 1136 0x00000000031999d0 code [0x0000000003199e00, 0x000000000319ec90]
Event: 47.335 Thread 0x0000000027563000 1137       4       game.Scene.Game_Scene::inspectClickEvent (261 bytes)

GC Heap History (10 events):
Event: 32.376 GC heap before
{Heap before GC invocations=8 (full 0):
 PSYoungGen      total 155648K, used 122560K [0x0000000716200000, 0x0000000722080000, 0x00000007c0000000)
  eden space 122368K, 100% used [0x0000000716200000,0x000000071d980000,0x000000071d980000)
  from space 33280K, 0% used [0x000000071dc00000,0x000000071dc30000,0x000000071fc80000)
  to   space 36352K, 0% used [0x000000071fd00000,0x000000071fd00000,0x0000000722080000)
 ParOldGen       total 348160K, used 43119K [0x00000005c2600000, 0x00000005d7a00000, 0x0000000716200000)
  object space 348160K, 12% used [0x00000005c2600000,0x00000005c501bf58,0x00000005d7a00000)
 Metaspace       used 9075K, capacity 9304K, committed 9600K, reserved 1058816K
  class space    used 990K, capacity 1068K, committed 1152K, reserved 1048576K
Event: 32.378 GC heap after
Heap after GC invocations=8 (full 0):
 PSYoungGen      total 156160K, used 128K [0x0000000716200000, 0x0000000722100000, 0x00000007c0000000)
  eden space 119808K, 0% used [0x0000000716200000,0x0000000716200000,0x000000071d700000)
  from space 36352K, 0% used [0x000000071fd00000,0x000000071fd20000,0x0000000722080000)
  to   space 37888K, 0% used [0x000000071d700000,0x000000071d700000,0x000000071fc00000)
 ParOldGen       total 348160K, used 43151K [0x00000005c2600000, 0x00000005d7a00000, 0x0000000716200000)
  object space 348160K, 12% used [0x00000005c2600000,0x00000005c5023f58,0x00000005d7a00000)
 Metaspace       used 9075K, capacity 9304K, committed 9600K, reserved 1058816K
  class space    used 990K, capacity 1068K, committed 1152K, reserved 1048576K
}
Event: 36.183 GC heap before
{Heap before GC invocations=9 (full 0):
 PSYoungGen      total 156160K, used 119936K [0x0000000716200000, 0x0000000722100000, 0x00000007c0000000)
  eden space 119808K, 100% used [0x0000000716200000,0x000000071d700000,0x000000071d700000)
  from space 36352K, 0% used [0x000000071fd00000,0x000000071fd20000,0x0000000722080000)
  to   space 37888K, 0% used [0x000000071d700000,0x000000071d700000,0x000000071fc00000)
 ParOldGen       total 348160K, used 43151K [0x00000005c2600000, 0x00000005d7a00000, 0x0000000716200000)
  object space 348160K, 12% used [0x00000005c2600000,0x00000005c5023f58,0x00000005d7a00000)
 Metaspace       used 9075K, capacity 9304K, committed 9600K, reserved 1058816K
  class space    used 990K, capacity 1068K, committed 1152K, reserved 1048576K
Event: 36.184 GC heap after
Heap after GC invocations=9 (full 0):
 PSYoungGen      total 117760K, used 96K [0x0000000716200000, 0x0000000721f80000, 0x00000007c0000000)
  eden space 117248K, 0% used [0x0000000716200000,0x0000000716200000,0x000000071d480000)
  from space 512K, 18% used [0x000000071d700000,0x000000071d718000,0x000000071d780000)
  to   space 38400K, 0% used [0x000000071fa00000,0x000000071fa00000,0x0000000721f80000)
 ParOldGen       total 348160K, used 43175K [0x00000005c2600000, 0x00000005d7a00000, 0x0000000716200000)
  object space 348160K, 12% used [0x00000005c2600000,0x00000005c5029f58,0x00000005d7a00000)
 Metaspace       used 9075K, capacity 9304K, committed 9600K, reserved 1058816K
  class space    used 990K, capacity 1068K, committed 1152K, reserved 1048576K
}
Event: 39.908 GC heap before
{Heap before GC invocations=10 (full 0):
 PSYoungGen      total 117760K, used 117344K [0x0000000716200000, 0x0000000721f80000, 0x00000007c0000000)
  eden space 117248K, 100% used [0x0000000716200000,0x000000071d480000,0x000000071d480000)
  from space 512K, 18% used [0x000000071d700000,0x000000071d718000,0x000000071d780000)
  to   space 38400K, 0% used [0x000000071fa00000,0x000000071fa00000,0x0000000721f80000)
 ParOldGen       total 348160K, used 43175K [0x00000005c2600000, 0x00000005d7a00000, 0x0000000716200000)
  object space 348160K, 12% used [0x00000005c2600000,0x00000005c5029f58,0x00000005d7a00000)
 Metaspace       used 9075K, capacity 9304K, committed 9600K, reserved 1058816K
  class space    used 990K, capacity 1068K, committed 1152K, reserved 1048576K
Event: 39.909 GC heap after
Heap after GC invocations=10 (full 0):
 PSYoungGen      total 150528K, used 96K [0x0000000716200000, 0x0000000721d00000, 0x00000007c0000000)
  eden space 114688K, 0% used [0x0000000716200000,0x0000000716200000,0x000000071d200000)
  from space 35840K, 0% used [0x000000071fa00000,0x000000071fa18000,0x0000000721d00000)
  to   space 38400K, 0% used [0x000000071d200000,0x000000071d200000,0x000000071f780000)
 ParOldGen       total 348160K, used 43191K [0x00000005c2600000, 0x00000005d7a00000, 0x0000000716200000)
  object space 348160K, 12% used [0x00000005c2600000,0x00000005c502df58,0x00000005d7a00000)
 Metaspace       used 9075K, capacity 9304K, committed 9600K, reserved 1058816K
  class space    used 990K, capacity 1068K, committed 1152K, reserved 1048576K
}
Event: 43.554 GC heap before
{Heap before GC invocations=11 (full 0):
 PSYoungGen      total 150528K, used 114784K [0x0000000716200000, 0x0000000721d00000, 0x00000007c0000000)
  eden space 114688K, 100% used [0x0000000716200000,0x000000071d200000,0x000000071d200000)
  from space 35840K, 0% used [0x000000071fa00000,0x000000071fa18000,0x0000000721d00000)
  to   space 38400K, 0% used [0x000000071d200000,0x000000071d200000,0x000000071f780000)
 ParOldGen       total 348160K, used 43191K [0x00000005c2600000, 0x00000005d7a00000, 0x0000000716200000)
  object space 348160K, 12% used [0x00000005c2600000,0x00000005c502df58,0x00000005d7a00000)
 Metaspace       used 9076K, capacity 9304K, committed 9600K, reserved 1058816K
  class space    used 990K, capacity 1068K, committed 1152K, reserved 1048576K
Event: 43.555 GC heap after
Heap after GC invocations=11 (full 0):
 PSYoungGen      total 112640K, used 96K [0x0000000716200000, 0x0000000721980000, 0x00000007c0000000)
  eden space 112128K, 0% used [0x0000000716200000,0x0000000716200000,0x000000071cf80000)
  from space 512K, 18% used [0x000000071d200000,0x000000071d218000,0x000000071d280000)
  to   space 37888K, 0% used [0x000000071f480000,0x000000071f480000,0x0000000721980000)
 ParOldGen       total 348160K, used 43199K [0x00000005c2600000, 0x00000005d7a00000, 0x0000000716200000)
  object space 348160K, 12% used [0x00000005c2600000,0x00000005c502ff58,0x00000005d7a00000)
 Metaspace       used 9076K, capacity 9304K, committed 9600K, reserved 1058816K
  class space    used 990K, capacity 1068K, committed 1152K, reserved 1048576K
}
Event: 47.120 GC heap before
{Heap before GC invocations=12 (full 0):
 PSYoungGen      total 112640K, used 112224K [0x0000000716200000, 0x0000000721980000, 0x00000007c0000000)
  eden space 112128K, 100% used [0x0000000716200000,0x000000071cf80000,0x000000071cf80000)
  from space 512K, 18% used [0x000000071d200000,0x000000071d218000,0x000000071d280000)
  to   space 37888K, 0% used [0x000000071f480000,0x000000071f480000,0x0000000721980000)
 ParOldGen       total 348160K, used 43199K [0x00000005c2600000, 0x00000005d7a00000, 0x0000000716200000)
  object space 348160K, 12% used [0x00000005c2600000,0x00000005c502ff58,0x00000005d7a00000)
 Metaspace       used 9077K, capacity 9304K, committed 9600K, reserved 1058816K
  class space    used 990K, capacity 1068K, committed 1152K, reserved 1048576K
Event: 47.121 GC heap after
Heap after GC invocations=12 (full 0):
 PSYoungGen      total 143872K, used 96K [0x0000000716200000, 0x0000000721600000, 0x00000007c0000000)
  eden space 109568K, 0% used [0x0000000716200000,0x0000000716200000,0x000000071cd00000)
  from space 34304K, 0% used [0x000000071f480000,0x000000071f498000,0x0000000721600000)
  to   space 37376K, 0% used [0x000000071cd00000,0x000000071cd00000,0x000000071f180000)
 ParOldGen       total 348160K, used 43199K [0x00000005c2600000, 0x00000005d7a00000, 0x0000000716200000)
  object space 348160K, 12% used [0x00000005c2600000,0x00000005c502ff58,0x00000005d7a00000)
 Metaspace       used 9077K, capacity 9304K, committed 9600K, reserved 1058816K
  class space    used 990K, capacity 1068K, committed 1152K, reserved 1048576K
}

Deoptimization events (10 events):
Event: 0.415 Thread 0x0000000002c7e800 Uncommon trap: reason=unstable_if action=reinterpret pc=0x0000000002f339d8 method=java.lang.CharacterData.of(I)Ljava/lang/CharacterData; @ 4
Event: 0.424 Thread 0x0000000002c7e800 Uncommon trap: reason=unstable_if action=reinterpret pc=0x0000000002fd8868 method=java.lang.Character.isSurrogate(C)Z @ 3
Event: 1.400 Thread 0x0000000002c7e800 Uncommon trap: reason=unstable_if action=reinterpret pc=0x0000000002f48f7c method=java.lang.String.<init>([CII)V @ 18
Event: 1.422 Thread 0x0000000002c7e800 Uncommon trap: reason=class_check action=maybe_recompile pc=0x00000000030138dc method=game.Build.Window.loop()V @ 31
Event: 1.422 Thread 0x0000000002c7e800 Uncommon trap: reason=unstable_if action=reinterpret pc=0x0000000003072acc method=game.Build.GameObject.getComponent(Ljava/lang/Class;)Lgame/Build/Component/Component; @ 37
Event: 1.449 Thread 0x0000000002c7e800 Uncommon trap: reason=class_check action=maybe_recompile pc=0x00000000030138dc method=game.Build.Window.loop()V @ 31
Event: 1.459 Thread 0x0000000002c7e800 Uncommon trap: reason=class_check action=maybe_recompile pc=0x00000000030138dc method=game.Build.Window.loop()V @ 31
Event: 1.490 Thread 0x0000000002c7e800 Uncommon trap: reason=class_check action=maybe_recompile pc=0x00000000030138dc method=game.Build.Window.loop()V @ 31
Event: 3.169 Thread 0x0000000002c7e800 Uncommon trap: reason=unstable_if action=reinterpret pc=0x0000000003091260 method=game.Renderer.RenderBatch.render(Ljava/awt/Graphics;)V @ 234
Event: 5.207 Thread 0x0000000002c7e800 Uncommon trap: reason=unstable_if action=reinterpret pc=0x000000000309dae4 method=org.joml.Vector2i.equals(Ljava/lang/Object;)Z @ 39

Internal exceptions (10 events):
Event: 0.078 Thread 0x0000000002c7e800 Exception <a 'java/security/PrivilegedActionException'> (0x00000007162a1700) thrown at [C:\re\workspace\8-2-build-windows-amd64-cygwin\jdk8u111\7883\hotspot\src\share\vm\prims\jvm.cpp, line 1386]
Event: 0.081 Thread 0x0000000002c7e800 Exception <a 'java/io/FileNotFoundException'> (0x00000007162a4690) thrown at [C:\re\workspace\8-2-build-windows-amd64-cygwin\jdk8u111\7883\hotspot\src\share\vm\prims\jni.cpp, line 709]
Event: 0.102 Thread 0x0000000002c7e800 Exception <a 'java/lang/NoSuchFieldError': method resolution failed> (0x0000000716371c38) thrown at [C:\re\workspace\8-2-build-windows-amd64-cygwin\jdk8u111\7883\hotspot\src\share\vm\prims\methodHandles.cpp, line 1146]
Event: 0.103 Thread 0x0000000002c7e800 Exception <a 'java/lang/NoSuchFieldError': method resolution failed> (0x000000071637f008) thrown at [C:\re\workspace\8-2-build-windows-amd64-cygwin\jdk8u111\7883\hotspot\src\share\vm\prims\methodHandles.cpp, line 1146]
Event: 0.131 Thread 0x0000000002c7e800 Exception <a 'java/io/FileNotFoundException'> (0x00000007164165c0) thrown at [C:\re\workspace\8-2-build-windows-amd64-cygwin\jdk8u111\7883\hotspot\src\share\vm\prims\jni.cpp, line 709]
Event: 0.145 Thread 0x0000000002c7e800 Implicit null exception at 0x0000000002eec466 to 0x0000000002eec64d
Event: 0.254 Thread 0x0000000002c7e800 Exception <a 'java/io/FileNotFoundException'> (0x0000000716d435c8) thrown at [C:\re\workspace\8-2-build-windows-amd64-cygwin\jdk8u111\7883\hotspot\src\share\vm\prims\jni.cpp, line 709]
Event: 0.262 Thread 0x0000000002c7e800 Exception <a 'java/io/FileNotFoundException'> (0x0000000716d8a0b8) thrown at [C:\re\workspace\8-2-build-windows-amd64-cygwin\jdk8u111\7883\hotspot\src\share\vm\prims\jni.cpp, line 709]
Event: 0.268 Thread 0x0000000002c7e800 Exception <a 'java/io/FileNotFoundException'> (0x0000000716dd68e8) thrown at [C:\re\workspace\8-2-build-windows-amd64-cygwin\jdk8u111\7883\hotspot\src\share\vm\prims\jni.cpp, line 709]
Event: 0.275 Thread 0x0000000002c7e800 Exception <a 'java/io/FileNotFoundException'> (0x0000000716e1e1d8) thrown at [C:\re\workspace\8-2-build-windows-amd64-cygwin\jdk8u111\7883\hotspot\src\share\vm\prims\jni.cpp, line 709]

Events (10 events):
Event: 36.183 Executing VM operation: ParallelGCFailedAllocation
Event: 36.184 Executing VM operation: ParallelGCFailedAllocation done
Event: 39.908 Executing VM operation: ParallelGCFailedAllocation
Event: 39.909 Executing VM operation: ParallelGCFailedAllocation done
Event: 43.554 Executing VM operation: ParallelGCFailedAllocation
Event: 43.555 Executing VM operation: ParallelGCFailedAllocation done
Event: 47.120 Executing VM operation: ParallelGCFailedAllocation
Event: 47.121 Executing VM operation: ParallelGCFailedAllocation done
Event: 47.335 Thread 0x0000000029422800 DEOPT PACKING pc=0x000000000318680a sp=0x000000002a11d100
Event: 47.335 Thread 0x0000000029422800 DEOPT UNPACKING pc=0x0000000002dc787f sp=0x000000002a11cf20 mode 0


Dynamic libraries:
0x00007ff640960000 - 0x00007ff640997000 	C:\Program Files\Java\jdk1.8.0_111\jre\bin\java.exe
0x00007ffe4e030000 - 0x00007ffe4e226000 	C:\WINDOWS\SYSTEM32\ntdll.dll
0x00007ffe4caa0000 - 0x00007ffe4cb5d000 	C:\WINDOWS\System32\KERNEL32.DLL
0x00007ffe4b960000 - 0x00007ffe4bc28000 	C:\WINDOWS\System32\KERNELBASE.dll
0x00007ffe4c6f0000 - 0x00007ffe4c79a000 	C:\WINDOWS\System32\ADVAPI32.dll
0x00007ffe4c0a0000 - 0x00007ffe4c13e000 	C:\WINDOWS\System32\msvcrt.dll
0x00007ffe4deb0000 - 0x00007ffe4df4b000 	C:\WINDOWS\System32\sechost.dll
0x00007ffe4c900000 - 0x00007ffe4ca24000 	C:\WINDOWS\System32\RPCRT4.dll
0x00007ffe4cfe0000 - 0x00007ffe4d180000 	C:\WINDOWS\System32\USER32.dll
0x00007ffe4c040000 - 0x00007ffe4c062000 	C:\WINDOWS\System32\win32u.dll
0x00007ffe4c610000 - 0x00007ffe4c63a000 	C:\WINDOWS\System32\GDI32.dll
0x00007ffe4bc80000 - 0x00007ffe4bd89000 	C:\WINDOWS\System32\gdi32full.dll
0x00007ffe4bef0000 - 0x00007ffe4bf8d000 	C:\WINDOWS\System32\msvcp_win.dll
0x00007ffe4b860000 - 0x00007ffe4b960000 	C:\WINDOWS\System32\ucrtbase.dll
0x00007ffe1a910000 - 0x00007ffe1abab000 	C:\WINDOWS\WinSxS\amd64_microsoft.windows.common-controls_6595b64144ccf1df_6.0.19041.488_none_ca04af081b815d21\COMCTL32.dll
0x00007ffe4c4c0000 - 0x00007ffe4c4f0000 	C:\WINDOWS\System32\IMM32.DLL
0x0000000055bd0000 - 0x0000000055ca2000 	C:\Program Files\Java\jdk1.8.0_111\jre\bin\msvcr100.dll
0x0000000054b50000 - 0x00000000553ea000 	C:\Program Files\Java\jdk1.8.0_111\jre\bin\server\jvm.dll
0x00007ffe4df50000 - 0x00007ffe4df58000 	C:\WINDOWS\System32\PSAPI.DLL
0x00007ffe475b0000 - 0x00007ffe475b9000 	C:\WINDOWS\SYSTEM32\WSOCK32.dll
0x00007ffe414f0000 - 0x00007ffe41517000 	C:\WINDOWS\SYSTEM32\WINMM.dll
0x00007ffe4ca30000 - 0x00007ffe4ca9b000 	C:\WINDOWS\System32\WS2_32.dll
0x00007ffe45db0000 - 0x00007ffe45dba000 	C:\WINDOWS\SYSTEM32\VERSION.dll
0x0000000057910000 - 0x000000005791f000 	C:\Program Files\Java\jdk1.8.0_111\jre\bin\verify.dll
0x0000000057450000 - 0x0000000057479000 	C:\Program Files\Java\jdk1.8.0_111\jre\bin\java.dll
0x0000000056b80000 - 0x0000000056b96000 	C:\Program Files\Java\jdk1.8.0_111\jre\bin\zip.dll
0x00007ffe4d230000 - 0x00007ffe4d970000 	C:\WINDOWS\System32\SHELL32.dll
0x00007ffe498b0000 - 0x00007ffe4a044000 	C:\WINDOWS\SYSTEM32\windows.storage.dll
0x00007ffe4c160000 - 0x00007ffe4c4b5000 	C:\WINDOWS\System32\combase.dll
0x00007ffe4b120000 - 0x00007ffe4b14c000 	C:\WINDOWS\SYSTEM32\Wldp.dll
0x00007ffe4d180000 - 0x00007ffe4d22e000 	C:\WINDOWS\System32\SHCORE.dll
0x00007ffe4cc90000 - 0x00007ffe4cce5000 	C:\WINDOWS\System32\shlwapi.dll
0x00007ffe4b6b0000 - 0x00007ffe4b6d6000 	C:\WINDOWS\SYSTEM32\profapi.dll
0x00000000549b0000 - 0x0000000054b48000 	C:\Program Files\Java\jdk1.8.0_111\jre\bin\awt.dll
0x00007ffe4d970000 - 0x00007ffe4da3d000 	C:\WINDOWS\System32\OLEAUT32.dll
0x00007ffe49230000 - 0x00007ffe492c0000 	C:\WINDOWS\SYSTEM32\apphelp.dll
0x00007ffe495a0000 - 0x00007ffe495cf000 	C:\WINDOWS\system32\DWMAPI.DLL
0x00007ffe492e0000 - 0x00007ffe4937f000 	C:\WINDOWS\system32\uxtheme.dll
0x00007ffe4c4f0000 - 0x00007ffe4c605000 	C:\WINDOWS\System32\MSCTF.dll
0x00007ffe4cb60000 - 0x00007ffe4cc8a000 	C:\WINDOWS\System32\ole32.dll
0x00007ffe496b0000 - 0x00007ffe496c2000 	C:\WINDOWS\SYSTEM32\kernel.appcore.dll
0x00007ffe4b780000 - 0x00007ffe4b7ff000 	C:\WINDOWS\System32\bcryptPrimitives.dll
0x0000000055b60000 - 0x0000000055ba7000 	C:\Program Files\Java\jdk1.8.0_111\jre\bin\fontmanager.dll
0x00007ffe43c00000 - 0x00007ffe43cfc000 	C:\WINDOWS\SYSTEM32\textinputframework.dll
0x00007ffe48870000 - 0x00007ffe48bce000 	C:\WINDOWS\System32\CoreUIComponents.dll
0x00007ffe47e70000 - 0x00007ffe47f62000 	C:\WINDOWS\System32\CoreMessaging.dll
0x00007ffe4a470000 - 0x00007ffe4a4a3000 	C:\WINDOWS\SYSTEM32\ntmarta.dll
0x00007ffe47640000 - 0x00007ffe47796000 	C:\WINDOWS\SYSTEM32\wintypes.dll
0x0000000056b60000 - 0x0000000056b7a000 	C:\Program Files\Java\jdk1.8.0_111\jre\bin\net.dll
0x00007ffe4aea0000 - 0x00007ffe4af0a000 	C:\WINDOWS\system32\mswsock.dll
0x0000000055bb0000 - 0x0000000055bc1000 	C:\Program Files\Java\jdk1.8.0_111\jre\bin\nio.dll
0x0000000055b10000 - 0x0000000055b52000 	C:\Program Files\Java\jdk1.8.0_111\jre\bin\t2k.dll
0x00007ffe33b10000 - 0x00007ffe33cf4000 	C:\WINDOWS\SYSTEM32\dbghelp.dll

VM Arguments:
jvm_args: -Dfile.encoding=UTF-8 
java_command: game.Main
java_class_path (initial): C:\Users\said-\Documents\NetBeansProjects\Game\Game\assets\jars\gson-2.8.6.jar;C:\Users\said-\Documents\NetBeansProjects\Game\Game\assets\jars\joml-1.9.25.jar;C:\Users\said-\Documents\NetBeansProjects\Game\Game\build\classes
Launcher Type: SUN_STANDARD

Environment Variables:
USERNAME=said-
OS=Windows_NT
PROCESSOR_IDENTIFIER=Intel64 Family 6 Model 158 Stepping 10, GenuineIntel



---------------  S Y S T E M  ---------------

OS: Windows 10.0 , 64 bit Build 19041 (10.0.19041.546)

CPU:total 12 (6 cores per cpu, 2 threads per core) family 6 model 158 stepping 10, cmov, cx8, fxsr, mmx, sse, sse2, sse3, ssse3, sse4.1, sse4.2, popcnt, avx, avx2, aes, clmul, erms, 3dnowpref, lzcnt, ht, tsc, tscinvbit, bmi1, bmi2, adx

Memory: 4k page, physical 33392948k(20508560k free), swap 38373684k(22639276k free)

vm_info: Java HotSpot(TM) 64-Bit Server VM (25.111-b14) for windows-amd64 JRE (1.8.0_111-b14), built on Sep 22 2016 19:24:05 by "java_re" with MS VC++ 10.0 (VS2010)

time: Sun Nov 01 19:29:43 2020
elapsed time: 47 seconds (0d 0h 0m 47s)

