#
# A fatal error has been detected by the Java Runtime Environment:
#
#  EXCEPTION_ACCESS_VIOLATION (0xc0000005) at pc=0x0000000055003c70, pid=20472, tid=0x0000000000004648
#
# JRE version: Java(TM) SE Runtime Environment (8.0_111-b14) (build 1.8.0_111-b14)
# Java VM: Java HotSpot(TM) 64-Bit Server VM (25.111-b14 mixed mode windows-amd64 compressed oops)
# Problematic frame:
# V  [jvm.dll+0x33c70]
#
# Failed to write core dump. Minidumps are not enabled by default on client versions of Windows
#
# If you would like to submit a bug report, please visit:
#   http://bugreport.java.com/bugreport/crash.jsp
#

---------------  T H R E A D  ---------------

Current thread (0x0000000026e7b800):  JavaThread "C2 CompilerThread2" daemon [_thread_in_vm, id=17992, stack(0x00000000286e0000,0x00000000287e0000)]

siginfo: ExceptionCode=0xc0000005, reading address 0x0000000000000010

Registers:
RAX=0x0000000000000000, RBX=0x0000000000000000, RCX=0x0000000000000b80, RDX=0x000000000000000f
RSP=0x00000000287dc870, RBP=0x0000000026e95e50, RSI=0x0000000000000000, RDI=0x0000000026e7b800
R8 =0x00000000557c1778, R9 =0x0000000026e95e50, R10=0x000000002909c860, R11=0x0000000000000000
R12=0x0000000000000011, R13=0x0000000000000001, R14=0x0000000000000000, R15=0x000000002b4339c8
RIP=0x0000000055003c70, EFLAGS=0x0000000000010246

Top of Stack: (sp=0x00000000287dc870)
0x00000000287dc870:   000000002909d1c0 0000000000000000
0x00000000287dc880:   0000000028dedca0 0000000000000005
0x00000000287dc890:   000000002909d1c0 000000005550045c
0x00000000287dc8a0:   0000000026e95e50 0000000026e95e50
0x00000000287dc8b0:   0000000000000000 00000000550002ae
0x00000000287dc8c0:   000000002b4fbf30 0000000000000000
0x00000000287dc8d0:   0000000000000000 00000000555009a4
0x00000000287dc8e0:   0000000000000001 0000000000000005
0x00000000287dc8f0:   000000002909d1c0 0000000026e95e50
0x00000000287dc900:   0000000000000001 0000000000000000
0x00000000287dc910:   0000000000000078 0000000000000000
0x00000000287dc920:   0000000000000000 000000007fffffff
0x00000000287dc930:   0000000000000573 0000000000000000
0x00000000287dc940:   0000000000000001 0000000055500fb2
0x00000000287dc950:   0000000000000000 000000002909c860
0x00000000287dc960:   0000000000000078 0000000000000020 

Instructions: (pc=0x0000000055003c70)
0x0000000055003c50:   85 c0 75 0a 8b 47 30 a9 00 00 00 30 74 08 48 8b
0x0000000055003c60:   cf e8 5a e9 20 00 c7 87 70 02 00 00 06 00 00 00
0x0000000055003c70:   48 8b 43 10 8b 0d ae cb 77 00 48 8b 18 ff 15 6d
0x0000000055003c80:   77 5a 00 48 8b cb 48 8b b0 d0 03 00 00 e8 ce 45 


Register to memory mapping:

RAX=0x0000000000000000 is an unknown value
RBX=0x0000000000000000 is an unknown value
RCX=0x0000000000000b80 is an unknown value
RDX=0x000000000000000f is an unknown value
RSP=0x00000000287dc870 is pointing into the stack for thread: 0x0000000026e7b800
RBP=0x0000000026e95e50 is an unknown value
RSI=0x0000000000000000 is an unknown value
RDI=0x0000000026e7b800 is a thread
R8 =0x00000000557c1778 is an unknown value
R9 =0x0000000026e95e50 is an unknown value
R10=0x000000002909c860 is an unknown value
R11=0x0000000000000000 is an unknown value
R12=0x0000000000000011 is an unknown value
R13=0x0000000000000001 is an unknown value
R14=0x0000000000000000 is an unknown value
R15=0x000000002b4339c8 is an unknown value


Stack: [0x00000000286e0000,0x00000000287e0000],  sp=0x00000000287dc870,  free space=1010k
Native frames: (J=compiled Java code, j=interpreted, Vv=VM code, C=native code)
V  [jvm.dll+0x33c70]
V  [jvm.dll+0x53045c]
V  [jvm.dll+0x5309a4]
V  [jvm.dll+0x530fb2]
V  [jvm.dll+0x44fd23]
V  [jvm.dll+0x50e20b]
V  [jvm.dll+0x48e68a]
V  [jvm.dll+0x4b370c]
V  [jvm.dll+0x4b9881]
V  [jvm.dll+0x4b9e50]
V  [jvm.dll+0x47efc6]
V  [jvm.dll+0x508387]
V  [jvm.dll+0x500ee7]
V  [jvm.dll+0x501269]
V  [jvm.dll+0x5017ff]
V  [jvm.dll+0x459900]
V  [jvm.dll+0x47efc6]
V  [jvm.dll+0x508387]
V  [jvm.dll+0x500ee7]
V  [jvm.dll+0x501269]
V  [jvm.dll+0x5017ff]
V  [jvm.dll+0x459900]
V  [jvm.dll+0x47efc6]
V  [jvm.dll+0x508387]
V  [jvm.dll+0x500ee7]
V  [jvm.dll+0x501269]
V  [jvm.dll+0x5017ff]
V  [jvm.dll+0x459900]
V  [jvm.dll+0x47efc6]
V  [jvm.dll+0x508387]
V  [jvm.dll+0x500ee7]
V  [jvm.dll+0x501269]
V  [jvm.dll+0x5017ff]
V  [jvm.dll+0x459900]
V  [jvm.dll+0x475d85]
V  [jvm.dll+0x4589b2]
V  [jvm.dll+0xa5742]
V  [jvm.dll+0xa607f]
V  [jvm.dll+0x244b7f]
V  [jvm.dll+0x29c43a]
C  [msvcr100.dll+0x21d9f]
C  [msvcr100.dll+0x21e3b]
C  [KERNEL32.DLL+0x17034]
C  [ntdll.dll+0x4cec1]


Current CompileTask:
C2:   2559  869 % !   4       game.Build.Map.Map::GenerateMountains @ 43 (525 bytes)


---------------  P R O C E S S  ---------------

Java Threads: ( => current thread )
  0x0000000028d28800 JavaThread "AWT-EventQueue-0" [_thread_blocked, id=25044, stack(0x00000000298b0000,0x00000000299b0000)]
  0x0000000028cc9000 JavaThread "AWT-Windows" daemon [_thread_blocked, id=7584, stack(0x00000000296b0000,0x00000000297b0000)]
  0x0000000028cc8800 JavaThread "AWT-Shutdown" [_thread_blocked, id=23124, stack(0x00000000295b0000,0x00000000296b0000)]
  0x0000000028cc7800 JavaThread "Java2D Disposer" daemon [_thread_blocked, id=7780, stack(0x0000000029460000,0x0000000029560000)]
  0x0000000026f09000 JavaThread "Service Thread" daemon [_thread_blocked, id=15148, stack(0x00000000288e0000,0x00000000289e0000)]
  0x0000000026e7c800 JavaThread "C1 CompilerThread3" daemon [_thread_blocked, id=19724, stack(0x00000000287e0000,0x00000000288e0000)]
=>0x0000000026e7b800 JavaThread "C2 CompilerThread2" daemon [_thread_in_vm, id=17992, stack(0x00000000286e0000,0x00000000287e0000)]
  0x0000000026e77000 JavaThread "C2 CompilerThread1" daemon [_thread_in_vm, id=13816, stack(0x00000000285e0000,0x00000000286e0000)]
  0x0000000026e6f800 JavaThread "C2 CompilerThread0" daemon [_thread_in_vm, id=11568, stack(0x00000000284e0000,0x00000000285e0000)]
  0x0000000026e6d000 JavaThread "Attach Listener" daemon [_thread_blocked, id=14700, stack(0x00000000283e0000,0x00000000284e0000)]
  0x0000000026e6a000 JavaThread "Signal Dispatcher" daemon [_thread_blocked, id=12036, stack(0x00000000282e0000,0x00000000283e0000)]
  0x0000000026e63000 JavaThread "Finalizer" daemon [_thread_blocked, id=18904, stack(0x00000000280c0000,0x00000000281c0000)]
  0x00000000025ca000 JavaThread "Reference Handler" daemon [_thread_blocked, id=23748, stack(0x0000000027fc0000,0x00000000280c0000)]
  0x000000000239e800 JavaThread "main" [_thread_blocked, id=24784, stack(0x00000000023a0000,0x00000000024a0000)]

Other Threads:
  0x0000000026e42800 VMThread [stack: 0x0000000027ec0000,0x0000000027fc0000] [id=23184]
  0x0000000026f36800 WatcherThread [stack: 0x0000000028b50000,0x0000000028c50000] [id=6312]

VM state:synchronizing (normal execution)

VM Mutex/Monitor currently owned by a thread:  ([mutex/lock_event])
[0x000000000239d740] Threads_lock - owner thread: 0x0000000026e42800
[0x000000000239d4c0] Heap_lock - owner thread: 0x000000000239e800

Heap:
 PSYoungGen      total 152576K, used 131072K [0x0000000716200000, 0x0000000720c00000, 0x00000007c0000000)
  eden space 131072K, 100% used [0x0000000716200000,0x000000071e200000,0x000000071e200000)
  from space 21504K, 0% used [0x000000071f700000,0x000000071f700000,0x0000000720c00000)
  to   space 21504K, 0% used [0x000000071e200000,0x000000071e200000,0x000000071f700000)
 ParOldGen       total 348160K, used 0K [0x00000005c2600000, 0x00000005d7a00000, 0x0000000716200000)
  object space 348160K, 0% used [0x00000005c2600000,0x00000005c2600000,0x00000005d7a00000)
 Metaspace       used 9707K, capacity 9942K, committed 10240K, reserved 1058816K
  class space    used 1085K, capacity 1159K, committed 1280K, reserved 1048576K

Card table byte_map: [0x0000000011990000,0x0000000012980000] byte_map_base: 0x000000000eb7d000

Marking Bits: (ParMarkBitMap*) 0x00000000557ea6c0
 Begin Bits: [0x0000000013e20000, 0x000000001bd88000)
 End Bits:   [0x000000001bd88000, 0x0000000023cf0000)

Polling page: 0x0000000002370000

CodeCache: size=245760Kb used=3150Kb max_used=3162Kb free=242609Kb
 bounds [0x00000000025d0000, 0x00000000028f0000, 0x00000000115d0000]
 total_blobs=1327 nmethods=868 adapters=372
 compilation: enabled

Compilation events (10 events):
Event: 1.850 Thread 0x0000000026e7c800 nmethod 864 0x00000000028d8ed0 code [0x00000000028d9060, 0x00000000028d9450]
Event: 1.851 Thread 0x0000000026e7c800  865       3       game.Build.Map.Map::getRandomMountainPosition (73 bytes)
Event: 1.851 Thread 0x0000000026e7c800 nmethod 865 0x00000000028dae90 code [0x00000000028db100, 0x00000000028dbe78]
Event: 1.852 Thread 0x0000000026e6f800  866       4       org.joml.Random$Xorshiro128::nextSplitMix64 (43 bytes)
Event: 1.852 Thread 0x0000000026e6f800 nmethod 866 0x00000000028d8c90 code [0x00000000028d8dc0, 0x00000000028d8e78]
Event: 1.859 Thread 0x0000000026e7c800  867 % !   3       game.Build.Map.Map::GenerateMountains @ 43 (525 bytes)
Event: 1.860 Thread 0x0000000026e7c800 nmethod 867% 0x00000000028df4d0 code [0x00000000028df900, 0x00000000028e2588]
Event: 1.860 Thread 0x0000000026e7c800  868   !   3       game.Build.Map.Map::GenerateMountains (525 bytes)
Event: 1.862 Thread 0x0000000026e7c800 nmethod 868 0x00000000028e3cd0 code [0x00000000028e4180, 0x00000000028e7298]
Event: 1.862 Thread 0x0000000026e7b800  869 % !   4       game.Build.Map.Map::GenerateMountains @ 43 (525 bytes)

GC Heap History (0 events):
No events

Deoptimization events (10 events):
Event: 0.243 Thread 0x000000000239e800 Uncommon trap: reason=unstable_if action=reinterpret pc=0x0000000002798d24 method=game.Build.Window.loop()V @ 24
Event: 0.285 Thread 0x000000000239e800 Uncommon trap: reason=unstable_if action=reinterpret pc=0x00000000027ae740 method=java.lang.String.indexOf([CII[CIII)I @ 134
Event: 0.306 Thread 0x000000000239e800 Uncommon trap: reason=class_check action=maybe_recompile pc=0x000000000275f698 method=java.lang.String.equals(Ljava/lang/Object;)Z @ 8
Event: 0.306 Thread 0x000000000239e800 Uncommon trap: reason=class_check action=maybe_recompile pc=0x000000000275f698 method=java.lang.String.equals(Ljava/lang/Object;)Z @ 8
Event: 0.306 Thread 0x000000000239e800 Uncommon trap: reason=class_check action=maybe_recompile pc=0x000000000275f698 method=java.lang.String.equals(Ljava/lang/Object;)Z @ 8
Event: 0.306 Thread 0x000000000239e800 Uncommon trap: reason=class_check action=maybe_recompile pc=0x000000000275f698 method=java.lang.String.equals(Ljava/lang/Object;)Z @ 8
Event: 0.410 Thread 0x000000000239e800 Uncommon trap: reason=unstable_if action=reinterpret pc=0x00000000027a889c method=java.lang.CharacterData.of(I)Ljava/lang/CharacterData; @ 4
Event: 0.417 Thread 0x000000000239e800 Uncommon trap: reason=unstable_if action=reinterpret pc=0x000000000284e168 method=java.lang.Character.isSurrogate(C)Z @ 3
Event: 1.827 Thread 0x000000000239e800 Uncommon trap: reason=unstable_if action=reinterpret pc=0x000000000285fc14 method=java.nio.channels.spi.AbstractInterruptibleChannel.end(Z)V @ 31
Event: 1.828 Thread 0x000000000239e800 Uncommon trap: reason=unstable_if action=reinterpret pc=0x000000000288bb14 method=java.lang.StringCoding$StringDecoder.decode([BII)[C @ 20

Internal exceptions (10 events):
Event: 0.073 Thread 0x000000000239e800 Exception <a 'java/security/PrivilegedActionException'> (0x00000007162a00e0) thrown at [C:\re\workspace\8-2-build-windows-amd64-cygwin\jdk8u111\7883\hotspot\src\share\vm\prims\jvm.cpp, line 1386]
Event: 0.076 Thread 0x000000000239e800 Exception <a 'java/io/FileNotFoundException'> (0x00000007162a3070) thrown at [C:\re\workspace\8-2-build-windows-amd64-cygwin\jdk8u111\7883\hotspot\src\share\vm\prims\jni.cpp, line 709]
Event: 0.098 Thread 0x000000000239e800 Exception <a 'java/lang/NoSuchFieldError': method resolution failed> (0x0000000716370618) thrown at [C:\re\workspace\8-2-build-windows-amd64-cygwin\jdk8u111\7883\hotspot\src\share\vm\prims\methodHandles.cpp, line 1146]
Event: 0.099 Thread 0x000000000239e800 Exception <a 'java/lang/NoSuchFieldError': method resolution failed> (0x000000071637d9e8) thrown at [C:\re\workspace\8-2-build-windows-amd64-cygwin\jdk8u111\7883\hotspot\src\share\vm\prims\methodHandles.cpp, line 1146]
Event: 0.126 Thread 0x000000000239e800 Exception <a 'java/io/FileNotFoundException'> (0x0000000716414fa0) thrown at [C:\re\workspace\8-2-build-windows-amd64-cygwin\jdk8u111\7883\hotspot\src\share\vm\prims\jni.cpp, line 709]
Event: 0.140 Thread 0x000000000239e800 Implicit null exception at 0x000000000273ce26 to 0x000000000273d00d
Event: 0.279 Thread 0x000000000239e800 Exception <a 'java/io/FileNotFoundException'> (0x00000007176b4358) thrown at [C:\re\workspace\8-2-build-windows-amd64-cygwin\jdk8u111\7883\hotspot\src\share\vm\prims\jni.cpp, line 709]
Event: 0.287 Thread 0x000000000239e800 Exception <a 'java/io/FileNotFoundException'> (0x00000007176fae48) thrown at [C:\re\workspace\8-2-build-windows-amd64-cygwin\jdk8u111\7883\hotspot\src\share\vm\prims\jni.cpp, line 709]
Event: 0.293 Thread 0x000000000239e800 Exception <a 'java/io/FileNotFoundException'> (0x0000000717747678) thrown at [C:\re\workspace\8-2-build-windows-amd64-cygwin\jdk8u111\7883\hotspot\src\share\vm\prims\jni.cpp, line 709]
Event: 0.299 Thread 0x000000000239e800 Exception <a 'java/io/FileNotFoundException'> (0x000000071778ef68) thrown at [C:\re\workspace\8-2-build-windows-amd64-cygwin\jdk8u111\7883\hotspot\src\share\vm\prims\jni.cpp, line 709]

Events (10 events):
Event: 1.846 loading class sun/util/resources/CurrencyNames
Event: 1.846 loading class sun/util/resources/LocaleNamesBundle
Event: 1.846 loading class sun/util/resources/OpenListResourceBundle
Event: 1.847 loading class sun/util/resources/OpenListResourceBundle done
Event: 1.847 loading class sun/util/resources/LocaleNamesBundle done
Event: 1.847 loading class sun/util/resources/CurrencyNames done
Event: 1.847 loading class sun/util/resources/es/CurrencyNames_es
Event: 1.847 loading class sun/util/resources/es/CurrencyNames_es done
Event: 1.847 loading class sun/util/resources/es/CurrencyNames_es_ES
Event: 1.847 loading class sun/util/resources/es/CurrencyNames_es_ES done


Dynamic libraries:
0x00007ff79d960000 - 0x00007ff79d997000 	C:\Program Files\Java\jdk1.8.0_111\jre\bin\java.exe
0x00007ffe4e030000 - 0x00007ffe4e226000 	C:\WINDOWS\SYSTEM32\ntdll.dll
0x00007ffe4caa0000 - 0x00007ffe4cb5d000 	C:\WINDOWS\System32\KERNEL32.DLL
0x00007ffe4b960000 - 0x00007ffe4bc28000 	C:\WINDOWS\System32\KERNELBASE.dll
0x00007ffe4c6f0000 - 0x00007ffe4c79a000 	C:\WINDOWS\System32\ADVAPI32.dll
0x00007ffe4c0a0000 - 0x00007ffe4c13e000 	C:\WINDOWS\System32\msvcrt.dll
0x00007ffe4deb0000 - 0x00007ffe4df4b000 	C:\WINDOWS\System32\sechost.dll
0x00007ffe4c900000 - 0x00007ffe4ca24000 	C:\WINDOWS\System32\RPCRT4.dll
0x00007ffe4cfe0000 - 0x00007ffe4d180000 	C:\WINDOWS\System32\USER32.dll
0x00007ffe4c040000 - 0x00007ffe4c062000 	C:\WINDOWS\System32\win32u.dll
0x00007ffe4c610000 - 0x00007ffe4c63a000 	C:\WINDOWS\System32\GDI32.dll
0x00007ffe4bc80000 - 0x00007ffe4bd89000 	C:\WINDOWS\System32\gdi32full.dll
0x00007ffe4bef0000 - 0x00007ffe4bf8d000 	C:\WINDOWS\System32\msvcp_win.dll
0x00007ffe4b860000 - 0x00007ffe4b960000 	C:\WINDOWS\System32\ucrtbase.dll
0x00007ffe1a910000 - 0x00007ffe1abab000 	C:\WINDOWS\WinSxS\amd64_microsoft.windows.common-controls_6595b64144ccf1df_6.0.19041.488_none_ca04af081b815d21\COMCTL32.dll
0x00007ffe4c4c0000 - 0x00007ffe4c4f0000 	C:\WINDOWS\System32\IMM32.DLL
0x0000000054ef0000 - 0x0000000054fc2000 	C:\Program Files\Java\jdk1.8.0_111\jre\bin\msvcr100.dll
0x0000000054fd0000 - 0x000000005586a000 	C:\Program Files\Java\jdk1.8.0_111\jre\bin\server\jvm.dll
0x00007ffe4df50000 - 0x00007ffe4df58000 	C:\WINDOWS\System32\PSAPI.DLL
0x00007ffe491d0000 - 0x00007ffe491d9000 	C:\WINDOWS\SYSTEM32\WSOCK32.dll
0x00007ffe414f0000 - 0x00007ffe41517000 	C:\WINDOWS\SYSTEM32\WINMM.dll
0x00007ffe45db0000 - 0x00007ffe45dba000 	C:\WINDOWS\SYSTEM32\VERSION.dll
0x00007ffe4ca30000 - 0x00007ffe4ca9b000 	C:\WINDOWS\System32\WS2_32.dll
0x0000000057910000 - 0x000000005791f000 	C:\Program Files\Java\jdk1.8.0_111\jre\bin\verify.dll
0x0000000057450000 - 0x0000000057479000 	C:\Program Files\Java\jdk1.8.0_111\jre\bin\java.dll
0x0000000056b80000 - 0x0000000056b96000 	C:\Program Files\Java\jdk1.8.0_111\jre\bin\zip.dll
0x00007ffe4d230000 - 0x00007ffe4d970000 	C:\WINDOWS\System32\SHELL32.dll
0x00007ffe498b0000 - 0x00007ffe4a044000 	C:\WINDOWS\SYSTEM32\windows.storage.dll
0x00007ffe4c160000 - 0x00007ffe4c4b5000 	C:\WINDOWS\System32\combase.dll
0x00007ffe4b120000 - 0x00007ffe4b14c000 	C:\WINDOWS\SYSTEM32\Wldp.dll
0x00007ffe4d180000 - 0x00007ffe4d22e000 	C:\WINDOWS\System32\SHCORE.dll
0x00007ffe4cc90000 - 0x00007ffe4cce5000 	C:\WINDOWS\System32\shlwapi.dll
0x00007ffe4b6b0000 - 0x00007ffe4b6d6000 	C:\WINDOWS\SYSTEM32\profapi.dll
0x0000000054d30000 - 0x0000000054ec8000 	C:\Program Files\Java\jdk1.8.0_111\jre\bin\awt.dll
0x00007ffe4d970000 - 0x00007ffe4da3d000 	C:\WINDOWS\System32\OLEAUT32.dll
0x00007ffe49230000 - 0x00007ffe492c0000 	C:\WINDOWS\SYSTEM32\apphelp.dll
0x00007ffe495a0000 - 0x00007ffe495cf000 	C:\WINDOWS\system32\DWMAPI.DLL
0x00007ffe492e0000 - 0x00007ffe4937f000 	C:\WINDOWS\system32\uxtheme.dll
0x00007ffe4c4f0000 - 0x00007ffe4c605000 	C:\WINDOWS\System32\MSCTF.dll
0x00007ffe4cb60000 - 0x00007ffe4cc8a000 	C:\WINDOWS\System32\ole32.dll
0x00007ffe496b0000 - 0x00007ffe496c2000 	C:\WINDOWS\SYSTEM32\kernel.appcore.dll
0x00007ffe4b780000 - 0x00007ffe4b7ff000 	C:\WINDOWS\System32\bcryptPrimitives.dll
0x0000000054ce0000 - 0x0000000054d27000 	C:\Program Files\Java\jdk1.8.0_111\jre\bin\fontmanager.dll
0x0000000056b60000 - 0x0000000056b7a000 	C:\Program Files\Java\jdk1.8.0_111\jre\bin\net.dll
0x00007ffe4aea0000 - 0x00007ffe4af0a000 	C:\WINDOWS\system32\mswsock.dll
0x0000000054ed0000 - 0x0000000054ee1000 	C:\Program Files\Java\jdk1.8.0_111\jre\bin\nio.dll
0x00007ffe43c00000 - 0x00007ffe43cfc000 	C:\WINDOWS\SYSTEM32\textinputframework.dll
0x00007ffe48870000 - 0x00007ffe48bce000 	C:\WINDOWS\System32\CoreUIComponents.dll
0x00007ffe47e70000 - 0x00007ffe47f62000 	C:\WINDOWS\System32\CoreMessaging.dll
0x00007ffe4a470000 - 0x00007ffe4a4a3000 	C:\WINDOWS\SYSTEM32\ntmarta.dll
0x00007ffe47640000 - 0x00007ffe47796000 	C:\WINDOWS\SYSTEM32\wintypes.dll
0x0000000054c90000 - 0x0000000054cd2000 	C:\Program Files\Java\jdk1.8.0_111\jre\bin\t2k.dll
0x00007ffe33b10000 - 0x00007ffe33cf4000 	C:\WINDOWS\SYSTEM32\dbghelp.dll

VM Arguments:
jvm_args: -Dfile.encoding=UTF-8 
java_command: game.Main
java_class_path (initial): C:\Users\said-\Documents\NetBeansProjects\Game\Game\assets\jars\gson-2.8.6.jar;C:\Users\said-\Documents\NetBeansProjects\Game\Game\assets\jars\joml-1.9.25.jar;C:\Users\said-\Documents\NetBeansProjects\Game\Game\build\classes
Launcher Type: SUN_STANDARD

Environment Variables:
USERNAME=said-
OS=Windows_NT
PROCESSOR_IDENTIFIER=Intel64 Family 6 Model 158 Stepping 10, GenuineIntel



---------------  S Y S T E M  ---------------

OS: Windows 10.0 , 64 bit Build 19041 (10.0.19041.546)

CPU:total 12 (6 cores per cpu, 2 threads per core) family 6 model 158 stepping 10, cmov, cx8, fxsr, mmx, sse, sse2, sse3, ssse3, sse4.1, sse4.2, popcnt, avx, avx2, aes, clmul, erms, 3dnowpref, lzcnt, ht, tsc, tscinvbit, bmi1, bmi2, adx

Memory: 4k page, physical 33392948k(20720632k free), swap 38373684k(22323172k free)

vm_info: Java HotSpot(TM) 64-Bit Server VM (25.111-b14) for windows-amd64 JRE (1.8.0_111-b14), built on Sep 22 2016 19:24:05 by "java_re" with MS VC++ 10.0 (VS2010)

time: Mon Oct 26 00:13:31 2020
elapsed time: 2 seconds (0d 0h 0m 2s)

