#
# A fatal error has been detected by the Java Runtime Environment:
#
#  EXCEPTION_ACCESS_VIOLATION (0xc0000005) at pc=0x00000000549d3c70, pid=17984, tid=0x0000000000006928
#
# JRE version: Java(TM) SE Runtime Environment (8.0_111-b14) (build 1.8.0_111-b14)
# Java VM: Java HotSpot(TM) 64-Bit Server VM (25.111-b14 mixed mode windows-amd64 compressed oops)
# Problematic frame:
# V  [jvm.dll+0x33c70]
#
# Failed to write core dump. Minidumps are not enabled by default on client versions of Windows
#
# If you would like to submit a bug report, please visit:
#   http://bugreport.java.com/bugreport/crash.jsp
#

---------------  T H R E A D  ---------------

Current thread (0x000000002729b800):  JavaThread "C2 CompilerThread2" daemon [_thread_in_vm, id=26920, stack(0x0000000028b10000,0x0000000028c10000)]

siginfo: ExceptionCode=0xc0000005, reading address 0x0000000000000010

Registers:
RAX=0x0000000000000000, RBX=0x0000000000000000, RCX=0x0000000000000b80, RDX=0x000000000000000f
RSP=0x0000000028c0ce10, RBP=0x0000000025bbb090, RSI=0x0000000000000000, RDI=0x000000002729b800
R8 =0x0000000055191778, R9 =0x0000000025bbb090, R10=0x000000002743e488, R11=0x0000000000000000
R12=0x0000000000000011, R13=0x0000000000000001, R14=0x0000000000000000, R15=0x00000000274402a0
RIP=0x00000000549d3c70, EFLAGS=0x0000000000010246

Top of Stack: (sp=0x0000000028c0ce10)
0x0000000028c0ce10:   000000002743f1c0 0000000000000000
0x0000000028c0ce20:   00000000272a0cd0 0000000000000005
0x0000000028c0ce30:   000000002743f1c0 0000000054ed045c
0x0000000028c0ce40:   0000000025bbb090 0000000025bbb090
0x0000000028c0ce50:   0000000000000000 00000000549d02ae
0x0000000028c0ce60:   000000002b9d1af0 0000000000000000
0x0000000028c0ce70:   0000000000000000 0000000054ed09a4
0x0000000028c0ce80:   0000000000000001 0000000000000005
0x0000000028c0ce90:   000000002743f1c0 0000000025bbb090
0x0000000028c0cea0:   0000000000000001 0000000000000000
0x0000000028c0ceb0:   0000000000000078 0000000000000000
0x0000000028c0cec0:   0000000000000000 000000007fffffff
0x0000000028c0ced0:   00000000000002ba 0000000000000000
0x0000000028c0cee0:   0000000000000001 0000000054ed0fb2
0x0000000028c0cef0:   0000000000000000 000000002743e488
0x0000000028c0cf00:   0000000000000078 0000000028c0cfb0 

Instructions: (pc=0x00000000549d3c70)
0x00000000549d3c50:   85 c0 75 0a 8b 47 30 a9 00 00 00 30 74 08 48 8b
0x00000000549d3c60:   cf e8 5a e9 20 00 c7 87 70 02 00 00 06 00 00 00
0x00000000549d3c70:   48 8b 43 10 8b 0d ae cb 77 00 48 8b 18 ff 15 6d
0x00000000549d3c80:   77 5a 00 48 8b cb 48 8b b0 d0 03 00 00 e8 ce 45 


Register to memory mapping:

RAX=0x0000000000000000 is an unknown value
RBX=0x0000000000000000 is an unknown value
RCX=0x0000000000000b80 is an unknown value
RDX=0x000000000000000f is an unknown value
RSP=0x0000000028c0ce10 is pointing into the stack for thread: 0x000000002729b800
RBP=0x0000000025bbb090 is an unknown value
RSI=0x0000000000000000 is an unknown value
RDI=0x000000002729b800 is a thread
R8 =0x0000000055191778 is an unknown value
R9 =0x0000000025bbb090 is an unknown value
R10=0x000000002743e488 is an unknown value
R11=0x0000000000000000 is an unknown value
R12=0x0000000000000011 is an unknown value
R13=0x0000000000000001 is an unknown value
R14=0x0000000000000000 is an unknown value
R15=0x00000000274402a0 is an unknown value


Stack: [0x0000000028b10000,0x0000000028c10000],  sp=0x0000000028c0ce10,  free space=1011k
Native frames: (J=compiled Java code, j=interpreted, Vv=VM code, C=native code)
V  [jvm.dll+0x33c70]
V  [jvm.dll+0x53045c]
V  [jvm.dll+0x5309a4]
V  [jvm.dll+0x530fb2]
V  [jvm.dll+0x44fd23]
V  [jvm.dll+0x50e20b]
V  [jvm.dll+0x48e68a]
V  [jvm.dll+0x4b370c]
V  [jvm.dll+0x4b9881]
V  [jvm.dll+0x4b9e50]
V  [jvm.dll+0x47efc6]
V  [jvm.dll+0x508387]
V  [jvm.dll+0x500ee7]
V  [jvm.dll+0x501269]
V  [jvm.dll+0x5017ff]
V  [jvm.dll+0x459900]
V  [jvm.dll+0x47efc6]
V  [jvm.dll+0x508387]
V  [jvm.dll+0x500ee7]
V  [jvm.dll+0x501269]
V  [jvm.dll+0x5017ff]
V  [jvm.dll+0x459900]
V  [jvm.dll+0x47efc6]
V  [jvm.dll+0x508387]
V  [jvm.dll+0x500ee7]
V  [jvm.dll+0x501269]
V  [jvm.dll+0x5017ff]
V  [jvm.dll+0x459900]
V  [jvm.dll+0x475d85]
V  [jvm.dll+0x4589b2]
V  [jvm.dll+0xa5742]
V  [jvm.dll+0xa607f]
V  [jvm.dll+0x244b7f]
V  [jvm.dll+0x29c43a]
C  [msvcr100.dll+0x21d9f]
C  [msvcr100.dll+0x21e3b]
C  [KERNEL32.DLL+0x17034]
C  [ntdll.dll+0x4cec1]


Current CompileTask:
C2:  12136 1142       4       game.Build.Map.Units::update (546 bytes)


---------------  P R O C E S S  ---------------

Java Threads: ( => current thread )
  0x0000000027618000 JavaThread "AWT-EventQueue-0" [_thread_blocked, id=24040, stack(0x0000000029d60000,0x0000000029e60000)]
  0x000000002915a800 JavaThread "AWT-Windows" daemon [_thread_in_native, id=7176, stack(0x0000000029b60000,0x0000000029c60000)]
  0x0000000029156000 JavaThread "AWT-Shutdown" [_thread_blocked, id=32212, stack(0x0000000029a60000,0x0000000029b60000)]
  0x0000000029155000 JavaThread "Java2D Disposer" daemon [_thread_blocked, id=26784, stack(0x0000000029880000,0x0000000029980000)]
  0x00000000272a8800 JavaThread "Service Thread" daemon [_thread_blocked, id=29000, stack(0x0000000028d10000,0x0000000028e10000)]
  0x000000002729c800 JavaThread "C1 CompilerThread3" daemon [_thread_blocked, id=14264, stack(0x0000000028c10000,0x0000000028d10000)]
=>0x000000002729b800 JavaThread "C2 CompilerThread2" daemon [_thread_in_vm, id=26920, stack(0x0000000028b10000,0x0000000028c10000)]
  0x0000000027297000 JavaThread "C2 CompilerThread1" daemon [_thread_blocked, id=15708, stack(0x0000000028a10000,0x0000000028b10000)]
  0x000000002728f800 JavaThread "C2 CompilerThread0" daemon [_thread_blocked, id=15596, stack(0x0000000028910000,0x0000000028a10000)]
  0x000000002728d000 JavaThread "Attach Listener" daemon [_thread_blocked, id=3224, stack(0x0000000028810000,0x0000000028910000)]
  0x000000002728a000 JavaThread "Signal Dispatcher" daemon [_thread_blocked, id=17436, stack(0x0000000028710000,0x0000000028810000)]
  0x0000000027283000 JavaThread "Finalizer" daemon [_thread_blocked, id=15836, stack(0x00000000284f0000,0x00000000285f0000)]
  0x0000000002a0a000 JavaThread "Reference Handler" daemon [_thread_blocked, id=18608, stack(0x00000000283f0000,0x00000000284f0000)]
  0x0000000000f5e800 JavaThread "main" [_thread_in_native, id=15392, stack(0x0000000002790000,0x0000000002890000)]

Other Threads:
  0x0000000027262800 VMThread [stack: 0x00000000282f0000,0x00000000283f0000] [id=24380]
  0x0000000027358000 WatcherThread [stack: 0x0000000028f80000,0x0000000029080000] [id=30144]

VM state:not at safepoint (normal execution)

VM Mutex/Monitor currently owned by a thread: None

Heap:
 PSYoungGen      total 152576K, used 152571K [0x0000000716200000, 0x0000000720c00000, 0x00000007c0000000)
  eden space 131072K, 100% used [0x0000000716200000,0x000000071e200000,0x000000071e200000)
  from space 21504K, 99% used [0x000000071f700000,0x0000000720bfec70,0x0000000720c00000)
  to   space 21504K, 0% used [0x000000071e200000,0x000000071e200000,0x000000071f700000)
 ParOldGen       total 348160K, used 28573K [0x00000005c2600000, 0x00000005d7a00000, 0x0000000716200000)
  object space 348160K, 8% used [0x00000005c2600000,0x00000005c41e74e0,0x00000005d7a00000)
 Metaspace       used 9141K, capacity 9374K, committed 9600K, reserved 1058816K
  class space    used 992K, capacity 1069K, committed 1152K, reserved 1048576K

Card table byte_map: [0x0000000011dd0000,0x0000000012dc0000] byte_map_base: 0x000000000efbd000

Marking Bits: (ParMarkBitMap*) 0x00000000551ba6c0
 Begin Bits: [0x0000000014260000, 0x000000001c1c8000)
 End Bits:   [0x000000001c1c8000, 0x0000000024130000)

Polling page: 0x0000000002890000

CodeCache: size=245760Kb used=4226Kb max_used=4240Kb free=241533Kb
 bounds [0x0000000002a10000, 0x0000000002e40000, 0x0000000011a10000]
 total_blobs=1581 nmethods=1140 adapters=354
 compilation: enabled

Compilation events (10 events):
Event: 9.509 Thread 0x000000002729b800 nmethod 1137 0x0000000002e29190 code [0x0000000002e292e0, 0x0000000002e293a8]
Event: 9.592 Thread 0x000000002729c800 1138 %     3       game.Scene.Game_Scene::NextRound @ 10 (54 bytes)
Event: 9.592 Thread 0x000000002729c800 nmethod 1138% 0x0000000002e285d0 code [0x0000000002e287a0, 0x0000000002e28ef8]
Event: 9.593 Thread 0x000000002729c800 1139       3       game.Scene.Game_Scene::NextRound (54 bytes)
Event: 9.593 Thread 0x000000002729c800 nmethod 1139 0x0000000002e2b910 code [0x0000000002e2bae0, 0x0000000002e2c1f8]
Event: 10.427 Thread 0x000000002728f800 1140 %     4       game.Scene.Game_Scene::NextRound @ 10 (54 bytes)
Event: 10.430 Thread 0x000000002728f800 nmethod 1140% 0x0000000002e29cd0 code [0x0000000002e29e40, 0x0000000002e2a0c8]
Event: 10.643 Thread 0x0000000027297000 1141       4       game.Scene.Game_Scene::NextRound (54 bytes)
Event: 10.645 Thread 0x0000000027297000 nmethod 1141 0x0000000002e31a10 code [0x0000000002e31b80, 0x0000000002e31de8]
Event: 10.860 Thread 0x000000002729b800 1142       4       game.Build.Map.Units::update (546 bytes)

GC Heap History (4 events):
Event: 4.150 GC heap before
{Heap before GC invocations=1 (full 0):
 PSYoungGen      total 152576K, used 131072K [0x0000000716200000, 0x0000000720c00000, 0x00000007c0000000)
  eden space 131072K, 100% used [0x0000000716200000,0x000000071e200000,0x000000071e200000)
  from space 21504K, 0% used [0x000000071f700000,0x000000071f700000,0x0000000720c00000)
  to   space 21504K, 0% used [0x000000071e200000,0x000000071e200000,0x000000071f700000)
 ParOldGen       total 348160K, used 0K [0x00000005c2600000, 0x00000005d7a00000, 0x0000000716200000)
  object space 348160K, 0% used [0x00000005c2600000,0x00000005c2600000,0x00000005d7a00000)
 Metaspace       used 8972K, capacity 9246K, committed 9344K, reserved 1056768K
  class space    used 991K, capacity 1069K, committed 1152K, reserved 1048576K
Event: 4.160 GC heap after
Heap after GC invocations=1 (full 0):
 PSYoungGen      total 152576K, used 21499K [0x0000000716200000, 0x0000000720c00000, 0x00000007c0000000)
  eden space 131072K, 0% used [0x0000000716200000,0x0000000716200000,0x000000071e200000)
  from space 21504K, 99% used [0x000000071e200000,0x000000071f6fee70,0x000000071f700000)
  to   space 21504K, 0% used [0x000000071f700000,0x000000071f700000,0x0000000720c00000)
 ParOldGen       total 348160K, used 14564K [0x00000005c2600000, 0x00000005d7a00000, 0x0000000716200000)
  object space 348160K, 4% used [0x00000005c2600000,0x00000005c3439010,0x00000005d7a00000)
 Metaspace       used 8972K, capacity 9246K, committed 9344K, reserved 1056768K
  class space    used 991K, capacity 1069K, committed 1152K, reserved 1048576K
}
Event: 8.032 GC heap before
{Heap before GC invocations=2 (full 0):
 PSYoungGen      total 152576K, used 152571K [0x0000000716200000, 0x0000000720c00000, 0x00000007c0000000)
  eden space 131072K, 100% used [0x0000000716200000,0x000000071e200000,0x000000071e200000)
  from space 21504K, 99% used [0x000000071e200000,0x000000071f6fee70,0x000000071f700000)
  to   space 21504K, 0% used [0x000000071f700000,0x000000071f700000,0x0000000720c00000)
 ParOldGen       total 348160K, used 14564K [0x00000005c2600000, 0x00000005d7a00000, 0x0000000716200000)
  object space 348160K, 4% used [0x00000005c2600000,0x00000005c3439010,0x00000005d7a00000)
 Metaspace       used 9118K, capacity 9374K, committed 9600K, reserved 1058816K
  class space    used 991K, capacity 1069K, committed 1152K, reserved 1048576K
Event: 8.039 GC heap after
Heap after GC invocations=2 (full 0):
 PSYoungGen      total 152576K, used 21499K [0x0000000716200000, 0x0000000720c00000, 0x00000007c0000000)
  eden space 131072K, 0% used [0x0000000716200000,0x0000000716200000,0x000000071e200000)
  from space 21504K, 99% used [0x000000071f700000,0x0000000720bfec70,0x0000000720c00000)
  to   space 21504K, 0% used [0x000000071e200000,0x000000071e200000,0x000000071f700000)
 ParOldGen       total 348160K, used 28573K [0x00000005c2600000, 0x00000005d7a00000, 0x0000000716200000)
  object space 348160K, 8% used [0x00000005c2600000,0x00000005c41e74e0,0x00000005d7a00000)
 Metaspace       used 9118K, capacity 9374K, committed 9600K, reserved 1058816K
  class space    used 991K, capacity 1069K, committed 1152K, reserved 1048576K
}

Deoptimization events (10 events):
Event: 1.354 Thread 0x0000000000f5e800 Uncommon trap: reason=class_check action=maybe_recompile pc=0x0000000002d1b9a8 method=sun.java2d.SunGraphics2D.fillRect(IIII)V @ 10
Event: 1.384 Thread 0x0000000000f5e800 Uncommon trap: reason=class_check action=maybe_recompile pc=0x0000000002ca9adc method=game.Build.Window.loop()V @ 31
Event: 1.394 Thread 0x0000000000f5e800 Uncommon trap: reason=class_check action=maybe_recompile pc=0x0000000002ca9adc method=game.Build.Window.loop()V @ 31
Event: 3.282 Thread 0x0000000000f5e800 Uncommon trap: reason=unstable_if action=reinterpret pc=0x0000000002d2dd40 method=game.Renderer.RenderBatch.render(Ljava/awt/Graphics;)V @ 234
Event: 4.097 Thread 0x0000000000f5e800 Uncommon trap: reason=unstable_if action=reinterpret pc=0x0000000002d307fc method=game.Scene.Game_Scene.update(J)V @ 103
Event: 4.097 Thread 0x0000000000f5e800 Uncommon trap: reason=unstable_if action=reinterpret pc=0x0000000002da0418 method=game.Build.Map.Units.update(JI)V @ 5
Event: 8.146 Thread 0x0000000000f5e800 Uncommon trap: reason=unstable_if action=reinterpret pc=0x0000000002e0a728 method=game.Build.Map.Units.update(JI)V @ 51
Event: 8.157 Thread 0x0000000000f5e800 Uncommon trap: reason=unstable_if action=reinterpret pc=0x0000000002dac934 method=org.joml.Vector2i.equals(Ljava/lang/Object;)Z @ 52
Event: 8.157 Thread 0x0000000000f5e800 Uncommon trap: reason=unstable_if action=reinterpret pc=0x0000000002d13070 method=org.joml.Vector2i.equals(Ljava/lang/Object;)Z @ 39
Event: 8.158 Thread 0x0000000000f5e800 Uncommon trap: reason=unstable_if action=reinterpret pc=0x0000000002d228e8 method=game.Scene.Game_Scene.update(J)V @ 316

Internal exceptions (10 events):
Event: 0.083 Thread 0x0000000000f5e800 Exception <a 'java/security/PrivilegedActionException'> (0x00000007162a4038) thrown at [C:\re\workspace\8-2-build-windows-amd64-cygwin\jdk8u111\7883\hotspot\src\share\vm\prims\jvm.cpp, line 1386]
Event: 0.088 Thread 0x0000000000f5e800 Exception <a 'java/io/FileNotFoundException'> (0x00000007162a6fc8) thrown at [C:\re\workspace\8-2-build-windows-amd64-cygwin\jdk8u111\7883\hotspot\src\share\vm\prims\jni.cpp, line 709]
Event: 0.112 Thread 0x0000000000f5e800 Exception <a 'java/lang/NoSuchFieldError': method resolution failed> (0x0000000716374570) thrown at [C:\re\workspace\8-2-build-windows-amd64-cygwin\jdk8u111\7883\hotspot\src\share\vm\prims\methodHandles.cpp, line 1146]
Event: 0.113 Thread 0x0000000000f5e800 Exception <a 'java/lang/NoSuchFieldError': method resolution failed> (0x0000000716381940) thrown at [C:\re\workspace\8-2-build-windows-amd64-cygwin\jdk8u111\7883\hotspot\src\share\vm\prims\methodHandles.cpp, line 1146]
Event: 0.145 Thread 0x0000000000f5e800 Exception <a 'java/io/FileNotFoundException'> (0x0000000716418f88) thrown at [C:\re\workspace\8-2-build-windows-amd64-cygwin\jdk8u111\7883\hotspot\src\share\vm\prims\jni.cpp, line 709]
Event: 0.160 Thread 0x0000000000f5e800 Implicit null exception at 0x0000000002b7dda6 to 0x0000000002b7df8d
Event: 0.273 Thread 0x0000000000f5e800 Exception <a 'java/io/FileNotFoundException'> (0x0000000716d45a50) thrown at [C:\re\workspace\8-2-build-windows-amd64-cygwin\jdk8u111\7883\hotspot\src\share\vm\prims\jni.cpp, line 709]
Event: 0.280 Thread 0x0000000000f5e800 Exception <a 'java/io/FileNotFoundException'> (0x0000000716d8c540) thrown at [C:\re\workspace\8-2-build-windows-amd64-cygwin\jdk8u111\7883\hotspot\src\share\vm\prims\jni.cpp, line 709]
Event: 0.285 Thread 0x0000000000f5e800 Exception <a 'java/io/FileNotFoundException'> (0x0000000716dd8d70) thrown at [C:\re\workspace\8-2-build-windows-amd64-cygwin\jdk8u111\7883\hotspot\src\share\vm\prims\jni.cpp, line 709]
Event: 0.295 Thread 0x0000000000f5e800 Exception <a 'java/io/FileNotFoundException'> (0x0000000716e20660) thrown at [C:\re\workspace\8-2-build-windows-amd64-cygwin\jdk8u111\7883\hotspot\src\share\vm\prims\jni.cpp, line 709]

Events (10 events):
Event: 8.195 Thread 0x0000000000f5e800 DEOPT PACKING pc=0x0000000002e222ae sp=0x000000000288f220
Event: 8.195 Thread 0x0000000000f5e800 DEOPT UNPACKING pc=0x0000000002a5787f sp=0x000000000288efc0 mode 0
Event: 8.205 Thread 0x0000000000f5e800 DEOPT PACKING pc=0x0000000002e222ae sp=0x000000000288f220
Event: 8.205 Thread 0x0000000000f5e800 DEOPT UNPACKING pc=0x0000000002a5787f sp=0x000000000288efc0 mode 0
Event: 8.216 Thread 0x0000000000f5e800 DEOPT PACKING pc=0x0000000002e222ae sp=0x000000000288f220
Event: 8.216 Thread 0x0000000000f5e800 DEOPT UNPACKING pc=0x0000000002a5787f sp=0x000000000288efc0 mode 0
Event: 8.225 Thread 0x0000000000f5e800 DEOPT PACKING pc=0x0000000002e222ae sp=0x000000000288f220
Event: 8.225 Thread 0x0000000000f5e800 DEOPT UNPACKING pc=0x0000000002a5787f sp=0x000000000288efc0 mode 0
Event: 10.643 Thread 0x0000000027618000 DEOPT PACKING pc=0x0000000002e2c0ca sp=0x0000000029e5d490
Event: 10.643 Thread 0x0000000027618000 DEOPT UNPACKING pc=0x0000000002a5787f sp=0x0000000029e5d1b8 mode 0


Dynamic libraries:
0x00007ff628c10000 - 0x00007ff628c47000 	C:\Program Files\Java\jdk1.8.0_111\jre\bin\java.exe
0x00007ffe4e030000 - 0x00007ffe4e226000 	C:\WINDOWS\SYSTEM32\ntdll.dll
0x00007ffe4caa0000 - 0x00007ffe4cb5d000 	C:\WINDOWS\System32\KERNEL32.DLL
0x00007ffe4b960000 - 0x00007ffe4bc28000 	C:\WINDOWS\System32\KERNELBASE.dll
0x00007ffe4c6f0000 - 0x00007ffe4c79a000 	C:\WINDOWS\System32\ADVAPI32.dll
0x00007ffe4c0a0000 - 0x00007ffe4c13e000 	C:\WINDOWS\System32\msvcrt.dll
0x00007ffe4deb0000 - 0x00007ffe4df4b000 	C:\WINDOWS\System32\sechost.dll
0x00007ffe4c900000 - 0x00007ffe4ca24000 	C:\WINDOWS\System32\RPCRT4.dll
0x00007ffe4cfe0000 - 0x00007ffe4d180000 	C:\WINDOWS\System32\USER32.dll
0x00007ffe4c040000 - 0x00007ffe4c062000 	C:\WINDOWS\System32\win32u.dll
0x00007ffe4c610000 - 0x00007ffe4c63a000 	C:\WINDOWS\System32\GDI32.dll
0x00007ffe4bc80000 - 0x00007ffe4bd89000 	C:\WINDOWS\System32\gdi32full.dll
0x00007ffe4bef0000 - 0x00007ffe4bf8d000 	C:\WINDOWS\System32\msvcp_win.dll
0x00007ffe4b860000 - 0x00007ffe4b960000 	C:\WINDOWS\System32\ucrtbase.dll
0x00007ffe1a910000 - 0x00007ffe1abab000 	C:\WINDOWS\WinSxS\amd64_microsoft.windows.common-controls_6595b64144ccf1df_6.0.19041.488_none_ca04af081b815d21\COMCTL32.dll
0x00007ffe4c4c0000 - 0x00007ffe4c4f0000 	C:\WINDOWS\System32\IMM32.DLL
0x0000000055bd0000 - 0x0000000055ca2000 	C:\Program Files\Java\jdk1.8.0_111\jre\bin\msvcr100.dll
0x00000000549a0000 - 0x000000005523a000 	C:\Program Files\Java\jdk1.8.0_111\jre\bin\server\jvm.dll
0x00007ffe4df50000 - 0x00007ffe4df58000 	C:\WINDOWS\System32\PSAPI.DLL
0x00007ffe475b0000 - 0x00007ffe475b9000 	C:\WINDOWS\SYSTEM32\WSOCK32.dll
0x00007ffe45db0000 - 0x00007ffe45dba000 	C:\WINDOWS\SYSTEM32\VERSION.dll
0x00007ffe414f0000 - 0x00007ffe41517000 	C:\WINDOWS\SYSTEM32\WINMM.dll
0x00007ffe4ca30000 - 0x00007ffe4ca9b000 	C:\WINDOWS\System32\WS2_32.dll
0x0000000057910000 - 0x000000005791f000 	C:\Program Files\Java\jdk1.8.0_111\jre\bin\verify.dll
0x0000000057450000 - 0x0000000057479000 	C:\Program Files\Java\jdk1.8.0_111\jre\bin\java.dll
0x0000000057810000 - 0x0000000057826000 	C:\Program Files\Java\jdk1.8.0_111\jre\bin\zip.dll
0x00007ffe4d230000 - 0x00007ffe4d970000 	C:\WINDOWS\System32\SHELL32.dll
0x00007ffe498b0000 - 0x00007ffe4a044000 	C:\WINDOWS\SYSTEM32\windows.storage.dll
0x00007ffe4c160000 - 0x00007ffe4c4b5000 	C:\WINDOWS\System32\combase.dll
0x00007ffe4b120000 - 0x00007ffe4b14c000 	C:\WINDOWS\SYSTEM32\Wldp.dll
0x00007ffe4d180000 - 0x00007ffe4d22e000 	C:\WINDOWS\System32\SHCORE.dll
0x00007ffe4cc90000 - 0x00007ffe4cce5000 	C:\WINDOWS\System32\shlwapi.dll
0x00007ffe4b6b0000 - 0x00007ffe4b6d6000 	C:\WINDOWS\SYSTEM32\profapi.dll
0x0000000055720000 - 0x00000000558b8000 	C:\Program Files\Java\jdk1.8.0_111\jre\bin\awt.dll
0x00007ffe4d970000 - 0x00007ffe4da3d000 	C:\WINDOWS\System32\OLEAUT32.dll
0x00007ffe49230000 - 0x00007ffe492c0000 	C:\WINDOWS\SYSTEM32\apphelp.dll
0x00007ffe495a0000 - 0x00007ffe495cf000 	C:\WINDOWS\system32\DWMAPI.DLL
0x00007ffe492e0000 - 0x00007ffe4937f000 	C:\WINDOWS\system32\uxtheme.dll
0x00007ffe4c4f0000 - 0x00007ffe4c605000 	C:\WINDOWS\System32\MSCTF.dll
0x00007ffe4cb60000 - 0x00007ffe4cc8a000 	C:\WINDOWS\System32\ole32.dll
0x00007ffe496b0000 - 0x00007ffe496c2000 	C:\WINDOWS\SYSTEM32\kernel.appcore.dll
0x00007ffe4b780000 - 0x00007ffe4b7ff000 	C:\WINDOWS\System32\bcryptPrimitives.dll
0x0000000055b80000 - 0x0000000055bc7000 	C:\Program Files\Java\jdk1.8.0_111\jre\bin\fontmanager.dll
0x00007ffe43c00000 - 0x00007ffe43cfc000 	C:\WINDOWS\SYSTEM32\textinputframework.dll
0x00007ffe48870000 - 0x00007ffe48bce000 	C:\WINDOWS\System32\CoreUIComponents.dll
0x00007ffe47e70000 - 0x00007ffe47f62000 	C:\WINDOWS\System32\CoreMessaging.dll
0x00007ffe4a470000 - 0x00007ffe4a4a3000 	C:\WINDOWS\SYSTEM32\ntmarta.dll
0x00007ffe47640000 - 0x00007ffe47796000 	C:\WINDOWS\SYSTEM32\wintypes.dll
0x00000000577d0000 - 0x00000000577ea000 	C:\Program Files\Java\jdk1.8.0_111\jre\bin\net.dll
0x00007ffe4aea0000 - 0x00007ffe4af0a000 	C:\WINDOWS\system32\mswsock.dll
0x0000000056b80000 - 0x0000000056b91000 	C:\Program Files\Java\jdk1.8.0_111\jre\bin\nio.dll
0x0000000055b30000 - 0x0000000055b72000 	C:\Program Files\Java\jdk1.8.0_111\jre\bin\t2k.dll
0x00007ffe33b10000 - 0x00007ffe33cf4000 	C:\WINDOWS\SYSTEM32\dbghelp.dll

VM Arguments:
jvm_args: -Dfile.encoding=UTF-8 
java_command: game.Main
java_class_path (initial): C:\Users\said-\Documents\NetBeansProjects\Game\Game\assets\jars\gson-2.8.6.jar;C:\Users\said-\Documents\NetBeansProjects\Game\Game\assets\jars\joml-1.9.25.jar;C:\Users\said-\Documents\NetBeansProjects\Game\Game\build\classes
Launcher Type: SUN_STANDARD

Environment Variables:
USERNAME=said-
OS=Windows_NT
PROCESSOR_IDENTIFIER=Intel64 Family 6 Model 158 Stepping 10, GenuineIntel



---------------  S Y S T E M  ---------------

OS: Windows 10.0 , 64 bit Build 19041 (10.0.19041.546)

CPU:total 12 (6 cores per cpu, 2 threads per core) family 6 model 158 stepping 10, cmov, cx8, fxsr, mmx, sse, sse2, sse3, ssse3, sse4.1, sse4.2, popcnt, avx, avx2, aes, clmul, erms, 3dnowpref, lzcnt, ht, tsc, tscinvbit, bmi1, bmi2, adx

Memory: 4k page, physical 33392948k(20891892k free), swap 38373684k(21565360k free)

vm_info: Java HotSpot(TM) 64-Bit Server VM (25.111-b14) for windows-amd64 JRE (1.8.0_111-b14), built on Sep 22 2016 19:24:05 by "java_re" with MS VC++ 10.0 (VS2010)

time: Wed Nov 04 16:56:26 2020
elapsed time: 12 seconds (0d 0h 0m 12s)

