#
# A fatal error has been detected by the Java Runtime Environment:
#
#  EXCEPTION_ACCESS_VIOLATION (0xc0000005) at pc=0x00000000545f3c70, pid=17116, tid=0x0000000000002e14
#
# JRE version: Java(TM) SE Runtime Environment (8.0_111-b14) (build 1.8.0_111-b14)
# Java VM: Java HotSpot(TM) 64-Bit Server VM (25.111-b14 mixed mode windows-amd64 compressed oops)
# Problematic frame:
# V  [jvm.dll+0x33c70]
#
# Failed to write core dump. Minidumps are not enabled by default on client versions of Windows
#
# If you would like to submit a bug report, please visit:
#   http://bugreport.java.com/bugreport/crash.jsp
#

---------------  T H R E A D  ---------------

Current thread (0x0000000027561000):  JavaThread "C2 CompilerThread0" daemon [_thread_in_vm, id=11796, stack(0x0000000028bd0000,0x0000000028cd0000)]

siginfo: ExceptionCode=0xc0000005, reading address 0x0000000000000010

Registers:
RAX=0x0000000000000000, RBX=0x0000000000000000, RCX=0x0000000000000100, RDX=0x000000000000000f
RSP=0x0000000028ccca10, RBP=0x0000000002bfa2e0, RSI=0x0000000000000000, RDI=0x0000000027561000
R8 =0x0000000054db1778, R9 =0x0000000002bfa2e0, R10=0x0000000027734fe0, R11=0x0000000000000000
R12=0x0000000000000011, R13=0x0000000000000001, R14=0x0000000000000000, R15=0x000000002bb6c8b0
RIP=0x00000000545f3c70, EFLAGS=0x0000000000010246

Top of Stack: (sp=0x0000000028ccca10)
0x0000000028ccca10:   00000000277358c0 0000000000000000
0x0000000028ccca20:   00000000275a1120 0000000000000005
0x0000000028ccca30:   00000000277358c0 0000000054af045c
0x0000000028ccca40:   0000000002bfa2e0 0000000002bfa2e0
0x0000000028ccca50:   0000000000000000 00000000545f02ae
0x0000000028ccca60:   000000002969a6f0 0000000000000000
0x0000000028ccca70:   0000000000000000 0000000054af09a4
0x0000000028ccca80:   0000000000000001 0000000000000005
0x0000000028ccca90:   00000000277358c0 0000000002bfa2e0
0x0000000028cccaa0:   0000000000000001 0000000000000000
0x0000000028cccab0:   0000000000000078 0000000000000000
0x0000000028cccac0:   0000000000000000 000000007fffffff
0x0000000028cccad0:   000000000000057e 0000000000000000
0x0000000028cccae0:   0000000000000001 0000000054af0fb2
0x0000000028cccaf0:   0000000000000000 0000000027734fe0
0x0000000028cccb00:   0000000000000078 0000000000000020 

Instructions: (pc=0x00000000545f3c70)
0x00000000545f3c50:   85 c0 75 0a 8b 47 30 a9 00 00 00 30 74 08 48 8b
0x00000000545f3c60:   cf e8 5a e9 20 00 c7 87 70 02 00 00 06 00 00 00
0x00000000545f3c70:   48 8b 43 10 8b 0d ae cb 77 00 48 8b 18 ff 15 6d
0x00000000545f3c80:   77 5a 00 48 8b cb 48 8b b0 d0 03 00 00 e8 ce 45 


Register to memory mapping:

RAX=0x0000000000000000 is an unknown value
RBX=0x0000000000000000 is an unknown value
RCX=0x0000000000000100 is an unknown value
RDX=0x000000000000000f is an unknown value
RSP=0x0000000028ccca10 is pointing into the stack for thread: 0x0000000027561000
RBP=0x0000000002bfa2e0 is an unknown value
RSI=0x0000000000000000 is an unknown value
RDI=0x0000000027561000 is a thread
R8 =0x0000000054db1778 is an unknown value
R9 =0x0000000002bfa2e0 is an unknown value
R10=0x0000000027734fe0 is an unknown value
R11=0x0000000000000000 is an unknown value
R12=0x0000000000000011 is an unknown value
R13=0x0000000000000001 is an unknown value
R14=0x0000000000000000 is an unknown value
R15=0x000000002bb6c8b0 is an unknown value


Stack: [0x0000000028bd0000,0x0000000028cd0000],  sp=0x0000000028ccca10,  free space=1010k
Native frames: (J=compiled Java code, j=interpreted, Vv=VM code, C=native code)
V  [jvm.dll+0x33c70]
V  [jvm.dll+0x53045c]
V  [jvm.dll+0x5309a4]
V  [jvm.dll+0x530fb2]
V  [jvm.dll+0x44fd23]
V  [jvm.dll+0x50e20b]
V  [jvm.dll+0x48e68a]
V  [jvm.dll+0x4b370c]
V  [jvm.dll+0x4b9881]
V  [jvm.dll+0x4b9e50]
V  [jvm.dll+0x47efc6]
V  [jvm.dll+0x508387]
V  [jvm.dll+0x500ee7]
V  [jvm.dll+0x501269]
V  [jvm.dll+0x5017ff]
V  [jvm.dll+0x459900]
V  [jvm.dll+0x47efc6]
V  [jvm.dll+0x508387]
V  [jvm.dll+0x500ee7]
V  [jvm.dll+0x501269]
V  [jvm.dll+0x5017ff]
V  [jvm.dll+0x459900]
V  [jvm.dll+0x47efc6]
V  [jvm.dll+0x508387]
V  [jvm.dll+0x500ee7]
V  [jvm.dll+0x501269]
V  [jvm.dll+0x5017ff]
V  [jvm.dll+0x459900]
V  [jvm.dll+0x47efc6]
V  [jvm.dll+0x508387]
V  [jvm.dll+0x500ee7]
V  [jvm.dll+0x501269]
V  [jvm.dll+0x5017ff]
V  [jvm.dll+0x459900]
V  [jvm.dll+0x475d85]
V  [jvm.dll+0x4589b2]
V  [jvm.dll+0xa5742]
V  [jvm.dll+0xa607f]
V  [jvm.dll+0x244b7f]
V  [jvm.dll+0x29c43a]
C  [msvcr100.dll+0x21d9f]
C  [msvcr100.dll+0x21e3b]
C  [KERNEL32.DLL+0x17034]
C  [ntdll.dll+0x4cec1]


Current CompileTask:
C2:   1530  829 % !   4       game.Build.Map.Map::GenerateMountains @ 145 (652 bytes)


---------------  P R O C E S S  ---------------

Java Threads: ( => current thread )
  0x0000000029403000 JavaThread "AWT-EventQueue-0" [_thread_blocked, id=11520, stack(0x0000000029ff0000,0x000000002a0f0000)]
  0x00000000293f7000 JavaThread "AWT-Windows" daemon [_thread_in_native, id=4028, stack(0x0000000029df0000,0x0000000029ef0000)]
  0x00000000293ee000 JavaThread "AWT-Shutdown" [_thread_blocked, id=1216, stack(0x0000000029cf0000,0x0000000029df0000)]
  0x00000000293ed800 JavaThread "Java2D Disposer" daemon [_thread_blocked, id=5844, stack(0x0000000029bf0000,0x0000000029cf0000)]
  0x00000000275f2800 JavaThread "Service Thread" daemon [_thread_blocked, id=17760, stack(0x0000000028fd0000,0x00000000290d0000)]
  0x000000002756f000 JavaThread "C1 CompilerThread3" daemon [_thread_blocked, id=20292, stack(0x0000000028ed0000,0x0000000028fd0000)]
  0x000000002756e800 JavaThread "C2 CompilerThread2" daemon [_thread_blocked, id=10432, stack(0x0000000028dd0000,0x0000000028ed0000)]
  0x0000000027566800 JavaThread "C2 CompilerThread1" daemon [_thread_in_vm, id=8136, stack(0x0000000028cd0000,0x0000000028dd0000)]
=>0x0000000027561000 JavaThread "C2 CompilerThread0" daemon [_thread_in_vm, id=11796, stack(0x0000000028bd0000,0x0000000028cd0000)]
  0x000000002755f000 JavaThread "Attach Listener" daemon [_thread_blocked, id=21580, stack(0x0000000028ad0000,0x0000000028bd0000)]
  0x000000002755b800 JavaThread "Signal Dispatcher" daemon [_thread_blocked, id=1916, stack(0x00000000289d0000,0x0000000028ad0000)]
  0x0000000027553000 JavaThread "Finalizer" daemon [_thread_blocked, id=27168, stack(0x00000000287b0000,0x00000000288b0000)]
  0x0000000002cea000 JavaThread "Reference Handler" daemon [_thread_blocked, id=12732, stack(0x00000000286b0000,0x00000000287b0000)]
  0x00000000009ae800 JavaThread "main" [_thread_in_Java, id=8852, stack(0x0000000002aa0000,0x0000000002ba0000)]

Other Threads:
  0x0000000027532800 VMThread [stack: 0x00000000285b0000,0x00000000286b0000] [id=4332]
  0x0000000027627000 WatcherThread [stack: 0x0000000029240000,0x0000000029340000] [id=13960]

VM state:not at safepoint (normal execution)

VM Mutex/Monitor currently owned by a thread: None

Heap:
 PSYoungGen      total 152576K, used 94325K [0x0000000716200000, 0x0000000720c00000, 0x00000007c0000000)
  eden space 131072K, 71% used [0x0000000716200000,0x000000071be1d540,0x000000071e200000)
  from space 21504K, 0% used [0x000000071f700000,0x000000071f700000,0x0000000720c00000)
  to   space 21504K, 0% used [0x000000071e200000,0x000000071e200000,0x000000071f700000)
 ParOldGen       total 348160K, used 0K [0x00000005c2600000, 0x00000005d7a00000, 0x0000000716200000)
  object space 348160K, 0% used [0x00000005c2600000,0x00000005c2600000,0x00000005d7a00000)
 Metaspace       used 9694K, capacity 9948K, committed 10240K, reserved 1058816K
  class space    used 1085K, capacity 1160K, committed 1280K, reserved 1048576K

Card table byte_map: [0x00000000120b0000,0x00000000130a0000] byte_map_base: 0x000000000f29d000

Marking Bits: (ParMarkBitMap*) 0x0000000054dda6c0
 Begin Bits: [0x0000000014540000, 0x000000001c4a8000)
 End Bits:   [0x000000001c4a8000, 0x0000000024410000)

Polling page: 0x0000000000c00000

CodeCache: size=245760Kb used=3089Kb max_used=3100Kb free=242670Kb
 bounds [0x0000000002cf0000, 0x0000000003000000, 0x0000000011cf0000]
 total_blobs=1286 nmethods=827 adapters=372
 compilation: enabled

Compilation events (10 events):
Event: 1.487 Thread 0x000000002756f000 nmethod 825 0x0000000002fe5850 code [0x0000000002fe59c0, 0x0000000002fe5bb0]
Event: 1.487 Thread 0x000000002756f000  822       3       game.Build.Map.Map::getRandomMountainPosition (65 bytes)
Event: 1.488 Thread 0x000000002756f000 nmethod 822 0x0000000002fe8710 code [0x0000000002fe8980, 0x0000000002fe96f8]
Event: 1.488 Thread 0x000000002756e800  826       4       org.joml.Random$Xorshiro128::nextSplitMix64 (43 bytes)
Event: 1.488 Thread 0x000000002756e800 nmethod 826 0x0000000002fe2b10 code [0x0000000002fe2c40, 0x0000000002fe2cf8]
Event: 1.495 Thread 0x000000002756f000  827 % !   3       game.Build.Map.Map::GenerateMountains @ 145 (652 bytes)
Event: 1.497 Thread 0x000000002756f000 nmethod 827% 0x0000000002feb990 code [0x0000000002febea0, 0x0000000002fef8f8]
Event: 1.497 Thread 0x000000002756f000  828   !   3       game.Build.Map.Map::GenerateMountains (652 bytes)
Event: 1.499 Thread 0x000000002756f000 nmethod 828 0x0000000002ff1910 code [0x0000000002ff1ea0, 0x0000000002ff5d68]
Event: 1.499 Thread 0x0000000027561000  829 % !   4       game.Build.Map.Map::GenerateMountains @ 145 (652 bytes)

GC Heap History (0 events):
No events

Deoptimization events (10 events):
Event: 0.252 Thread 0x00000000009ae800 Uncommon trap: reason=unstable_if action=reinterpret pc=0x0000000002eb9d64 method=game.Build.Window.loop()V @ 24
Event: 0.287 Thread 0x00000000009ae800 Uncommon trap: reason=unstable_if action=reinterpret pc=0x0000000002ecef00 method=java.lang.String.indexOf([CII[CIII)I @ 134
Event: 0.308 Thread 0x00000000009ae800 Uncommon trap: reason=class_check action=maybe_recompile pc=0x0000000002e7e358 method=java.lang.String.equals(Ljava/lang/Object;)Z @ 8
Event: 0.308 Thread 0x00000000009ae800 Uncommon trap: reason=class_check action=maybe_recompile pc=0x0000000002e7e358 method=java.lang.String.equals(Ljava/lang/Object;)Z @ 8
Event: 0.308 Thread 0x00000000009ae800 Uncommon trap: reason=class_check action=maybe_recompile pc=0x0000000002e7e358 method=java.lang.String.equals(Ljava/lang/Object;)Z @ 8
Event: 0.308 Thread 0x00000000009ae800 Uncommon trap: reason=class_check action=maybe_recompile pc=0x0000000002e7e358 method=java.lang.String.equals(Ljava/lang/Object;)Z @ 8
Event: 0.412 Thread 0x00000000009ae800 Uncommon trap: reason=unstable_if action=reinterpret pc=0x0000000002ec169c method=java.lang.CharacterData.of(I)Ljava/lang/CharacterData; @ 4
Event: 0.420 Thread 0x00000000009ae800 Uncommon trap: reason=unstable_if action=reinterpret pc=0x0000000002f6b628 method=java.lang.Character.isSurrogate(C)Z @ 3
Event: 1.463 Thread 0x00000000009ae800 Uncommon trap: reason=unstable_if action=reinterpret pc=0x0000000002f7e6d4 method=java.nio.channels.spi.AbstractInterruptibleChannel.end(Z)V @ 31
Event: 1.463 Thread 0x00000000009ae800 Uncommon trap: reason=unstable_if action=reinterpret pc=0x0000000002fa1d14 method=java.lang.StringCoding$StringDecoder.decode([BII)[C @ 20

Internal exceptions (10 events):
Event: 0.081 Thread 0x00000000009ae800 Exception <a 'java/security/PrivilegedActionException'> (0x00000007162a03d8) thrown at [C:\re\workspace\8-2-build-windows-amd64-cygwin\jdk8u111\7883\hotspot\src\share\vm\prims\jvm.cpp, line 1386]
Event: 0.085 Thread 0x00000000009ae800 Exception <a 'java/io/FileNotFoundException'> (0x00000007162a3368) thrown at [C:\re\workspace\8-2-build-windows-amd64-cygwin\jdk8u111\7883\hotspot\src\share\vm\prims\jni.cpp, line 709]
Event: 0.106 Thread 0x00000000009ae800 Exception <a 'java/lang/NoSuchFieldError': method resolution failed> (0x0000000716370910) thrown at [C:\re\workspace\8-2-build-windows-amd64-cygwin\jdk8u111\7883\hotspot\src\share\vm\prims\methodHandles.cpp, line 1146]
Event: 0.107 Thread 0x00000000009ae800 Exception <a 'java/lang/NoSuchFieldError': method resolution failed> (0x000000071637dce0) thrown at [C:\re\workspace\8-2-build-windows-amd64-cygwin\jdk8u111\7883\hotspot\src\share\vm\prims\methodHandles.cpp, line 1146]
Event: 0.135 Thread 0x00000000009ae800 Exception <a 'java/io/FileNotFoundException'> (0x0000000716415298) thrown at [C:\re\workspace\8-2-build-windows-amd64-cygwin\jdk8u111\7883\hotspot\src\share\vm\prims\jni.cpp, line 709]
Event: 0.148 Thread 0x00000000009ae800 Implicit null exception at 0x0000000002e59466 to 0x0000000002e5964d
Event: 0.283 Thread 0x00000000009ae800 Exception <a 'java/io/FileNotFoundException'> (0x00000007176b7558) thrown at [C:\re\workspace\8-2-build-windows-amd64-cygwin\jdk8u111\7883\hotspot\src\share\vm\prims\jni.cpp, line 709]
Event: 0.290 Thread 0x00000000009ae800 Exception <a 'java/io/FileNotFoundException'> (0x00000007176fe048) thrown at [C:\re\workspace\8-2-build-windows-amd64-cygwin\jdk8u111\7883\hotspot\src\share\vm\prims\jni.cpp, line 709]
Event: 0.295 Thread 0x00000000009ae800 Exception <a 'java/io/FileNotFoundException'> (0x000000071774a878) thrown at [C:\re\workspace\8-2-build-windows-amd64-cygwin\jdk8u111\7883\hotspot\src\share\vm\prims\jni.cpp, line 709]
Event: 0.301 Thread 0x00000000009ae800 Exception <a 'java/io/FileNotFoundException'> (0x0000000717792168) thrown at [C:\re\workspace\8-2-build-windows-amd64-cygwin\jdk8u111\7883\hotspot\src\share\vm\prims\jni.cpp, line 709]

Events (10 events):
Event: 1.482 loading class sun/util/resources/CurrencyNames
Event: 1.483 loading class sun/util/resources/LocaleNamesBundle
Event: 1.483 loading class sun/util/resources/OpenListResourceBundle
Event: 1.483 loading class sun/util/resources/OpenListResourceBundle done
Event: 1.483 loading class sun/util/resources/LocaleNamesBundle done
Event: 1.483 loading class sun/util/resources/CurrencyNames done
Event: 1.483 loading class sun/util/resources/es/CurrencyNames_es
Event: 1.483 loading class sun/util/resources/es/CurrencyNames_es done
Event: 1.483 loading class sun/util/resources/es/CurrencyNames_es_ES
Event: 1.483 loading class sun/util/resources/es/CurrencyNames_es_ES done


Dynamic libraries:
0x00007ff659c60000 - 0x00007ff659c97000 	C:\Program Files\Java\jdk1.8.0_111\jre\bin\java.exe
0x00007ffe4e030000 - 0x00007ffe4e226000 	C:\WINDOWS\SYSTEM32\ntdll.dll
0x00007ffe4caa0000 - 0x00007ffe4cb5d000 	C:\WINDOWS\System32\KERNEL32.DLL
0x00007ffe4b960000 - 0x00007ffe4bc28000 	C:\WINDOWS\System32\KERNELBASE.dll
0x00007ffe4c6f0000 - 0x00007ffe4c79a000 	C:\WINDOWS\System32\ADVAPI32.dll
0x00007ffe4c0a0000 - 0x00007ffe4c13e000 	C:\WINDOWS\System32\msvcrt.dll
0x00007ffe4deb0000 - 0x00007ffe4df4b000 	C:\WINDOWS\System32\sechost.dll
0x00007ffe4c900000 - 0x00007ffe4ca24000 	C:\WINDOWS\System32\RPCRT4.dll
0x00007ffe4cfe0000 - 0x00007ffe4d180000 	C:\WINDOWS\System32\USER32.dll
0x00007ffe4c040000 - 0x00007ffe4c062000 	C:\WINDOWS\System32\win32u.dll
0x00007ffe4c610000 - 0x00007ffe4c63a000 	C:\WINDOWS\System32\GDI32.dll
0x00007ffe4bc80000 - 0x00007ffe4bd89000 	C:\WINDOWS\System32\gdi32full.dll
0x00007ffe4bef0000 - 0x00007ffe4bf8d000 	C:\WINDOWS\System32\msvcp_win.dll
0x00007ffe4b860000 - 0x00007ffe4b960000 	C:\WINDOWS\System32\ucrtbase.dll
0x00007ffe1a910000 - 0x00007ffe1abab000 	C:\WINDOWS\WinSxS\amd64_microsoft.windows.common-controls_6595b64144ccf1df_6.0.19041.488_none_ca04af081b815d21\COMCTL32.dll
0x00007ffe4c4c0000 - 0x00007ffe4c4f0000 	C:\WINDOWS\System32\IMM32.DLL
0x0000000057ef0000 - 0x0000000057fc2000 	C:\Program Files\Java\jdk1.8.0_111\jre\bin\msvcr100.dll
0x00000000545c0000 - 0x0000000054e5a000 	C:\Program Files\Java\jdk1.8.0_111\jre\bin\server\jvm.dll
0x00007ffe4df50000 - 0x00007ffe4df58000 	C:\WINDOWS\System32\PSAPI.DLL
0x00007ffe45db0000 - 0x00007ffe45dba000 	C:\WINDOWS\SYSTEM32\VERSION.dll
0x00007ffe414f0000 - 0x00007ffe41517000 	C:\WINDOWS\SYSTEM32\WINMM.dll
0x00007ffe475d0000 - 0x00007ffe475d9000 	C:\WINDOWS\SYSTEM32\WSOCK32.dll
0x00007ffe4ca30000 - 0x00007ffe4ca9b000 	C:\WINDOWS\System32\WS2_32.dll
0x0000000058aa0000 - 0x0000000058aaf000 	C:\Program Files\Java\jdk1.8.0_111\jre\bin\verify.dll
0x0000000057ec0000 - 0x0000000057ee9000 	C:\Program Files\Java\jdk1.8.0_111\jre\bin\java.dll
0x0000000057ea0000 - 0x0000000057eb6000 	C:\Program Files\Java\jdk1.8.0_111\jre\bin\zip.dll
0x00007ffe4d230000 - 0x00007ffe4d970000 	C:\WINDOWS\System32\SHELL32.dll
0x00007ffe498b0000 - 0x00007ffe4a044000 	C:\WINDOWS\SYSTEM32\windows.storage.dll
0x00007ffe4c160000 - 0x00007ffe4c4b5000 	C:\WINDOWS\System32\combase.dll
0x00007ffe4b120000 - 0x00007ffe4b14c000 	C:\WINDOWS\SYSTEM32\Wldp.dll
0x00007ffe4d180000 - 0x00007ffe4d22e000 	C:\WINDOWS\System32\SHCORE.dll
0x00007ffe4cc90000 - 0x00007ffe4cce5000 	C:\WINDOWS\System32\shlwapi.dll
0x00007ffe4b6b0000 - 0x00007ffe4b6d6000 	C:\WINDOWS\SYSTEM32\profapi.dll
0x0000000057960000 - 0x0000000057af8000 	C:\Program Files\Java\jdk1.8.0_111\jre\bin\awt.dll
0x00007ffe4d970000 - 0x00007ffe4da3d000 	C:\WINDOWS\System32\OLEAUT32.dll
0x00007ffe49230000 - 0x00007ffe492c0000 	C:\WINDOWS\SYSTEM32\apphelp.dll
0x00007ffe495a0000 - 0x00007ffe495cf000 	C:\WINDOWS\system32\DWMAPI.DLL
0x00007ffe492e0000 - 0x00007ffe4937f000 	C:\WINDOWS\system32\uxtheme.dll
0x00007ffe4c4f0000 - 0x00007ffe4c605000 	C:\WINDOWS\System32\MSCTF.dll
0x00007ffe4cb60000 - 0x00007ffe4cc8a000 	C:\WINDOWS\System32\ole32.dll
0x00007ffe496b0000 - 0x00007ffe496c2000 	C:\WINDOWS\SYSTEM32\kernel.appcore.dll
0x00007ffe4b780000 - 0x00007ffe4b7ff000 	C:\WINDOWS\System32\bcryptPrimitives.dll
0x0000000057e10000 - 0x0000000057e57000 	C:\Program Files\Java\jdk1.8.0_111\jre\bin\fontmanager.dll
0x0000000057e80000 - 0x0000000057e9a000 	C:\Program Files\Java\jdk1.8.0_111\jre\bin\net.dll
0x00007ffe4aea0000 - 0x00007ffe4af0a000 	C:\WINDOWS\system32\mswsock.dll
0x0000000057e60000 - 0x0000000057e71000 	C:\Program Files\Java\jdk1.8.0_111\jre\bin\nio.dll
0x00007ffe43c00000 - 0x00007ffe43cfc000 	C:\WINDOWS\SYSTEM32\textinputframework.dll
0x00007ffe47e70000 - 0x00007ffe47f62000 	C:\WINDOWS\System32\CoreMessaging.dll
0x00007ffe48870000 - 0x00007ffe48bce000 	C:\WINDOWS\System32\CoreUIComponents.dll
0x00007ffe4a470000 - 0x00007ffe4a4a3000 	C:\WINDOWS\SYSTEM32\ntmarta.dll
0x00007ffe47640000 - 0x00007ffe47796000 	C:\WINDOWS\SYSTEM32\wintypes.dll
0x0000000057dc0000 - 0x0000000057e02000 	C:\Program Files\Java\jdk1.8.0_111\jre\bin\t2k.dll
0x00007ffe33b10000 - 0x00007ffe33cf4000 	C:\WINDOWS\SYSTEM32\dbghelp.dll

VM Arguments:
jvm_args: -Dfile.encoding=UTF-8 
java_command: game.Main
java_class_path (initial): C:\Users\said-\Documents\NetBeansProjects\Game\Game\assets\jars\gson-2.8.6.jar;C:\Users\said-\Documents\NetBeansProjects\Game\Game\assets\jars\joml-1.9.25.jar;C:\Users\said-\Documents\NetBeansProjects\Game\Game\build\classes
Launcher Type: SUN_STANDARD

Environment Variables:
USERNAME=said-
OS=Windows_NT
PROCESSOR_IDENTIFIER=Intel64 Family 6 Model 158 Stepping 10, GenuineIntel



---------------  S Y S T E M  ---------------

OS: Windows 10.0 , 64 bit Build 19041 (10.0.19041.546)

CPU:total 12 (6 cores per cpu, 2 threads per core) family 6 model 158 stepping 10, cmov, cx8, fxsr, mmx, sse, sse2, sse3, ssse3, sse4.1, sse4.2, popcnt, avx, avx2, aes, clmul, erms, 3dnowpref, lzcnt, ht, tsc, tscinvbit, bmi1, bmi2, adx

Memory: 4k page, physical 33392948k(21739844k free), swap 38373684k(23298868k free)

vm_info: Java HotSpot(TM) 64-Bit Server VM (25.111-b14) for windows-amd64 JRE (1.8.0_111-b14), built on Sep 22 2016 19:24:05 by "java_re" with MS VC++ 10.0 (VS2010)

time: Tue Oct 27 11:48:38 2020
elapsed time: 1 seconds (0d 0h 0m 1s)

