#
# A fatal error has been detected by the Java Runtime Environment:
#
#  EXCEPTION_ACCESS_VIOLATION (0xc0000005) at pc=0x0000000055003c70, pid=16720, tid=0x00000000000046c8
#
# JRE version: Java(TM) SE Runtime Environment (8.0_111-b14) (build 1.8.0_111-b14)
# Java VM: Java HotSpot(TM) 64-Bit Server VM (25.111-b14 mixed mode windows-amd64 compressed oops)
# Problematic frame:
# V  [jvm.dll+0x33c70]
#
# Failed to write core dump. Minidumps are not enabled by default on client versions of Windows
#
# If you would like to submit a bug report, please visit:
#   http://bugreport.java.com/bugreport/crash.jsp
#

---------------  T H R E A D  ---------------

Current thread (0x0000000026fd6800):  JavaThread "C2 CompilerThread1" daemon [_thread_in_vm, id=18120, stack(0x0000000028740000,0x0000000028840000)]

siginfo: ExceptionCode=0xc0000005, reading address 0x0000000000000010

Registers:
RAX=0x0000000000000000, RBX=0x0000000000000000, RCX=0x0000000000000680, RDX=0x000000000000000f
RSP=0x000000002883ca30, RBP=0x000000000266a2e0, RSI=0x0000000000000000, RDI=0x0000000026fd6800
R8 =0x00000000557c1778, R9 =0x000000000266a2e0, R10=0x0000000029259d90, R11=0x0000000000000000
R12=0x0000000000000011, R13=0x0000000000000001, R14=0x0000000000000000, R15=0x000000002b6176f8
RIP=0x0000000055003c70, EFLAGS=0x0000000000010246

Top of Stack: (sp=0x000000002883ca30)
0x000000002883ca30:   000000002938a4d0 0000000000000000
0x000000002883ca40:   0000000028ebf4b0 0000000000000005
0x000000002883ca50:   000000002938a4d0 000000005550045c
0x000000002883ca60:   000000000266a2e0 000000000266a2e0
0x000000002883ca70:   0000000000000000 00000000550002ae
0x000000002883ca80:   000000002b9ee730 0000000000000000
0x000000002883ca90:   0000000000000000 00000000555009a4
0x000000002883caa0:   0000000000000001 0000000000000005
0x000000002883cab0:   000000002938a4d0 000000000266a2e0
0x000000002883cac0:   0000000000000001 0000000000000000
0x000000002883cad0:   0000000000000078 0000000000000000
0x000000002883cae0:   0000000000000000 000000007fffffff
0x000000002883caf0:   0000000000000585 0000000000000000
0x000000002883cb00:   0000000000000001 0000000055500fb2
0x000000002883cb10:   0000000000000000 0000000029259d90
0x000000002883cb20:   0000000000000078 0000000000000020 

Instructions: (pc=0x0000000055003c70)
0x0000000055003c50:   85 c0 75 0a 8b 47 30 a9 00 00 00 30 74 08 48 8b
0x0000000055003c60:   cf e8 5a e9 20 00 c7 87 70 02 00 00 06 00 00 00
0x0000000055003c70:   48 8b 43 10 8b 0d ae cb 77 00 48 8b 18 ff 15 6d
0x0000000055003c80:   77 5a 00 48 8b cb 48 8b b0 d0 03 00 00 e8 ce 45 


Register to memory mapping:

RAX=0x0000000000000000 is an unknown value
RBX=0x0000000000000000 is an unknown value
RCX=0x0000000000000680 is an unknown value
RDX=0x000000000000000f is an unknown value
RSP=0x000000002883ca30 is pointing into the stack for thread: 0x0000000026fd6800
RBP=0x000000000266a2e0 is an unknown value
RSI=0x0000000000000000 is an unknown value
RDI=0x0000000026fd6800 is a thread
R8 =0x00000000557c1778 is an unknown value
R9 =0x000000000266a2e0 is an unknown value
R10=0x0000000029259d90 is an unknown value
R11=0x0000000000000000 is an unknown value
R12=0x0000000000000011 is an unknown value
R13=0x0000000000000001 is an unknown value
R14=0x0000000000000000 is an unknown value
R15=0x000000002b6176f8 is an unknown value


Stack: [0x0000000028740000,0x0000000028840000],  sp=0x000000002883ca30,  free space=1010k
Native frames: (J=compiled Java code, j=interpreted, Vv=VM code, C=native code)
V  [jvm.dll+0x33c70]
V  [jvm.dll+0x53045c]
V  [jvm.dll+0x5309a4]
V  [jvm.dll+0x530fb2]
V  [jvm.dll+0x44fd23]
V  [jvm.dll+0x50e20b]
V  [jvm.dll+0x48e68a]
V  [jvm.dll+0x4b370c]
V  [jvm.dll+0x4b9881]
V  [jvm.dll+0x4b9e50]
V  [jvm.dll+0x47efc6]
V  [jvm.dll+0x508387]
V  [jvm.dll+0x500ee7]
V  [jvm.dll+0x501269]
V  [jvm.dll+0x5017ff]
V  [jvm.dll+0x459900]
V  [jvm.dll+0x47efc6]
V  [jvm.dll+0x508387]
V  [jvm.dll+0x500ee7]
V  [jvm.dll+0x501269]
V  [jvm.dll+0x5017ff]
V  [jvm.dll+0x459900]
V  [jvm.dll+0x47efc6]
V  [jvm.dll+0x508387]
V  [jvm.dll+0x500ee7]
V  [jvm.dll+0x501269]
V  [jvm.dll+0x5017ff]
V  [jvm.dll+0x459900]
V  [jvm.dll+0x47efc6]
V  [jvm.dll+0x508387]
V  [jvm.dll+0x500ee7]
V  [jvm.dll+0x501269]
V  [jvm.dll+0x5017ff]
V  [jvm.dll+0x459900]
V  [jvm.dll+0x475d85]
V  [jvm.dll+0x4589b2]
V  [jvm.dll+0xa5742]
V  [jvm.dll+0xa607f]
V  [jvm.dll+0x244b7f]
V  [jvm.dll+0x29c43a]
C  [msvcr100.dll+0x21d9f]
C  [msvcr100.dll+0x21e3b]
C  [KERNEL32.DLL+0x17034]
C  [ntdll.dll+0x4cec1]


Current CompileTask:
C2:   1328  793 % !   4       game.Build.Map.Map::GenerateMountains @ 46 (557 bytes)


---------------  P R O C E S S  ---------------

Java Threads: ( => current thread )
  0x0000000028e7f000 JavaThread "AWT-EventQueue-0" [_thread_blocked, id=17260, stack(0x0000000029aa0000,0x0000000029ba0000)]
  0x0000000028e2c800 JavaThread "AWT-Windows" daemon [_thread_in_native, id=14536, stack(0x00000000298a0000,0x00000000299a0000)]
  0x0000000028e2c000 JavaThread "AWT-Shutdown" [_thread_blocked, id=13872, stack(0x00000000297a0000,0x00000000298a0000)]
  0x000000002735e000 JavaThread "Java2D Disposer" daemon [_thread_blocked, id=25300, stack(0x00000000296a0000,0x00000000297a0000)]
  0x0000000027063000 JavaThread "Service Thread" daemon [_thread_blocked, id=5564, stack(0x0000000028a40000,0x0000000028b40000)]
  0x0000000026fdc800 JavaThread "C1 CompilerThread3" daemon [_thread_blocked, id=16740, stack(0x0000000028940000,0x0000000028a40000)]
  0x0000000026fdb800 JavaThread "C2 CompilerThread2" daemon [_thread_in_native, id=13992, stack(0x0000000028840000,0x0000000028940000)]
=>0x0000000026fd6800 JavaThread "C2 CompilerThread1" daemon [_thread_in_vm, id=18120, stack(0x0000000028740000,0x0000000028840000)]
  0x0000000026fcf800 JavaThread "C2 CompilerThread0" daemon [_thread_in_native, id=16452, stack(0x0000000028640000,0x0000000028740000)]
  0x0000000026fcd000 JavaThread "Attach Listener" daemon [_thread_blocked, id=19220, stack(0x0000000028540000,0x0000000028640000)]
  0x0000000026fca000 JavaThread "Signal Dispatcher" daemon [_thread_blocked, id=23396, stack(0x0000000028440000,0x0000000028540000)]
  0x0000000026fc3000 JavaThread "Finalizer" daemon [_thread_blocked, id=23872, stack(0x0000000028220000,0x0000000028320000)]
  0x000000000275a000 JavaThread "Reference Handler" daemon [_thread_blocked, id=8980, stack(0x0000000028120000,0x0000000028220000)]
  0x000000000265e800 JavaThread "main" [_thread_in_vm, id=16080, stack(0x0000000002500000,0x0000000002600000)]

Other Threads:
  0x0000000026fa2800 VMThread [stack: 0x0000000028020000,0x0000000028120000] [id=21452]
  0x0000000027091000 WatcherThread [stack: 0x0000000028cb0000,0x0000000028db0000] [id=22624]

VM state:not at safepoint (normal execution)

VM Mutex/Monitor currently owned by a thread: None

Heap:
 PSYoungGen      total 152576K, used 68128K [0x0000000716200000, 0x0000000720c00000, 0x00000007c0000000)
  eden space 131072K, 51% used [0x0000000716200000,0x000000071a488090,0x000000071e200000)
  from space 21504K, 0% used [0x000000071f700000,0x000000071f700000,0x0000000720c00000)
  to   space 21504K, 0% used [0x000000071e200000,0x000000071e200000,0x000000071f700000)
 ParOldGen       total 348160K, used 0K [0x00000005c2600000, 0x00000005d7a00000, 0x0000000716200000)
  object space 348160K, 0% used [0x00000005c2600000,0x00000005c2600000,0x00000005d7a00000)
 Metaspace       used 9697K, capacity 9878K, committed 10240K, reserved 1058816K
  class space    used 1086K, capacity 1159K, committed 1280K, reserved 1048576K

Card table byte_map: [0x0000000011b20000,0x0000000012b10000] byte_map_base: 0x000000000ed0d000

Marking Bits: (ParMarkBitMap*) 0x00000000557ea6c0
 Begin Bits: [0x0000000013fb0000, 0x000000001bf18000)
 End Bits:   [0x000000001bf18000, 0x0000000023e80000)

Polling page: 0x0000000000b80000

CodeCache: size=245760Kb used=3134Kb max_used=3134Kb free=242625Kb
 bounds [0x0000000002760000, 0x0000000002a80000, 0x0000000011760000]
 total_blobs=1327 nmethods=866 adapters=372
 compilation: enabled

Compilation events (10 events):
Event: 1.283 Thread 0x0000000026fdc800 nmethod 784 0x0000000002a3e610 code [0x0000000002a3e780, 0x0000000002a3e9d0]
Event: 1.283 Thread 0x0000000026fdc800  789       3       game.Build.Map.Map::getRandomMountainPosition (73 bytes)
Event: 1.283 Thread 0x0000000026fdc800 nmethod 789 0x0000000002a40ad0 code [0x0000000002a40d40, 0x0000000002a41ab8]
Event: 1.284 Thread 0x0000000026fcf800  790       4       org.joml.Random$Xorshiro128::nextSplitMix64 (43 bytes)
Event: 1.284 Thread 0x0000000026fcf800 nmethod 790 0x0000000002a34cd0 code [0x0000000002a34e00, 0x0000000002a34eb8]
Event: 1.291 Thread 0x0000000026fdc800  791 % !   3       game.Build.Map.Map::GenerateMountains @ 46 (557 bytes)
Event: 1.292 Thread 0x0000000026fdc800 nmethod 791% 0x0000000002a45110 code [0x0000000002a45540, 0x0000000002a48288]
Event: 1.293 Thread 0x0000000026fdc800  792   !   3       game.Build.Map.Map::GenerateMountains (557 bytes)
Event: 1.294 Thread 0x0000000026fdc800 nmethod 792 0x0000000002a49a50 code [0x0000000002a49f00, 0x0000000002a4d0d8]
Event: 1.295 Thread 0x0000000026fd6800  793 % !   4       game.Build.Map.Map::GenerateMountains @ 46 (557 bytes)

GC Heap History (0 events):
No events

Deoptimization events (10 events):
Event: 0.304 Thread 0x000000000265e800 Uncommon trap: reason=class_check action=maybe_recompile pc=0x00000000028ee818 method=java.lang.String.equals(Ljava/lang/Object;)Z @ 8
Event: 0.304 Thread 0x000000000265e800 Uncommon trap: reason=class_check action=maybe_recompile pc=0x00000000028ee818 method=java.lang.String.equals(Ljava/lang/Object;)Z @ 8
Event: 0.304 Thread 0x000000000265e800 Uncommon trap: reason=class_check action=maybe_recompile pc=0x00000000028ee818 method=java.lang.String.equals(Ljava/lang/Object;)Z @ 8
Event: 0.407 Thread 0x000000000265e800 Uncommon trap: reason=unstable_if action=reinterpret pc=0x000000000293619c method=java.lang.CharacterData.of(I)Ljava/lang/CharacterData; @ 4
Event: 0.414 Thread 0x000000000265e800 Uncommon trap: reason=unstable_if action=reinterpret pc=0x00000000029d6168 method=java.lang.Character.isSurrogate(C)Z @ 3
Event: 1.259 Thread 0x000000000265e800 Uncommon trap: reason=unstable_if action=reinterpret pc=0x00000000029e1954 method=java.nio.channels.spi.AbstractInterruptibleChannel.end(Z)V @ 31
Event: 1.273 Thread 0x000000000265e800 Uncommon trap: reason=class_check action=maybe_recompile pc=0x0000000002a114bc method=java.nio.charset.CharsetDecoder.decode(Ljava/nio/ByteBuffer;Ljava/nio/CharBuffer;Z)Ljava/nio/charset/CoderResult; @ 57
Event: 1.273 Thread 0x000000000265e800 Uncommon trap: reason=class_check action=maybe_recompile pc=0x0000000002a114bc method=java.nio.charset.CharsetDecoder.decode(Ljava/nio/ByteBuffer;Ljava/nio/CharBuffer;Z)Ljava/nio/charset/CoderResult; @ 57
Event: 1.276 Thread 0x000000000265e800 Uncommon trap: reason=class_check action=maybe_recompile pc=0x0000000002a114bc method=java.nio.charset.CharsetDecoder.decode(Ljava/nio/ByteBuffer;Ljava/nio/CharBuffer;Z)Ljava/nio/charset/CoderResult; @ 57
Event: 1.276 Thread 0x000000000265e800 Uncommon trap: reason=class_check action=maybe_recompile pc=0x0000000002a114bc method=java.nio.charset.CharsetDecoder.decode(Ljava/nio/ByteBuffer;Ljava/nio/CharBuffer;Z)Ljava/nio/charset/CoderResult; @ 57

Internal exceptions (10 events):
Event: 0.075 Thread 0x000000000265e800 Exception <a 'java/security/PrivilegedActionException'> (0x000000071629fe20) thrown at [C:\re\workspace\8-2-build-windows-amd64-cygwin\jdk8u111\7883\hotspot\src\share\vm\prims\jvm.cpp, line 1386]
Event: 0.078 Thread 0x000000000265e800 Exception <a 'java/io/FileNotFoundException'> (0x00000007162a2db0) thrown at [C:\re\workspace\8-2-build-windows-amd64-cygwin\jdk8u111\7883\hotspot\src\share\vm\prims\jni.cpp, line 709]
Event: 0.100 Thread 0x000000000265e800 Exception <a 'java/lang/NoSuchFieldError': method resolution failed> (0x0000000716370358) thrown at [C:\re\workspace\8-2-build-windows-amd64-cygwin\jdk8u111\7883\hotspot\src\share\vm\prims\methodHandles.cpp, line 1146]
Event: 0.101 Thread 0x000000000265e800 Exception <a 'java/lang/NoSuchFieldError': method resolution failed> (0x000000071637d728) thrown at [C:\re\workspace\8-2-build-windows-amd64-cygwin\jdk8u111\7883\hotspot\src\share\vm\prims\methodHandles.cpp, line 1146]
Event: 0.128 Thread 0x000000000265e800 Exception <a 'java/io/FileNotFoundException'> (0x0000000716414d70) thrown at [C:\re\workspace\8-2-build-windows-amd64-cygwin\jdk8u111\7883\hotspot\src\share\vm\prims\jni.cpp, line 709]
Event: 0.142 Thread 0x000000000265e800 Implicit null exception at 0x00000000028cc0e6 to 0x00000000028cc2cd
Event: 0.279 Thread 0x000000000265e800 Exception <a 'java/io/FileNotFoundException'> (0x00000007176b41e8) thrown at [C:\re\workspace\8-2-build-windows-amd64-cygwin\jdk8u111\7883\hotspot\src\share\vm\prims\jni.cpp, line 709]
Event: 0.286 Thread 0x000000000265e800 Exception <a 'java/io/FileNotFoundException'> (0x00000007176facd8) thrown at [C:\re\workspace\8-2-build-windows-amd64-cygwin\jdk8u111\7883\hotspot\src\share\vm\prims\jni.cpp, line 709]
Event: 0.292 Thread 0x000000000265e800 Exception <a 'java/io/FileNotFoundException'> (0x0000000717747508) thrown at [C:\re\workspace\8-2-build-windows-amd64-cygwin\jdk8u111\7883\hotspot\src\share\vm\prims\jni.cpp, line 709]
Event: 0.297 Thread 0x000000000265e800 Exception <a 'java/io/FileNotFoundException'> (0x000000071778edf8) thrown at [C:\re\workspace\8-2-build-windows-amd64-cygwin\jdk8u111\7883\hotspot\src\share\vm\prims\jni.cpp, line 709]

Events (10 events):
Event: 1.278 loading class sun/util/resources/CurrencyNames
Event: 1.279 loading class sun/util/resources/LocaleNamesBundle
Event: 1.279 loading class sun/util/resources/OpenListResourceBundle
Event: 1.279 loading class sun/util/resources/OpenListResourceBundle done
Event: 1.279 loading class sun/util/resources/LocaleNamesBundle done
Event: 1.279 loading class sun/util/resources/CurrencyNames done
Event: 1.279 loading class sun/util/resources/es/CurrencyNames_es
Event: 1.279 loading class sun/util/resources/es/CurrencyNames_es done
Event: 1.279 loading class sun/util/resources/es/CurrencyNames_es_ES
Event: 1.279 loading class sun/util/resources/es/CurrencyNames_es_ES done


Dynamic libraries:
0x00007ff70a5b0000 - 0x00007ff70a5e7000 	C:\Program Files\Java\jdk1.8.0_111\jre\bin\java.exe
0x00007ffe4e030000 - 0x00007ffe4e226000 	C:\WINDOWS\SYSTEM32\ntdll.dll
0x00007ffe4caa0000 - 0x00007ffe4cb5d000 	C:\WINDOWS\System32\KERNEL32.DLL
0x00007ffe4b960000 - 0x00007ffe4bc28000 	C:\WINDOWS\System32\KERNELBASE.dll
0x00007ffe4c6f0000 - 0x00007ffe4c79a000 	C:\WINDOWS\System32\ADVAPI32.dll
0x00007ffe4c0a0000 - 0x00007ffe4c13e000 	C:\WINDOWS\System32\msvcrt.dll
0x00007ffe4deb0000 - 0x00007ffe4df4b000 	C:\WINDOWS\System32\sechost.dll
0x00007ffe4c900000 - 0x00007ffe4ca24000 	C:\WINDOWS\System32\RPCRT4.dll
0x00007ffe4cfe0000 - 0x00007ffe4d180000 	C:\WINDOWS\System32\USER32.dll
0x00007ffe4c040000 - 0x00007ffe4c062000 	C:\WINDOWS\System32\win32u.dll
0x00007ffe4c610000 - 0x00007ffe4c63a000 	C:\WINDOWS\System32\GDI32.dll
0x00007ffe4bc80000 - 0x00007ffe4bd89000 	C:\WINDOWS\System32\gdi32full.dll
0x00007ffe4bef0000 - 0x00007ffe4bf8d000 	C:\WINDOWS\System32\msvcp_win.dll
0x00007ffe4b860000 - 0x00007ffe4b960000 	C:\WINDOWS\System32\ucrtbase.dll
0x00007ffe1a910000 - 0x00007ffe1abab000 	C:\WINDOWS\WinSxS\amd64_microsoft.windows.common-controls_6595b64144ccf1df_6.0.19041.488_none_ca04af081b815d21\COMCTL32.dll
0x00007ffe4c4c0000 - 0x00007ffe4c4f0000 	C:\WINDOWS\System32\IMM32.DLL
0x0000000054ef0000 - 0x0000000054fc2000 	C:\Program Files\Java\jdk1.8.0_111\jre\bin\msvcr100.dll
0x0000000054fd0000 - 0x000000005586a000 	C:\Program Files\Java\jdk1.8.0_111\jre\bin\server\jvm.dll
0x00007ffe4df50000 - 0x00007ffe4df58000 	C:\WINDOWS\System32\PSAPI.DLL
0x00007ffe414f0000 - 0x00007ffe41517000 	C:\WINDOWS\SYSTEM32\WINMM.dll
0x00007ffe45db0000 - 0x00007ffe45dba000 	C:\WINDOWS\SYSTEM32\VERSION.dll
0x00007ffe49220000 - 0x00007ffe49229000 	C:\WINDOWS\SYSTEM32\WSOCK32.dll
0x00007ffe4ca30000 - 0x00007ffe4ca9b000 	C:\WINDOWS\System32\WS2_32.dll
0x0000000057910000 - 0x000000005791f000 	C:\Program Files\Java\jdk1.8.0_111\jre\bin\verify.dll
0x0000000057450000 - 0x0000000057479000 	C:\Program Files\Java\jdk1.8.0_111\jre\bin\java.dll
0x0000000056b80000 - 0x0000000056b96000 	C:\Program Files\Java\jdk1.8.0_111\jre\bin\zip.dll
0x00007ffe4d230000 - 0x00007ffe4d970000 	C:\WINDOWS\System32\SHELL32.dll
0x00007ffe498b0000 - 0x00007ffe4a044000 	C:\WINDOWS\SYSTEM32\windows.storage.dll
0x00007ffe4c160000 - 0x00007ffe4c4b5000 	C:\WINDOWS\System32\combase.dll
0x00007ffe4b120000 - 0x00007ffe4b14c000 	C:\WINDOWS\SYSTEM32\Wldp.dll
0x00007ffe4d180000 - 0x00007ffe4d22e000 	C:\WINDOWS\System32\SHCORE.dll
0x00007ffe4cc90000 - 0x00007ffe4cce5000 	C:\WINDOWS\System32\shlwapi.dll
0x00007ffe4b6b0000 - 0x00007ffe4b6d6000 	C:\WINDOWS\SYSTEM32\profapi.dll
0x0000000054d30000 - 0x0000000054ec8000 	C:\Program Files\Java\jdk1.8.0_111\jre\bin\awt.dll
0x00007ffe4d970000 - 0x00007ffe4da3d000 	C:\WINDOWS\System32\OLEAUT32.dll
0x00007ffe49230000 - 0x00007ffe492c0000 	C:\WINDOWS\SYSTEM32\apphelp.dll
0x00007ffe495a0000 - 0x00007ffe495cf000 	C:\WINDOWS\system32\DWMAPI.DLL
0x00007ffe492e0000 - 0x00007ffe4937f000 	C:\WINDOWS\system32\uxtheme.dll
0x00007ffe4c4f0000 - 0x00007ffe4c605000 	C:\WINDOWS\System32\MSCTF.dll
0x00007ffe4cb60000 - 0x00007ffe4cc8a000 	C:\WINDOWS\System32\ole32.dll
0x00007ffe496b0000 - 0x00007ffe496c2000 	C:\WINDOWS\SYSTEM32\kernel.appcore.dll
0x00007ffe4b780000 - 0x00007ffe4b7ff000 	C:\WINDOWS\System32\bcryptPrimitives.dll
0x0000000054ce0000 - 0x0000000054d27000 	C:\Program Files\Java\jdk1.8.0_111\jre\bin\fontmanager.dll
0x0000000056b60000 - 0x0000000056b7a000 	C:\Program Files\Java\jdk1.8.0_111\jre\bin\net.dll
0x00007ffe4aea0000 - 0x00007ffe4af0a000 	C:\WINDOWS\system32\mswsock.dll
0x0000000054ed0000 - 0x0000000054ee1000 	C:\Program Files\Java\jdk1.8.0_111\jre\bin\nio.dll
0x00007ffe43c00000 - 0x00007ffe43cfc000 	C:\WINDOWS\SYSTEM32\textinputframework.dll
0x00007ffe48870000 - 0x00007ffe48bce000 	C:\WINDOWS\System32\CoreUIComponents.dll
0x00007ffe47e70000 - 0x00007ffe47f62000 	C:\WINDOWS\System32\CoreMessaging.dll
0x00007ffe4a470000 - 0x00007ffe4a4a3000 	C:\WINDOWS\SYSTEM32\ntmarta.dll
0x00007ffe47640000 - 0x00007ffe47796000 	C:\WINDOWS\SYSTEM32\wintypes.dll
0x0000000054c90000 - 0x0000000054cd2000 	C:\Program Files\Java\jdk1.8.0_111\jre\bin\t2k.dll
0x00007ffe33b10000 - 0x00007ffe33cf4000 	C:\WINDOWS\SYSTEM32\dbghelp.dll

VM Arguments:
jvm_args: -Dfile.encoding=UTF-8 
java_command: game.Main
java_class_path (initial): C:\Users\said-\Documents\NetBeansProjects\Game\Game\assets\jars\gson-2.8.6.jar;C:\Users\said-\Documents\NetBeansProjects\Game\Game\assets\jars\joml-1.9.25.jar;C:\Users\said-\Documents\NetBeansProjects\Game\Game\build\classes
Launcher Type: SUN_STANDARD

Environment Variables:
USERNAME=said-
OS=Windows_NT
PROCESSOR_IDENTIFIER=Intel64 Family 6 Model 158 Stepping 10, GenuineIntel



---------------  S Y S T E M  ---------------

OS: Windows 10.0 , 64 bit Build 19041 (10.0.19041.546)

CPU:total 12 (6 cores per cpu, 2 threads per core) family 6 model 158 stepping 10, cmov, cx8, fxsr, mmx, sse, sse2, sse3, ssse3, sse4.1, sse4.2, popcnt, avx, avx2, aes, clmul, erms, 3dnowpref, lzcnt, ht, tsc, tscinvbit, bmi1, bmi2, adx

Memory: 4k page, physical 33392948k(25216564k free), swap 38373684k(26806984k free)

vm_info: Java HotSpot(TM) 64-Bit Server VM (25.111-b14) for windows-amd64 JRE (1.8.0_111-b14), built on Sep 22 2016 19:24:05 by "java_re" with MS VC++ 10.0 (VS2010)

time: Mon Oct 26 08:47:33 2020
elapsed time: 1 seconds (0d 0h 0m 1s)

