#
# A fatal error has been detected by the Java Runtime Environment:
#
#  EXCEPTION_ACCESS_VIOLATION (0xc0000005) at pc=0x0000000052173c70, pid=16324, tid=0x0000000000005998
#
# JRE version: Java(TM) SE Runtime Environment (8.0_111-b14) (build 1.8.0_111-b14)
# Java VM: Java HotSpot(TM) 64-Bit Server VM (25.111-b14 mixed mode windows-amd64 compressed oops)
# Problematic frame:
# V  [jvm.dll+0x33c70]
#
# Failed to write core dump. Minidumps are not enabled by default on client versions of Windows
#
# If you would like to submit a bug report, please visit:
#   http://bugreport.java.com/bugreport/crash.jsp
#

---------------  T H R E A D  ---------------

Current thread (0x00000000272fd800):  JavaThread "C2 CompilerThread2" daemon [_thread_in_vm, id=22936, stack(0x0000000028b60000,0x0000000028c60000)]

siginfo: ExceptionCode=0xc0000005, reading address 0x0000000000000010

Registers:
RAX=0x0000000000000000, RBX=0x0000000000000000, RCX=0x0000000000000d80, RDX=0x000000000000000f
RSP=0x0000000028c5cec0, RBP=0x00000000273111b0, RSI=0x0000000000000000, RDI=0x00000000272fd800
R8 =0x0000000052931778, R9 =0x00000000273111b0, R10=0x0000000029131730, R11=0x0000000000000000
R12=0x0000000000000011, R13=0x0000000000000001, R14=0x0000000000000000, R15=0x000000002758a810
RIP=0x0000000052173c70, EFLAGS=0x0000000000010246

Top of Stack: (sp=0x0000000028c5cec0)
0x0000000028c5cec0:   0000000029132448 0000000000000000
0x0000000028c5ced0:   0000000029205b80 0000000000000005
0x0000000028c5cee0:   0000000029132448 000000005267045c
0x0000000028c5cef0:   00000000273111b0 00000000273111b0
0x0000000028c5cf00:   0000000000000000 00000000521702ae
0x0000000028c5cf10:   000000002913d3d0 0000000000000000
0x0000000028c5cf20:   0000000000000000 00000000526709a4
0x0000000028c5cf30:   0000000000000001 0000000000000005
0x0000000028c5cf40:   0000000029132448 00000000273111b0
0x0000000028c5cf50:   0000000000000001 0000000000000000
0x0000000028c5cf60:   0000000000000078 0000000000000000
0x0000000028c5cf70:   0000000000000000 000000007fffffff
0x0000000028c5cf80:   0000000000000239 0000000000000000
0x0000000028c5cf90:   0000000000000001 0000000052670fb2
0x0000000028c5cfa0:   0000000000000000 0000000029131730
0x0000000028c5cfb0:   0000000000000078 0000000028c5d060 

Instructions: (pc=0x0000000052173c70)
0x0000000052173c50:   85 c0 75 0a 8b 47 30 a9 00 00 00 30 74 08 48 8b
0x0000000052173c60:   cf e8 5a e9 20 00 c7 87 70 02 00 00 06 00 00 00
0x0000000052173c70:   48 8b 43 10 8b 0d ae cb 77 00 48 8b 18 ff 15 6d
0x0000000052173c80:   77 5a 00 48 8b cb 48 8b b0 d0 03 00 00 e8 ce 45 


Register to memory mapping:

RAX=0x0000000000000000 is an unknown value
RBX=0x0000000000000000 is an unknown value
RCX=0x0000000000000d80 is an unknown value
RDX=0x000000000000000f is an unknown value
RSP=0x0000000028c5cec0 is pointing into the stack for thread: 0x00000000272fd800
RBP=0x00000000273111b0 is an unknown value
RSI=0x0000000000000000 is an unknown value
RDI=0x00000000272fd800 is a thread
R8 =0x0000000052931778 is an unknown value
R9 =0x00000000273111b0 is an unknown value
R10=0x0000000029131730 is an unknown value
R11=0x0000000000000000 is an unknown value
R12=0x0000000000000011 is an unknown value
R13=0x0000000000000001 is an unknown value
R14=0x0000000000000000 is an unknown value
R15=0x000000002758a810 is an unknown value


Stack: [0x0000000028b60000,0x0000000028c60000],  sp=0x0000000028c5cec0,  free space=1011k
Native frames: (J=compiled Java code, j=interpreted, Vv=VM code, C=native code)
V  [jvm.dll+0x33c70]
V  [jvm.dll+0x53045c]
V  [jvm.dll+0x5309a4]
V  [jvm.dll+0x530fb2]
V  [jvm.dll+0x44fd23]
V  [jvm.dll+0x50e20b]
V  [jvm.dll+0x48e68a]
V  [jvm.dll+0x4b370c]
V  [jvm.dll+0x4b9881]
V  [jvm.dll+0x4b9e50]
V  [jvm.dll+0x47efc6]
V  [jvm.dll+0x508387]
V  [jvm.dll+0x500ee7]
V  [jvm.dll+0x501269]
V  [jvm.dll+0x5017ff]
V  [jvm.dll+0x459900]
V  [jvm.dll+0x47efc6]
V  [jvm.dll+0x508387]
V  [jvm.dll+0x500ee7]
V  [jvm.dll+0x501269]
V  [jvm.dll+0x5017ff]
V  [jvm.dll+0x459900]
V  [jvm.dll+0x47efc6]
V  [jvm.dll+0x508387]
V  [jvm.dll+0x500ee7]
V  [jvm.dll+0x501269]
V  [jvm.dll+0x5017ff]
V  [jvm.dll+0x459900]
V  [jvm.dll+0x475d85]
V  [jvm.dll+0x4589b2]
V  [jvm.dll+0xa5742]
V  [jvm.dll+0xa607f]
V  [jvm.dll+0x244b7f]
V  [jvm.dll+0x29c43a]
C  [msvcr100.dll+0x21d9f]
C  [msvcr100.dll+0x21e3b]
C  [KERNEL32.DLL+0x17034]
C  [ntdll.dll+0x4cec1]


Current CompileTask:
C2:   7501 1097       4       game.Build.Map.Units::update (483 bytes)


---------------  P R O C E S S  ---------------

Java Threads: ( => current thread )
  0x00000000291b6000 JavaThread "AWT-EventQueue-0" [_thread_blocked, id=24808, stack(0x0000000029db0000,0x0000000029eb0000)]
  0x00000000291a8800 JavaThread "AWT-Windows" daemon [_thread_in_native, id=2084, stack(0x0000000029bb0000,0x0000000029cb0000)]
  0x00000000291a8000 JavaThread "AWT-Shutdown" [_thread_blocked, id=16172, stack(0x0000000029ab0000,0x0000000029bb0000)]
  0x00000000291a7000 JavaThread "Java2D Disposer" daemon [_thread_blocked, id=19916, stack(0x00000000298d0000,0x00000000299d0000)]
  0x000000002738d800 JavaThread "Service Thread" daemon [_thread_blocked, id=9032, stack(0x0000000028d60000,0x0000000028e60000)]
  0x00000000272fe000 JavaThread "C1 CompilerThread3" daemon [_thread_blocked, id=2684, stack(0x0000000028c60000,0x0000000028d60000)]
=>0x00000000272fd800 JavaThread "C2 CompilerThread2" daemon [_thread_in_vm, id=22936, stack(0x0000000028b60000,0x0000000028c60000)]
  0x00000000272f8800 JavaThread "C2 CompilerThread1" daemon [_thread_blocked, id=2692, stack(0x0000000028a60000,0x0000000028b60000)]
  0x00000000272f3000 JavaThread "C2 CompilerThread0" daemon [_thread_blocked, id=21908, stack(0x0000000028960000,0x0000000028a60000)]
  0x00000000272f1000 JavaThread "Attach Listener" daemon [_thread_blocked, id=16288, stack(0x0000000028860000,0x0000000028960000)]
  0x00000000272ee000 JavaThread "Signal Dispatcher" daemon [_thread_blocked, id=13176, stack(0x0000000028760000,0x0000000028860000)]
  0x00000000272e3000 JavaThread "Finalizer" daemon [_thread_blocked, id=17500, stack(0x0000000028540000,0x0000000028640000)]
  0x0000000025c1d000 JavaThread "Reference Handler" daemon [_thread_blocked, id=21612, stack(0x0000000028440000,0x0000000028540000)]
  0x000000000280e800 JavaThread "main" [_thread_in_vm, id=22884, stack(0x0000000002880000,0x0000000002980000)]

Other Threads:
  0x0000000025c15800 VMThread [stack: 0x0000000028340000,0x0000000028440000] [id=21120]
  0x00000000273b2800 WatcherThread [stack: 0x0000000028fd0000,0x00000000290d0000] [id=15376]

VM state:not at safepoint (normal execution)

VM Mutex/Monitor currently owned by a thread: None

Heap:
 PSYoungGen      total 152576K, used 141403K [0x0000000716200000, 0x0000000720c00000, 0x00000007c0000000)
  eden space 131072K, 91% used [0x0000000716200000,0x000000071d717ee0,0x000000071e200000)
  from space 21504K, 99% used [0x000000071e200000,0x000000071f6fee70,0x000000071f700000)
  to   space 21504K, 0% used [0x000000071f700000,0x000000071f700000,0x0000000720c00000)
 ParOldGen       total 348160K, used 14544K [0x00000005c2600000, 0x00000005d7a00000, 0x0000000716200000)
  object space 348160K, 4% used [0x00000005c2600000,0x00000005c3434140,0x00000005d7a00000)
 Metaspace       used 9086K, capacity 9316K, committed 9600K, reserved 1058816K
  class space    used 992K, capacity 1070K, committed 1152K, reserved 1048576K

Card table byte_map: [0x0000000011e40000,0x0000000012e30000] byte_map_base: 0x000000000f02d000

Marking Bits: (ParMarkBitMap*) 0x000000005295a6c0
 Begin Bits: [0x00000000142d0000, 0x000000001c238000)
 End Bits:   [0x000000001c238000, 0x00000000241a0000)

Polling page: 0x0000000000ba0000

CodeCache: size=245760Kb used=3845Kb max_used=3855Kb free=241914Kb
 bounds [0x0000000002a80000, 0x0000000002e50000, 0x0000000011a80000]
 total_blobs=1535 nmethods=1093 adapters=355
 compilation: enabled

Compilation events (10 events):
Event: 6.137 Thread 0x00000000272fe000 nmethod 1093 0x0000000002e3f990 code [0x0000000002e3fb20, 0x0000000002e40070]
Event: 6.137 Thread 0x00000000272fe000 1092       3       java.util.concurrent.locks.AbstractQueuedSynchronizer::transferForSignal (45 bytes)
Event: 6.137 Thread 0x00000000272fe000 nmethod 1092 0x0000000002e40290 code [0x0000000002e40420, 0x0000000002e408f8]
Event: 6.723 Thread 0x00000000272f8800 1094       4       sun.font.CompositeGlyphMapper::charsToGlyphsNS (158 bytes)
Event: 6.727 Thread 0x00000000272f8800 nmethod 1094 0x0000000002e43a90 code [0x0000000002e43be0, 0x0000000002e43fb8]
Event: 6.960 Thread 0x00000000272fe000 1095   !   3       java.util.concurrent.locks.AbstractQueuedSynchronizer::acquireQueued (93 bytes)
Event: 6.961 Thread 0x00000000272fe000 nmethod 1095 0x0000000002e42690 code [0x0000000002e428c0, 0x0000000002e433f8]
Event: 7.073 Thread 0x00000000272f3000 1096       4       sun.font.FileFontStrike::getSlot0GlyphImagePtrs (129 bytes)
Event: 7.078 Thread 0x00000000272f3000 nmethod 1096 0x0000000002e45e50 code [0x0000000002e45fa0, 0x0000000002e46518]
Event: 7.388 Thread 0x00000000272fd800 1097       4       game.Build.Map.Units::update (483 bytes)

GC Heap History (2 events):
Event: 4.027 GC heap before
{Heap before GC invocations=1 (full 0):
 PSYoungGen      total 152576K, used 131072K [0x0000000716200000, 0x0000000720c00000, 0x00000007c0000000)
  eden space 131072K, 100% used [0x0000000716200000,0x000000071e200000,0x000000071e200000)
  from space 21504K, 0% used [0x000000071f700000,0x000000071f700000,0x0000000720c00000)
  to   space 21504K, 0% used [0x000000071e200000,0x000000071e200000,0x000000071f700000)
 ParOldGen       total 348160K, used 0K [0x00000005c2600000, 0x00000005d7a00000, 0x0000000716200000)
  object space 348160K, 0% used [0x00000005c2600000,0x00000005c2600000,0x00000005d7a00000)
 Metaspace       used 8983K, capacity 9252K, committed 9344K, reserved 1056768K
  class space    used 991K, capacity 1070K, committed 1152K, reserved 1048576K
Event: 4.036 GC heap after
Heap after GC invocations=1 (full 0):
 PSYoungGen      total 152576K, used 21499K [0x0000000716200000, 0x0000000720c00000, 0x00000007c0000000)
  eden space 131072K, 0% used [0x0000000716200000,0x0000000716200000,0x000000071e200000)
  from space 21504K, 99% used [0x000000071e200000,0x000000071f6fee70,0x000000071f700000)
  to   space 21504K, 0% used [0x000000071f700000,0x000000071f700000,0x0000000720c00000)
 ParOldGen       total 348160K, used 14544K [0x00000005c2600000, 0x00000005d7a00000, 0x0000000716200000)
  object space 348160K, 4% used [0x00000005c2600000,0x00000005c3434140,0x00000005d7a00000)
 Metaspace       used 8983K, capacity 9252K, committed 9344K, reserved 1056768K
  class space    used 991K, capacity 1070K, committed 1152K, reserved 1048576K
}

Deoptimization events (10 events):
Event: 1.302 Thread 0x000000000280e800 Uncommon trap: reason=class_check action=maybe_recompile pc=0x0000000002d75a5c method=game.Build.GameObject.update(J)V @ 25
Event: 1.302 Thread 0x000000000280e800 Uncommon trap: reason=class_check action=maybe_recompile pc=0x0000000002d75a5c method=game.Build.GameObject.update(J)V @ 25
Event: 1.302 Thread 0x000000000280e800 Uncommon trap: reason=class_check action=maybe_recompile pc=0x0000000002d75a5c method=game.Build.GameObject.update(J)V @ 25
Event: 1.311 Thread 0x000000000280e800 Uncommon trap: reason=class_check action=maybe_recompile pc=0x0000000002d1069c method=game.Build.Window.loop()V @ 31
Event: 1.321 Thread 0x000000000280e800 Uncommon trap: reason=class_check action=maybe_recompile pc=0x0000000002d1069c method=game.Build.Window.loop()V @ 31
Event: 1.322 Thread 0x000000000280e800 Uncommon trap: reason=unstable_if action=reinterpret pc=0x0000000002d92770 method=game.Scene.Game_Scene.update(J)V @ 58
Event: 1.331 Thread 0x000000000280e800 Uncommon trap: reason=class_check action=maybe_recompile pc=0x0000000002d1069c method=game.Build.Window.loop()V @ 31
Event: 2.358 Thread 0x000000000280e800 Uncommon trap: reason=unstable_if action=reinterpret pc=0x0000000002d9e258 method=game.Renderer.RenderBatch.render(Ljava/awt/Graphics;)V @ 234
Event: 4.037 Thread 0x000000000280e800 Uncommon trap: reason=unstable_if action=reinterpret pc=0x0000000002d83744 method=java.lang.ref.SoftReference.get()Ljava/lang/Object; @ 17
Event: 4.698 Thread 0x000000000280e800 Uncommon trap: reason=unloaded action=reinterpret pc=0x0000000002e0c05c method=game.Build.Map.Units.update(JI)V @ 54

Internal exceptions (10 events):
Event: 0.072 Thread 0x000000000280e800 Exception <a 'java/security/PrivilegedActionException'> (0x00000007162a4a28) thrown at [C:\re\workspace\8-2-build-windows-amd64-cygwin\jdk8u111\7883\hotspot\src\share\vm\prims\jvm.cpp, line 1386]
Event: 0.076 Thread 0x000000000280e800 Exception <a 'java/io/FileNotFoundException'> (0x00000007162a79b8) thrown at [C:\re\workspace\8-2-build-windows-amd64-cygwin\jdk8u111\7883\hotspot\src\share\vm\prims\jni.cpp, line 709]
Event: 0.098 Thread 0x000000000280e800 Exception <a 'java/lang/NoSuchFieldError': method resolution failed> (0x0000000716374f60) thrown at [C:\re\workspace\8-2-build-windows-amd64-cygwin\jdk8u111\7883\hotspot\src\share\vm\prims\methodHandles.cpp, line 1146]
Event: 0.099 Thread 0x000000000280e800 Exception <a 'java/lang/NoSuchFieldError': method resolution failed> (0x0000000716382330) thrown at [C:\re\workspace\8-2-build-windows-amd64-cygwin\jdk8u111\7883\hotspot\src\share\vm\prims\methodHandles.cpp, line 1146]
Event: 0.126 Thread 0x000000000280e800 Exception <a 'java/io/FileNotFoundException'> (0x0000000716419978) thrown at [C:\re\workspace\8-2-build-windows-amd64-cygwin\jdk8u111\7883\hotspot\src\share\vm\prims\jni.cpp, line 709]
Event: 0.139 Thread 0x000000000280e800 Implicit null exception at 0x0000000002be8d66 to 0x0000000002be8f4d
Event: 0.239 Thread 0x000000000280e800 Exception <a 'java/io/FileNotFoundException'> (0x0000000716d469b0) thrown at [C:\re\workspace\8-2-build-windows-amd64-cygwin\jdk8u111\7883\hotspot\src\share\vm\prims\jni.cpp, line 709]
Event: 0.246 Thread 0x000000000280e800 Exception <a 'java/io/FileNotFoundException'> (0x0000000716d8d4a0) thrown at [C:\re\workspace\8-2-build-windows-amd64-cygwin\jdk8u111\7883\hotspot\src\share\vm\prims\jni.cpp, line 709]
Event: 0.253 Thread 0x000000000280e800 Exception <a 'java/io/FileNotFoundException'> (0x0000000716dd9cd0) thrown at [C:\re\workspace\8-2-build-windows-amd64-cygwin\jdk8u111\7883\hotspot\src\share\vm\prims\jni.cpp, line 709]
Event: 0.258 Thread 0x000000000280e800 Exception <a 'java/io/FileNotFoundException'> (0x0000000716e215c0) thrown at [C:\re\workspace\8-2-build-windows-amd64-cygwin\jdk8u111\7883\hotspot\src\share\vm\prims\jni.cpp, line 709]

Events (10 events):
Event: 4.037 Thread 0x000000000280e800 Uncommon trap: trap_request=0xffffff65 fr.pc=0x0000000002d83744
Event: 4.037 Thread 0x000000000280e800 DEOPT PACKING pc=0x0000000002d83744 sp=0x000000000297ea90
Event: 4.037 Thread 0x000000000280e800 DEOPT UNPACKING pc=0x0000000002ac582a sp=0x000000000297ea28 mode 2
Event: 4.116 Executing VM operation: EnableBiasedLocking
Event: 4.116 Executing VM operation: EnableBiasedLocking done
Event: 4.698 Thread 0x000000000280e800 Uncommon trap: trap_request=0x0000004d fr.pc=0x0000000002e0c05c
Event: 4.698 Thread 0x000000000280e800 DEOPT PACKING pc=0x0000000002e0c05c sp=0x000000000297ef50
Event: 4.698 Thread 0x000000000280e800 DEOPT UNPACKING pc=0x0000000002ac582a sp=0x000000000297ee88 mode 2
Event: 4.698 loading class org/joml/Math
Event: 4.698 loading class org/joml/Math done


Dynamic libraries:
0x00007ff725da0000 - 0x00007ff725dd7000 	C:\Program Files\Java\jdk1.8.0_111\jre\bin\java.exe
0x00007fffc3930000 - 0x00007fffc3b26000 	C:\WINDOWS\SYSTEM32\ntdll.dll
0x00007fffc2f90000 - 0x00007fffc304d000 	C:\WINDOWS\System32\KERNEL32.DLL
0x00007fffc10b0000 - 0x00007fffc1378000 	C:\WINDOWS\System32\KERNELBASE.dll
0x00007fffc2610000 - 0x00007fffc26ba000 	C:\WINDOWS\System32\ADVAPI32.dll
0x00007fffc3340000 - 0x00007fffc33de000 	C:\WINDOWS\System32\msvcrt.dll
0x00007fffc3050000 - 0x00007fffc30eb000 	C:\WINDOWS\System32\sechost.dll
0x00007fffc2e60000 - 0x00007fffc2f84000 	C:\WINDOWS\System32\RPCRT4.dll
0x00007fffc2260000 - 0x00007fffc2400000 	C:\WINDOWS\System32\USER32.dll
0x00007fffc15b0000 - 0x00007fffc15d2000 	C:\WINDOWS\System32\win32u.dll
0x00007fffc2050000 - 0x00007fffc207a000 	C:\WINDOWS\System32\GDI32.dll
0x00007fffc1890000 - 0x00007fffc1999000 	C:\WINDOWS\System32\gdi32full.dll
0x00007fffc1460000 - 0x00007fffc14fd000 	C:\WINDOWS\System32\msvcp_win.dll
0x00007fffc15e0000 - 0x00007fffc16e0000 	C:\WINDOWS\System32\ucrtbase.dll
0x00007fff87780000 - 0x00007fff87a1b000 	C:\WINDOWS\WinSxS\amd64_microsoft.windows.common-controls_6595b64144ccf1df_6.0.19041.488_none_ca04af081b815d21\COMCTL32.dll
0x00007fffc3280000 - 0x00007fffc32b0000 	C:\WINDOWS\System32\IMM32.DLL
0x0000000054500000 - 0x00000000545d2000 	C:\Program Files\Java\jdk1.8.0_111\jre\bin\msvcr100.dll
0x0000000052140000 - 0x00000000529da000 	C:\Program Files\Java\jdk1.8.0_111\jre\bin\server\jvm.dll
0x00007fffc31d0000 - 0x00007fffc31d8000 	C:\WINDOWS\System32\PSAPI.DLL
0x00007fffb2c20000 - 0x00007fffb2c47000 	C:\WINDOWS\SYSTEM32\WINMM.dll
0x00007fffbbc50000 - 0x00007fffbbc5a000 	C:\WINDOWS\SYSTEM32\VERSION.dll
0x00007fffbb4f0000 - 0x00007fffbb4f9000 	C:\WINDOWS\SYSTEM32\WSOCK32.dll
0x00007fffc3200000 - 0x00007fffc326b000 	C:\WINDOWS\System32\WS2_32.dll
0x0000000055e50000 - 0x0000000055e5f000 	C:\Program Files\Java\jdk1.8.0_111\jre\bin\verify.dll
0x0000000054490000 - 0x00000000544b9000 	C:\Program Files\Java\jdk1.8.0_111\jre\bin\java.dll
0x0000000053940000 - 0x0000000053956000 	C:\Program Files\Java\jdk1.8.0_111\jre\bin\zip.dll
0x00007fffc2720000 - 0x00007fffc2e60000 	C:\WINDOWS\System32\SHELL32.dll
0x00007fffbf1b0000 - 0x00007fffbf944000 	C:\WINDOWS\SYSTEM32\windows.storage.dll
0x00007fffc3460000 - 0x00007fffc37b5000 	C:\WINDOWS\System32\combase.dll
0x00007fffc0af0000 - 0x00007fffc0b1c000 	C:\WINDOWS\SYSTEM32\Wldp.dll
0x00007fffc2150000 - 0x00007fffc21fe000 	C:\WINDOWS\System32\SHCORE.dll
0x00007fffc2400000 - 0x00007fffc2455000 	C:\WINDOWS\System32\shlwapi.dll
0x00007fffc0fb0000 - 0x00007fffc0fd6000 	C:\WINDOWS\SYSTEM32\profapi.dll
0x0000000053760000 - 0x00000000538f8000 	C:\Program Files\Java\jdk1.8.0_111\jre\bin\awt.dll
0x00007fffc2080000 - 0x00007fffc214d000 	C:\WINDOWS\System32\OLEAUT32.dll
0x00007fffbe920000 - 0x00007fffbe9b0000 	C:\WINDOWS\SYSTEM32\apphelp.dll
0x00007fffbeea0000 - 0x00007fffbeecf000 	C:\WINDOWS\system32\DWMAPI.DLL
0x00007fffbeaf0000 - 0x00007fffbeb8f000 	C:\WINDOWS\system32\uxtheme.dll
0x00007fffc19a0000 - 0x00007fffc1ab5000 	C:\WINDOWS\System32\MSCTF.dll
0x00007fffc37c0000 - 0x00007fffc38ea000 	C:\WINDOWS\System32\ole32.dll
0x00007fffbeed0000 - 0x00007fffbeee2000 	C:\WINDOWS\SYSTEM32\kernel.appcore.dll
0x00007fffc13e0000 - 0x00007fffc145f000 	C:\WINDOWS\System32\bcryptPrimitives.dll
0x0000000053710000 - 0x0000000053757000 	C:\Program Files\Java\jdk1.8.0_111\jre\bin\fontmanager.dll
0x00007fff921c0000 - 0x00007fff922bc000 	C:\WINDOWS\SYSTEM32\textinputframework.dll
0x00007fffbdf30000 - 0x00007fffbe28e000 	C:\WINDOWS\System32\CoreUIComponents.dll
0x00007fffbe610000 - 0x00007fffbe702000 	C:\WINDOWS\System32\CoreMessaging.dll
0x00007fffbfda0000 - 0x00007fffbfdd3000 	C:\WINDOWS\SYSTEM32\ntmarta.dll
0x00007fffbcf50000 - 0x00007fffbd0a6000 	C:\WINDOWS\SYSTEM32\wintypes.dll
0x0000000053920000 - 0x000000005393a000 	C:\Program Files\Java\jdk1.8.0_111\jre\bin\net.dll
0x00007fffc0870000 - 0x00007fffc08da000 	C:\WINDOWS\system32\mswsock.dll
0x0000000053900000 - 0x0000000053911000 	C:\Program Files\Java\jdk1.8.0_111\jre\bin\nio.dll
0x00000000536c0000 - 0x0000000053702000 	C:\Program Files\Java\jdk1.8.0_111\jre\bin\t2k.dll
0x00007fffba4d0000 - 0x00007fffba6b4000 	C:\WINDOWS\SYSTEM32\dbghelp.dll

VM Arguments:
jvm_args: -Dfile.encoding=UTF-8 
java_command: game.Main
java_class_path (initial): C:\Users\said-\Documents\NetBeansProjects\Game\Game\assets\jars\gson-2.8.6.jar;C:\Users\said-\Documents\NetBeansProjects\Game\Game\assets\jars\joml-1.9.25.jar;C:\Users\said-\Documents\NetBeansProjects\Game\Game\build\classes
Launcher Type: SUN_STANDARD

Environment Variables:
USERNAME=said-
OS=Windows_NT
PROCESSOR_IDENTIFIER=Intel64 Family 6 Model 158 Stepping 10, GenuineIntel



---------------  S Y S T E M  ---------------

OS: Windows 10.0 , 64 bit Build 19041 (10.0.19041.546)

CPU:total 12 (6 cores per cpu, 2 threads per core) family 6 model 158 stepping 10, cmov, cx8, fxsr, mmx, sse, sse2, sse3, ssse3, sse4.1, sse4.2, popcnt, avx, avx2, aes, clmul, erms, 3dnowpref, lzcnt, ht, tsc, tscinvbit, bmi1, bmi2, adx

Memory: 4k page, physical 33392948k(20610012k free), swap 38373684k(21918700k free)

vm_info: Java HotSpot(TM) 64-Bit Server VM (25.111-b14) for windows-amd64 JRE (1.8.0_111-b14), built on Sep 22 2016 19:24:05 by "java_re" with MS VC++ 10.0 (VS2010)

time: Wed Nov 11 19:22:37 2020
elapsed time: 7 seconds (0d 0h 0m 7s)

